Autotesting Result = 74.5/110, the final cap hasn't been defined yet but will be around 80-90
Test 1-1
SUCCESS DONE
Test 1-2
GamemodesTest > 1-2 Testing zombies spawn every 15 ticks in hard mode FAILED org.opentest4j.AssertionFailedError: expected: <true> but was: <false> at org.junit.jupiter.api.AssertionUtils.fail(AssertionUtils.java:55) at org.junit.jupiter.api.AssertTrue.assertTrue(AssertTrue.java:40) at org.junit.jupiter.api.AssertTrue.assertTrue(AssertTrue.java:35) at org.junit.jupiter.api.Assertions.assertTrue(Assertions.java:179) at dungeonmania.controllerTest.GamemodesTest.testHardZombieSpawning(GamemodesTest.java:48) FAILURE DONE 1 test completed, 1 failed FAILURE: Build failed with an exception. Meeting Minutes - Celery.md README.md assumptions.md build build.gradle design (1).pdf design2ndVersion.pdf gradle gradlew gradlew.bat planning.pdf src What went wrong: Execution failed for task ':test'. > There were failing tests. See the report at: file:///Users/braedonwooding/project-automarking/w15a_celery/build/reports/tests/test/index.html Meeting Minutes - Celery.md README.md assumptions.md build build.gradle design (1).pdf design2ndVersion.pdf gradle gradlew gradlew.bat planning.pdf src Try: Run with --stacktrace option to get the stack trace. Run with --info or --debug option to get more log output. Run with --scan to get full insights. Meeting Minutes - Celery.md README.md assumptions.md build build.gradle design (1).pdf design2ndVersion.pdf gradle gradlew gradlew.bat planning.pdf src Get more help at https://help.gradle.org BUILD FAILED in 4s
Test 1-3
SUCCESS DONE
Test 2-1
SUCCESS DONE
Test 2-2
SUCCESS DONE
Test 2-3
ZombieTest > 1-3 Testing zombies spawn with armour intermittently (at least once every 200 ticks) FAILED org.opentest4j.AssertionFailedError: expected: <true> but was: <false> at org.junit.jupiter.api.AssertionUtils.fail(AssertionUtils.java:55) at org.junit.jupiter.api.AssertTrue.assertTrue(AssertTrue.java:40) at org.junit.jupiter.api.AssertTrue.assertTrue(AssertTrue.java:35) at org.junit.jupiter.api.Assertions.assertTrue(Assertions.java:179) at dungeonmania.controllerTest.ZombieTest.testZombiesHaveArmour(ZombieTest.java:86) FAILURE DONE 1 test completed, 1 failed FAILURE: Build failed with an exception. Meeting Minutes - Celery.md README.md assumptions.md build build.gradle design (1).pdf design2ndVersion.pdf gradle gradlew gradlew.bat planning.pdf src What went wrong: Execution failed for task ':test'. > There were failing tests. See the report at: file:///Users/braedonwooding/project-automarking/w15a_celery/build/reports/tests/test/index.html Meeting Minutes - Celery.md README.md assumptions.md build build.gradle design (1).pdf design2ndVersion.pdf gradle gradlew gradlew.bat planning.pdf src Try: Run with --stacktrace option to get the stack trace. Run with --info or --debug option to get more log output. Run with --scan to get full insights. Meeting Minutes - Celery.md README.md assumptions.md build build.gradle design (1).pdf design2ndVersion.pdf gradle gradlew gradlew.bat planning.pdf src Get more help at https://help.gradle.org BUILD FAILED in 13s
Test 2-4
ZombieTest > ZombieSpawnerTest > Testing zombie spawners spawn zombies every 20 ticks FAILED org.opentest4j.AssertionFailedError: expected: <true> but was: <false> at org.junit.jupiter.api.AssertionUtils.fail(AssertionUtils.java:55) at org.junit.jupiter.api.AssertTrue.assertTrue(AssertTrue.java:40) at org.junit.jupiter.api.AssertTrue.assertTrue(AssertTrue.java:35) at org.junit.jupiter.api.Assertions.assertTrue(Assertions.java:179) at dungeonmania.controllerTest.ZombieTest$ZombieSpawnerTest.testZombieSpawning(ZombieTest.java:109) FAILURE DONE 1 test completed, 1 failed FAILURE: Build failed with an exception. Meeting Minutes - Celery.md README.md assumptions.md build build.gradle design (1).pdf design2ndVersion.pdf gradle gradlew gradlew.bat planning.pdf src What went wrong: Execution failed for task ':test'. > There were failing tests. See the report at: file:///Users/braedonwooding/project-automarking/w15a_celery/build/reports/tests/test/index.html Meeting Minutes - Celery.md README.md assumptions.md build build.gradle design (1).pdf design2ndVersion.pdf gradle gradlew gradlew.bat planning.pdf src Try: Run with --stacktrace option to get the stack trace. Run with --info or --debug option to get more log output. Run with --scan to get full insights. Meeting Minutes - Celery.md README.md assumptions.md build build.gradle design (1).pdf design2ndVersion.pdf gradle gradlew gradlew.bat planning.pdf src Get more help at https://help.gradle.org BUILD FAILED in 4s
Test 2-5
ZombieTest > ZombieSpawnerTest > Testing destroying zombie spawners FAILED java.lang.NullPointerException: Cannot invoke "dungeonmania.response.models.DungeonResponse.getEntities()" because "res" is null at dungeonmania.controllerTest.TestHelpers.getEntitiesStream(TestHelpers.java:29) at dungeonmania.controllerTest.TestHelpers.countType(TestHelpers.java:33) at dungeonmania.controllerTest.ZombieTest$ZombieSpawnerTest.testZombieSpawnerDestruction(ZombieTest.java:142) FAILURE DONE 1 test completed, 1 failed FAILURE: Build failed with an exception. Meeting Minutes - Celery.md README.md assumptions.md build build.gradle design (1).pdf design2ndVersion.pdf gradle gradlew gradlew.bat planning.pdf src What went wrong: Execution failed for task ':test'. > There were failing tests. See the report at: file:///Users/braedonwooding/project-automarking/w15a_celery/build/reports/tests/test/index.html Meeting Minutes - Celery.md README.md assumptions.md build build.gradle design (1).pdf design2ndVersion.pdf gradle gradlew gradlew.bat planning.pdf src Try: Run with --stacktrace option to get the stack trace. Run with --info or --debug option to get more log output. Run with --scan to get full insights. Meeting Minutes - Celery.md README.md assumptions.md build build.gradle design (1).pdf design2ndVersion.pdf gradle gradlew gradlew.bat planning.pdf src Get more help at https://help.gradle.org BUILD FAILED in 4s
Test 3-1
SUCCESS DONE
Test 3-2
SUCCESS DONE
Test 3-3
MercenaryTest > Testing bribing a mercenary ensures there is no battle FAILED org.opentest4j.AssertionFailedError: expected: <true> but was: <false> at org.junit.jupiter.api.AssertionUtils.fail(AssertionUtils.java:55) at org.junit.jupiter.api.AssertTrue.assertTrue(AssertTrue.java:40) at org.junit.jupiter.api.AssertTrue.assertTrue(AssertTrue.java:35) at org.junit.jupiter.api.Assertions.assertTrue(Assertions.java:179) at dungeonmania.controllerTest.MercenaryTest.testMercenaryBribing(MercenaryTest.java:88) FAILURE DONE 1 test completed, 1 failed FAILURE: Build failed with an exception. Meeting Minutes - Celery.md README.md assumptions.md build build.gradle design (1).pdf design2ndVersion.pdf gradle gradlew gradlew.bat planning.pdf src What went wrong: Execution failed for task ':test'. > There were failing tests. See the report at: file:///Users/braedonwooding/project-automarking/w15a_celery/build/reports/tests/test/index.html Meeting Minutes - Celery.md README.md assumptions.md build build.gradle design (1).pdf design2ndVersion.pdf gradle gradlew gradlew.bat planning.pdf src Try: Run with --stacktrace option to get the stack trace. Run with --info or --debug option to get more log output. Run with --scan to get full insights. Meeting Minutes - Celery.md README.md assumptions.md build build.gradle design (1).pdf design2ndVersion.pdf gradle gradlew gradlew.bat planning.pdf src Get more help at https://help.gradle.org BUILD FAILED in 5s
Test 3-4
SUCCESS DONE
Test 4-1
SUCCESS DONE
Test 4-2
SUCCESS DONE
Test 4-3
SUCCESS DONE
Test 4-4
SUCCESS DONE
Test 5-1
PortalsTest > 5-1 Test portals work both ways FAILED org.opentest4j.AssertionFailedError: expected: <true> but was: <false> at org.junit.jupiter.api.AssertionUtils.fail(AssertionUtils.java:55) at org.junit.jupiter.api.AssertTrue.assertTrue(AssertTrue.java:40) at org.junit.jupiter.api.AssertTrue.assertTrue(AssertTrue.java:35) at org.junit.jupiter.api.Assertions.assertTrue(Assertions.java:179) at dungeonmania.controllerTest.PortalsTest.testTeleportationBothWays(PortalsTest.java:53) FAILURE DONE 1 test completed, 1 failed FAILURE: Build failed with an exception. Meeting Minutes - Celery.md README.md assumptions.md build build.gradle design (1).pdf design2ndVersion.pdf gradle gradlew gradlew.bat planning.pdf src What went wrong: Execution failed for task ':test'. > There were failing tests. See the report at: file:///Users/braedonwooding/project-automarking/w15a_celery/build/reports/tests/test/index.html Meeting Minutes - Celery.md README.md assumptions.md build build.gradle design (1).pdf design2ndVersion.pdf gradle gradlew gradlew.bat planning.pdf src Try: Run with --stacktrace option to get the stack trace. Run with --info or --debug option to get more log output. Run with --scan to get full insights. Meeting Minutes - Celery.md README.md assumptions.md build build.gradle design (1).pdf design2ndVersion.pdf gradle gradlew gradlew.bat planning.pdf src Get more help at https://help.gradle.org BUILD FAILED in 5s
Test 5-2
SUCCESS DONE
Test 6-1
SUCCESS DONE
Test 6-2
SUCCESS DONE
Test 6-3
SUCCESS DONE
Test 6-4
SpiderTest > 6-4 Test spiders can move through closed doors FAILED org.opentest4j.AssertionFailedError: expected: <Position [x=3, y=4, z=0]> but was: <Position [x=4, y=4, z=0]> at org.junit.jupiter.api.AssertionUtils.fail(AssertionUtils.java:55) at org.junit.jupiter.api.AssertionUtils.failNotEqual(AssertionUtils.java:62) at org.junit.jupiter.api.AssertEquals.assertEquals(AssertEquals.java:182) at org.junit.jupiter.api.AssertEquals.assertEquals(AssertEquals.java:177) at org.junit.jupiter.api.Assertions.assertEquals(Assertions.java:1141) at dungeonmania.controllerTest.SpiderTest.testSpiderCanMoveThroughClosedDoor(SpiderTest.java:159) FAILURE DONE 1 test completed, 1 failed FAILURE: Build failed with an exception. Meeting Minutes - Celery.md README.md assumptions.md build build.gradle design (1).pdf design2ndVersion.pdf gradle gradlew gradlew.bat planning.pdf src What went wrong: Execution failed for task ':test'. > There were failing tests. See the report at: file:///Users/braedonwooding/project-automarking/w15a_celery/build/reports/tests/test/index.html Meeting Minutes - Celery.md README.md assumptions.md build build.gradle design (1).pdf design2ndVersion.pdf gradle gradlew gradlew.bat planning.pdf src Try: Run with --stacktrace option to get the stack trace. Run with --info or --debug option to get more log output. Run with --scan to get full insights. Meeting Minutes - Celery.md README.md assumptions.md build build.gradle design (1).pdf design2ndVersion.pdf gradle gradlew gradlew.bat planning.pdf src Get more help at https://help.gradle.org BUILD FAILED in 4s
Test 6-5
SUCCESS DONE
Test 6-6
SUCCESS DONE
Test 7-1
SUCCESS DONE
Test 7-2
BasicGoalsTest > 7-2 Test a map with an enemies goal, but with no enemies is automatically achieved FAILED org.opentest4j.AssertionFailedError: expected: <> but was: <:mercenary> at org.junit.jupiter.api.AssertionUtils.fail(AssertionUtils.java:55) at org.junit.jupiter.api.AssertionUtils.failNotEqual(AssertionUtils.java:62) at org.junit.jupiter.api.AssertEquals.assertEquals(AssertEquals.java:182) at org.junit.jupiter.api.AssertEquals.assertEquals(AssertEquals.java:177) at org.junit.jupiter.api.Assertions.assertEquals(Assertions.java:1141) at dungeonmania.controllerTest.BasicGoalsTest.testEnemyGoalNoEnemies(BasicGoalsTest.java:52) FAILURE DONE 1 test completed, 1 failed FAILURE: Build failed with an exception. Meeting Minutes - Celery.md README.md assumptions.md build build.gradle design (1).pdf design2ndVersion.pdf gradle gradlew gradlew.bat planning.pdf src What went wrong: Execution failed for task ':test'. > There were failing tests. See the report at: file:///Users/braedonwooding/project-automarking/w15a_celery/build/reports/tests/test/index.html Meeting Minutes - Celery.md README.md assumptions.md build build.gradle design (1).pdf design2ndVersion.pdf gradle gradlew gradlew.bat planning.pdf src Try: Run with --stacktrace option to get the stack trace. Run with --info or --debug option to get more log output. Run with --scan to get full insights. Meeting Minutes - Celery.md README.md assumptions.md build build.gradle design (1).pdf design2ndVersion.pdf gradle gradlew gradlew.bat planning.pdf src Get more help at https://help.gradle.org BUILD FAILED in 5s
Test 7-3
SUCCESS DONE
Test 7-4
BasicGoalsTest > 7-4 Test a map with a switch goal, but no switch is automatically achieved FAILED org.opentest4j.AssertionFailedError: expected: <> but was: <:boulder> at org.junit.jupiter.api.AssertionUtils.fail(AssertionUtils.java:55) at org.junit.jupiter.api.AssertionUtils.failNotEqual(AssertionUtils.java:62) at org.junit.jupiter.api.AssertEquals.assertEquals(AssertEquals.java:182) at org.junit.jupiter.api.AssertEquals.assertEquals(AssertEquals.java:177) at org.junit.jupiter.api.Assertions.assertEquals(Assertions.java:1141) at dungeonmania.controllerTest.BasicGoalsTest.testSwitchGoalNoSwitch(BasicGoalsTest.java:93) FAILURE DONE 1 test completed, 1 failed FAILURE: Build failed with an exception. Meeting Minutes - Celery.md README.md assumptions.md build build.gradle design (1).pdf design2ndVersion.pdf gradle gradlew gradlew.bat planning.pdf src What went wrong: Execution failed for task ':test'. > There were failing tests. See the report at: file:///Users/braedonwooding/project-automarking/w15a_celery/build/reports/tests/test/index.html Meeting Minutes - Celery.md README.md assumptions.md build build.gradle design (1).pdf design2ndVersion.pdf gradle gradlew gradlew.bat planning.pdf src Try: Run with --stacktrace option to get the stack trace. Run with --info or --debug option to get more log output. Run with --scan to get full insights. Meeting Minutes - Celery.md README.md assumptions.md build build.gradle design (1).pdf design2ndVersion.pdf gradle gradlew gradlew.bat planning.pdf src Get more help at https://help.gradle.org BUILD FAILED in 5s
Test 7-5
SUCCESS DONE
Test 7-6
SUCCESS DONE
Test 7-7
BasicGoalsTest > Test a map with a treasure goal, but no treasure is automatically achieved FAILED org.opentest4j.AssertionFailedError: expected: <> but was: <:treasure> at org.junit.jupiter.api.AssertionUtils.fail(AssertionUtils.java:55) at org.junit.jupiter.api.AssertionUtils.failNotEqual(AssertionUtils.java:62) at org.junit.jupiter.api.AssertEquals.assertEquals(AssertEquals.java:182) at org.junit.jupiter.api.AssertEquals.assertEquals(AssertEquals.java:177) at org.junit.jupiter.api.Assertions.assertEquals(Assertions.java:1141) at dungeonmania.controllerTest.BasicGoalsTest.testTreasureGoalNoTreasure(BasicGoalsTest.java:161) FAILURE DONE 1 test completed, 1 failed FAILURE: Build failed with an exception. Meeting Minutes - Celery.md README.md assumptions.md build build.gradle design (1).pdf design2ndVersion.pdf gradle gradlew gradlew.bat planning.pdf src What went wrong: Execution failed for task ':test'. > There were failing tests. See the report at: file:///Users/braedonwooding/project-automarking/w15a_celery/build/reports/tests/test/index.html Meeting Minutes - Celery.md README.md assumptions.md build build.gradle design (1).pdf design2ndVersion.pdf gradle gradlew gradlew.bat planning.pdf src Try: Run with --stacktrace option to get the stack trace. Run with --info or --debug option to get more log output. Run with --scan to get full insights. Meeting Minutes - Celery.md README.md assumptions.md build build.gradle design (1).pdf design2ndVersion.pdf gradle gradlew gradlew.bat planning.pdf src Get more help at https://help.gradle.org BUILD FAILED in 5s
Test 7-8
SUCCESS DONE
Test 7-9
SUCCESS DONE
Test 8-1
SUCCESS DONE
Test 8-2
SUCCESS DONE
Test 8-3
SUCCESS DONE
Test 8-4
SUCCESS DONE
Test 9-1
SUCCESS DONE
Test 9-2
SUCCESS DONE
Test 9-3
SUCCESS DONE
Test 10-1
SUCCESS DONE
Test 10-2
SUCCESS DONE
Test 10-3
SUCCESS DONE
Test 10-4
SUCCESS DONE
Test 10-5
SUCCESS DONE
Test 10-6
SUCCESS DONE
Test 10-7
SUCCESS DONE
Test 10-8
SUCCESS DONE
Test 11-1
SUCCESS DONE
Test 11-2
SUCCESS DONE
Test 11-3
SUCCESS DONE
Test 12-1
SUCCESS DONE
Test 12-2
SUCCESS DONE
Test 12-3
SUCCESS DONE
Test 12-4
SaveLoadTest > 12-4 Test saving on a map containing all types of entities FAILED org.opentest4j.AssertionFailedError: expected: <true> but was: <false> at org.junit.jupiter.api.AssertionUtils.fail(AssertionUtils.java:55) at org.junit.jupiter.api.AssertTrue.assertTrue(AssertTrue.java:40) at org.junit.jupiter.api.AssertTrue.assertTrue(AssertTrue.java:35) at org.junit.jupiter.api.Assertions.assertTrue(Assertions.java:179) at dungeonmania.controllerTest.SaveLoadTest.testSaveAllEntities(SaveLoadTest.java:90) FAILURE DONE 1 test completed, 1 failed FAILURE: Build failed with an exception. Meeting Minutes - Celery.md README.md assumptions.md build build.gradle design (1).pdf design2ndVersion.pdf gradle gradlew gradlew.bat planning.pdf src src\main\java\dungeonmania\database.json What went wrong: Execution failed for task ':test'. > There were failing tests. See the report at: file:///Users/braedonwooding/project-automarking/w15a_celery/build/reports/tests/test/index.html Meeting Minutes - Celery.md README.md assumptions.md build build.gradle design (1).pdf design2ndVersion.pdf gradle gradlew gradlew.bat planning.pdf src src\main\java\dungeonmania\database.json Try: Run with --stacktrace option to get the stack trace. Run with --info or --debug option to get more log output. Run with --scan to get full insights. Meeting Minutes - Celery.md README.md assumptions.md build build.gradle design (1).pdf design2ndVersion.pdf gradle gradlew gradlew.bat planning.pdf src src\main\java\dungeonmania\database.json Get more help at https://help.gradle.org BUILD FAILED in 5s
Test 13-1
SUCCESS DONE
Test 13-2
SUCCESS DONE
Test 13-3
SUCCESS DONE
Test 13-4
SUCCESS DONE
Test 13-5
SUCCESS DONE
Test 13-6
SUCCESS DONE
Test 13-7
SUCCESS DONE
Test 14-1
SUCCESS DONE
Test 14-2
SUCCESS DONE
Test 14-3
SUCCESS DONE
Test 14-4
SUCCESS DONE
Test 14-5
SUCCESS DONE
Test 14-6
SUCCESS DONE
Test 15-1
SUCCESS DONE
Test 15-2
SUCCESS DONE
Test 15-3
ComplexGoalsTest > 15-3 Testing a map with EXIT and TREASURE FAILED org.opentest4j.AssertionFailedError: expected: <> but was: <()> at org.junit.jupiter.api.AssertionUtils.fail(AssertionUtils.java:55) at org.junit.jupiter.api.AssertionUtils.failNotEqual(AssertionUtils.java:62) at org.junit.jupiter.api.AssertEquals.assertEquals(AssertEquals.java:182) at org.junit.jupiter.api.AssertEquals.assertEquals(AssertEquals.java:177) at org.junit.jupiter.api.Assertions.assertEquals(Assertions.java:1141) at dungeonmania.controllerTest.ComplexGoalsTest.testExitAndTreasureGoal(ComplexGoalsTest.java:76) FAILURE DONE 1 test completed, 1 failed FAILURE: Build failed with an exception. Meeting Minutes - Celery.md README.md assumptions.md build build.gradle design (1).pdf design2ndVersion.pdf gradle gradlew gradlew.bat planning.pdf src src\main\java\dungeonmania\database.json What went wrong: Execution failed for task ':test'. > There were failing tests. See the report at: file:///Users/braedonwooding/project-automarking/w15a_celery/build/reports/tests/test/index.html Meeting Minutes - Celery.md README.md assumptions.md build build.gradle design (1).pdf design2ndVersion.pdf gradle gradlew gradlew.bat planning.pdf src src\main\java\dungeonmania\database.json Try: Run with --stacktrace option to get the stack trace. Run with --info or --debug option to get more log output. Run with --scan to get full insights. Meeting Minutes - Celery.md README.md assumptions.md build build.gradle design (1).pdf design2ndVersion.pdf gradle gradlew gradlew.bat planning.pdf src src\main\java\dungeonmania\database.json Get more help at https://help.gradle.org BUILD FAILED in 4s
Test 15-4
ComplexGoalsTest > 15-4 Testing that the exit goal must be achieved last in EXIT and TREASURE FAILED org.opentest4j.AssertionFailedError: expected: not equal but was: <> at org.junit.jupiter.api.AssertionUtils.fail(AssertionUtils.java:39) at org.junit.jupiter.api.AssertNotEquals.failEqual(AssertNotEquals.java:276) at org.junit.jupiter.api.AssertNotEquals.assertNotEquals(AssertNotEquals.java:265) at org.junit.jupiter.api.AssertNotEquals.assertNotEquals(AssertNotEquals.java:260) at org.junit.jupiter.api.Assertions.assertNotEquals(Assertions.java:2815) at dungeonmania.controllerTest.ComplexGoalsTest.testExitAndTreasureOrderGoal(ComplexGoalsTest.java:94) FAILURE DONE 1 test completed, 1 failed FAILURE: Build failed with an exception. Meeting Minutes - Celery.md README.md assumptions.md build build.gradle design (1).pdf design2ndVersion.pdf gradle gradlew gradlew.bat planning.pdf src src\main\java\dungeonmania\database.json What went wrong: Execution failed for task ':test'. > There were failing tests. See the report at: file:///Users/braedonwooding/project-automarking/w15a_celery/build/reports/tests/test/index.html Meeting Minutes - Celery.md README.md assumptions.md build build.gradle design (1).pdf design2ndVersion.pdf gradle gradlew gradlew.bat planning.pdf src src\main\java\dungeonmania\database.json Try: Run with --stacktrace option to get the stack trace. Run with --info or --debug option to get more log output. Run with --scan to get full insights. Meeting Minutes - Celery.md README.md assumptions.md build build.gradle design (1).pdf design2ndVersion.pdf gradle gradlew gradlew.bat planning.pdf src src\main\java\dungeonmania\database.json Get more help at https://help.gradle.org BUILD FAILED in 22s
Test 15-5
SUCCESS DONE
Test 15-6
SUCCESS DONE
Test 15-7
ComplexGoalsTest > 15-7 Test a map with SWITCH and TREASURE goal FAILED org.opentest4j.AssertionFailedError: expected: <> but was: <()> at org.junit.jupiter.api.AssertionUtils.fail(AssertionUtils.java:55) at org.junit.jupiter.api.AssertionUtils.failNotEqual(AssertionUtils.java:62) at org.junit.jupiter.api.AssertEquals.assertEquals(AssertEquals.java:182) at org.junit.jupiter.api.AssertEquals.assertEquals(AssertEquals.java:177) at org.junit.jupiter.api.Assertions.assertEquals(Assertions.java:1141) at dungeonmania.controllerTest.ComplexGoalsTest.testSwitchAndTreasureGoal(ComplexGoalsTest.java:143) FAILURE DONE 1 test completed, 1 failed FAILURE: Build failed with an exception. Meeting Minutes - Celery.md README.md assumptions.md build build.gradle design (1).pdf design2ndVersion.pdf gradle gradlew gradlew.bat planning.pdf src src\main\java\dungeonmania\database.json What went wrong: Execution failed for task ':test'. > There were failing tests. See the report at: file:///Users/braedonwooding/project-automarking/w15a_celery/build/reports/tests/test/index.html Meeting Minutes - Celery.md README.md assumptions.md build build.gradle design (1).pdf design2ndVersion.pdf gradle gradlew gradlew.bat planning.pdf src src\main\java\dungeonmania\database.json Try: Run with --stacktrace option to get the stack trace. Run with --info or --debug option to get more log output. Run with --scan to get full insights. Meeting Minutes - Celery.md README.md assumptions.md build build.gradle design (1).pdf design2ndVersion.pdf gradle gradlew gradlew.bat planning.pdf src src\main\java\dungeonmania\database.json Get more help at https://help.gradle.org BUILD FAILED in 4s
Test 15-8
ComplexGoalsTest > 15-8 Testing a map with ENEMIES or EXIT goal FAILED org.opentest4j.AssertionFailedError: expected: <> but was: <(:exit OR :mercenary)> at org.junit.jupiter.api.AssertionUtils.fail(AssertionUtils.java:55) at org.junit.jupiter.api.AssertionUtils.failNotEqual(AssertionUtils.java:62) at org.junit.jupiter.api.AssertEquals.assertEquals(AssertEquals.java:182) at org.junit.jupiter.api.AssertEquals.assertEquals(AssertEquals.java:177) at org.junit.jupiter.api.Assertions.assertEquals(Assertions.java:1141) at dungeonmania.controllerTest.ComplexGoalsTest.testExitOrEnemyGoal(ComplexGoalsTest.java:164) FAILURE DONE 1 test completed, 1 failed FAILURE: Build failed with an exception. Meeting Minutes - Celery.md README.md assumptions.md build build.gradle design (1).pdf design2ndVersion.pdf gradle gradlew gradlew.bat planning.pdf src src\main\java\dungeonmania\database.json What went wrong: Execution failed for task ':test'. > There were failing tests. See the report at: file:///Users/braedonwooding/project-automarking/w15a_celery/build/reports/tests/test/index.html Meeting Minutes - Celery.md README.md assumptions.md build build.gradle design (1).pdf design2ndVersion.pdf gradle gradlew gradlew.bat planning.pdf src src\main\java\dungeonmania\database.json Try: Run with --stacktrace option to get the stack trace. Run with --info or --debug option to get more log output. Run with --scan to get full insights. Meeting Minutes - Celery.md README.md assumptions.md build build.gradle design (1).pdf design2ndVersion.pdf gradle gradlew gradlew.bat planning.pdf src src\main\java\dungeonmania\database.json Get more help at https://help.gradle.org BUILD FAILED in 4s
Test 15-9
ComplexGoalsTest > 15-9 Testing a map with EXIT or SWITCH goal FAILED org.opentest4j.AssertionFailedError: expected: <> but was: <(:exit OR :boulder)> at org.junit.jupiter.api.AssertionUtils.fail(AssertionUtils.java:55) at org.junit.jupiter.api.AssertionUtils.failNotEqual(AssertionUtils.java:62) at org.junit.jupiter.api.AssertEquals.assertEquals(AssertEquals.java:182) at org.junit.jupiter.api.AssertEquals.assertEquals(AssertEquals.java:177) at org.junit.jupiter.api.Assertions.assertEquals(Assertions.java:1141) at dungeonmania.controllerTest.ComplexGoalsTest.testExitOrSwitchGoal(ComplexGoalsTest.java:176) FAILURE DONE 1 test completed, 1 failed FAILURE: Build failed with an exception. Meeting Minutes - Celery.md README.md assumptions.md build build.gradle design (1).pdf design2ndVersion.pdf gradle gradlew gradlew.bat planning.pdf src src\main\java\dungeonmania\database.json What went wrong: Execution failed for task ':test'. > There were failing tests. See the report at: file:///Users/braedonwooding/project-automarking/w15a_celery/build/reports/tests/test/index.html Meeting Minutes - Celery.md README.md assumptions.md build build.gradle design (1).pdf design2ndVersion.pdf gradle gradlew gradlew.bat planning.pdf src src\main\java\dungeonmania\database.json Try: Run with --stacktrace option to get the stack trace. Run with --info or --debug option to get more log output. Run with --scan to get full insights. Meeting Minutes - Celery.md README.md assumptions.md build build.gradle design (1).pdf design2ndVersion.pdf gradle gradlew gradlew.bat planning.pdf src src\main\java\dungeonmania\database.json Get more help at https://help.gradle.org BUILD FAILED in 6s
Test 15-10
ComplexGoalsTest > 15-10 Testing a map with EXIT or TREASURE goal FAILED org.opentest4j.AssertionFailedError: expected: <> but was: <(:exit OR )> at org.junit.jupiter.api.AssertionUtils.fail(AssertionUtils.java:55) at org.junit.jupiter.api.AssertionUtils.failNotEqual(AssertionUtils.java:62) at org.junit.jupiter.api.AssertEquals.assertEquals(AssertEquals.java:182) at org.junit.jupiter.api.AssertEquals.assertEquals(AssertEquals.java:177) at org.junit.jupiter.api.Assertions.assertEquals(Assertions.java:1141) at dungeonmania.controllerTest.ComplexGoalsTest.testExitOrTreasureGoal(ComplexGoalsTest.java:189) FAILURE DONE 1 test completed, 1 failed FAILURE: Build failed with an exception. Meeting Minutes - Celery.md README.md assumptions.md build build.gradle design (1).pdf design2ndVersion.pdf gradle gradlew gradlew.bat planning.pdf src src\main\java\dungeonmania\database.json What went wrong: Execution failed for task ':test'. > There were failing tests. See the report at: file:///Users/braedonwooding/project-automarking/w15a_celery/build/reports/tests/test/index.html Meeting Minutes - Celery.md README.md assumptions.md build build.gradle design (1).pdf design2ndVersion.pdf gradle gradlew gradlew.bat planning.pdf src src\main\java\dungeonmania\database.json Try: Run with --stacktrace option to get the stack trace. Run with --info or --debug option to get more log output. Run with --scan to get full insights. Meeting Minutes - Celery.md README.md assumptions.md build build.gradle design (1).pdf design2ndVersion.pdf gradle gradlew gradlew.bat planning.pdf src src\main\java\dungeonmania\database.json Get more help at https://help.gradle.org BUILD FAILED in 5s
Test 15-11
ComplexGoalsTest > 15-11 Testing a map with ENEMIES or SWITCH goal FAILED org.opentest4j.AssertionFailedError: expected: <> but was: <(:mercenary OR :boulder)> at org.junit.jupiter.api.AssertionUtils.fail(AssertionUtils.java:55) at org.junit.jupiter.api.AssertionUtils.failNotEqual(AssertionUtils.java:62) at org.junit.jupiter.api.AssertEquals.assertEquals(AssertEquals.java:182) at org.junit.jupiter.api.AssertEquals.assertEquals(AssertEquals.java:177) at org.junit.jupiter.api.Assertions.assertEquals(Assertions.java:1141) at dungeonmania.controllerTest.ComplexGoalsTest.testEnemiesOrSwitchGoal(ComplexGoalsTest.java:201) FAILURE DONE 1 test completed, 1 failed FAILURE: Build failed with an exception. Meeting Minutes - Celery.md README.md assumptions.md build build.gradle design (1).pdf design2ndVersion.pdf gradle gradlew gradlew.bat planning.pdf src src\main\java\dungeonmania\database.json What went wrong: Execution failed for task ':test'. > There were failing tests. See the report at: file:///Users/braedonwooding/project-automarking/w15a_celery/build/reports/tests/test/index.html Meeting Minutes - Celery.md README.md assumptions.md build build.gradle design (1).pdf design2ndVersion.pdf gradle gradlew gradlew.bat planning.pdf src src\main\java\dungeonmania\database.json Try: Run with --stacktrace option to get the stack trace. Run with --info or --debug option to get more log output. Run with --scan to get full insights. Meeting Minutes - Celery.md README.md assumptions.md build build.gradle design (1).pdf design2ndVersion.pdf gradle gradlew gradlew.bat planning.pdf src src\main\java\dungeonmania\database.json Get more help at https://help.gradle.org BUILD FAILED in 4s
Test 15-12
ComplexGoalsTest > 15-12 Testing a map with ENEMIES or TREASURE goal FAILED org.opentest4j.AssertionFailedError: expected: <> but was: <(:mercenary OR :treasure)> at org.junit.jupiter.api.AssertionUtils.fail(AssertionUtils.java:55) at org.junit.jupiter.api.AssertionUtils.failNotEqual(AssertionUtils.java:62) at org.junit.jupiter.api.AssertEquals.assertEquals(AssertEquals.java:182) at org.junit.jupiter.api.AssertEquals.assertEquals(AssertEquals.java:177) at org.junit.jupiter.api.Assertions.assertEquals(Assertions.java:1141) at dungeonmania.controllerTest.ComplexGoalsTest.testEnemiesOrTreasureGoal(ComplexGoalsTest.java:214) FAILURE DONE 1 test completed, 1 failed FAILURE: Build failed with an exception. Meeting Minutes - Celery.md README.md assumptions.md build build.gradle design (1).pdf design2ndVersion.pdf gradle gradlew gradlew.bat planning.pdf src src\main\java\dungeonmania\database.json What went wrong: Execution failed for task ':test'. > There were failing tests. See the report at: file:///Users/braedonwooding/project-automarking/w15a_celery/build/reports/tests/test/index.html Meeting Minutes - Celery.md README.md assumptions.md build build.gradle design (1).pdf design2ndVersion.pdf gradle gradlew gradlew.bat planning.pdf src src\main\java\dungeonmania\database.json Try: Run with --stacktrace option to get the stack trace. Run with --info or --debug option to get more log output. Run with --scan to get full insights. Meeting Minutes - Celery.md README.md assumptions.md build build.gradle design (1).pdf design2ndVersion.pdf gradle gradlew gradlew.bat planning.pdf src src\main\java\dungeonmania\database.json Get more help at https://help.gradle.org BUILD FAILED in 4s
Test 15-13
ComplexGoalsTest > 15-13 Testing a map with SWTICH or TREASURE goal FAILED org.opentest4j.AssertionFailedError: expected: <> but was: <(:boulder OR :treasure)> at org.junit.jupiter.api.AssertionUtils.fail(AssertionUtils.java:55) at org.junit.jupiter.api.AssertionUtils.failNotEqual(AssertionUtils.java:62) at org.junit.jupiter.api.AssertEquals.assertEquals(AssertEquals.java:182) at org.junit.jupiter.api.AssertEquals.assertEquals(AssertEquals.java:177) at org.junit.jupiter.api.Assertions.assertEquals(Assertions.java:1141) at dungeonmania.controllerTest.ComplexGoalsTest.testSwitchOrTreasureGoal(ComplexGoalsTest.java:227) FAILURE DONE 1 test completed, 1 failed FAILURE: Build failed with an exception. Meeting Minutes - Celery.md README.md assumptions.md build build.gradle design (1).pdf design2ndVersion.pdf gradle gradlew gradlew.bat planning.pdf src src\main\java\dungeonmania\database.json What went wrong: Execution failed for task ':test'. > There were failing tests. See the report at: file:///Users/braedonwooding/project-automarking/w15a_celery/build/reports/tests/test/index.html Meeting Minutes - Celery.md README.md assumptions.md build build.gradle design (1).pdf design2ndVersion.pdf gradle gradlew gradlew.bat planning.pdf src src\main\java\dungeonmania\database.json Try: Run with --stacktrace option to get the stack trace. Run with --info or --debug option to get more log output. Run with --scan to get full insights. Meeting Minutes - Celery.md README.md assumptions.md build build.gradle design (1).pdf design2ndVersion.pdf gradle gradlew gradlew.bat planning.pdf src src\main\java\dungeonmania\database.json Get more help at https://help.gradle.org BUILD FAILED in 4s
Test 15-14
ComplexGoalsTest > 15-14 Testing a map with EXIT or TREASURE or SWITCH goal FAILED org.opentest4j.AssertionFailedError: expected: <> but was: <(:exit OR (:mercenary OR (:boulder OR :treasure)))> at org.junit.jupiter.api.AssertionUtils.fail(AssertionUtils.java:55) at org.junit.jupiter.api.AssertionUtils.failNotEqual(AssertionUtils.java:62) at org.junit.jupiter.api.AssertEquals.assertEquals(AssertEquals.java:182) at org.junit.jupiter.api.AssertEquals.assertEquals(AssertEquals.java:177) at org.junit.jupiter.api.Assertions.assertEquals(Assertions.java:1141) at dungeonmania.controllerTest.ComplexGoalsTest.testEnemiesOrExitOrTreasureOrSwitchGoal(ComplexGoalsTest.java:247) FAILURE DONE 1 test completed, 1 failed FAILURE: Build failed with an exception. Meeting Minutes - Celery.md README.md assumptions.md build build.gradle design (1).pdf design2ndVersion.pdf gradle gradlew gradlew.bat planning.pdf src src\main\java\dungeonmania\database.json What went wrong: Execution failed for task ':test'. > There were failing tests. See the report at: file:///Users/braedonwooding/project-automarking/w15a_celery/build/reports/tests/test/index.html Meeting Minutes - Celery.md README.md assumptions.md build build.gradle design (1).pdf design2ndVersion.pdf gradle gradlew gradlew.bat planning.pdf src src\main\java\dungeonmania\database.json Try: Run with --stacktrace option to get the stack trace. Run with --info or --debug option to get more log output. Run with --scan to get full insights. Meeting Minutes - Celery.md README.md assumptions.md build build.gradle design (1).pdf design2ndVersion.pdf gradle gradlew gradlew.bat planning.pdf src src\main\java\dungeonmania\database.json Get more help at https://help.gradle.org BUILD FAILED in 4s
Test 15-15
ComplexGoalsTest > 15-15 Testing a map with ENEMIES and EXIT and TREASURE and SWITCH goal FAILED org.opentest4j.AssertionFailedError: expected: <> but was: <(())> at org.junit.jupiter.api.AssertionUtils.fail(AssertionUtils.java:55) at org.junit.jupiter.api.AssertionUtils.failNotEqual(AssertionUtils.java:62) at org.junit.jupiter.api.AssertEquals.assertEquals(AssertEquals.java:182) at org.junit.jupiter.api.AssertEquals.assertEquals(AssertEquals.java:177) at org.junit.jupiter.api.Assertions.assertEquals(Assertions.java:1141) at dungeonmania.controllerTest.ComplexGoalsTest.testEnemiesAndExitAndTreasureAndSwitchGoal(ComplexGoalsTest.java:268) FAILURE DONE 1 test completed, 1 failed FAILURE: Build failed with an exception. Meeting Minutes - Celery.md README.md assumptions.md build build.gradle design (1).pdf design2ndVersion.pdf gradle gradlew gradlew.bat planning.pdf src src\main\java\dungeonmania\database.json What went wrong: Execution failed for task ':test'. > There were failing tests. See the report at: file:///Users/braedonwooding/project-automarking/w15a_celery/build/reports/tests/test/index.html Meeting Minutes - Celery.md README.md assumptions.md build build.gradle design (1).pdf design2ndVersion.pdf gradle gradlew gradlew.bat planning.pdf src src\main\java\dungeonmania\database.json Try: Run with --stacktrace option to get the stack trace. Run with --info or --debug option to get more log output. Run with --scan to get full insights. Meeting Minutes - Celery.md README.md assumptions.md build build.gradle design (1).pdf design2ndVersion.pdf gradle gradlew gradlew.bat planning.pdf src src\main\java\dungeonmania\database.json Get more help at https://help.gradle.org BUILD FAILED in 4s
Test 15-16
ComplexGoalsTest > 15-16 Testing a map with ENEMEIS AND (TREASURE OR SWITCH) goal FAILED org.opentest4j.AssertionFailedError: expected: <52> but was: <20> at org.junit.jupiter.api.AssertionUtils.fail(AssertionUtils.java:55) at org.junit.jupiter.api.AssertionUtils.failNotEqual(AssertionUtils.java:62) at org.junit.jupiter.api.AssertEquals.assertEquals(AssertEquals.java:150) at org.junit.jupiter.api.AssertEquals.assertEquals(AssertEquals.java:145) at org.junit.jupiter.api.Assertions.assertEquals(Assertions.java:527) at dungeonmania.controllerTest.ComplexGoalsTest.testExitAndEnemiesAndTreasureOrSwitchGoal(ComplexGoalsTest.java:286) FAILURE DONE 1 test completed, 1 failed FAILURE: Build failed with an exception. Meeting Minutes - Celery.md README.md assumptions.md build build.gradle design (1).pdf design2ndVersion.pdf gradle gradlew gradlew.bat planning.pdf src src\main\java\dungeonmania\database.json What went wrong: Execution failed for task ':test'. > There were failing tests. See the report at: file:///Users/braedonwooding/project-automarking/w15a_celery/build/reports/tests/test/index.html Meeting Minutes - Celery.md README.md assumptions.md build build.gradle design (1).pdf design2ndVersion.pdf gradle gradlew gradlew.bat planning.pdf src src\main\java\dungeonmania\database.json Try: Run with --stacktrace option to get the stack trace. Run with --info or --debug option to get more log output. Run with --scan to get full insights. Meeting Minutes - Celery.md README.md assumptions.md build build.gradle design (1).pdf design2ndVersion.pdf gradle gradlew gradlew.bat planning.pdf src src\main\java\dungeonmania\database.json Get more help at https://help.gradle.org BUILD FAILED in 4s
Test 16-1
SUCCESS DONE
Test 16-2
SUCCESS DONE
Test 16-3
SUCCESS DONE
Test 16-4
BattleTest > 16-4 Test player wins a battle against a spider with an invinicibility potion FAILED org.opentest4j.AssertionFailedError: expected: <0> but was: <1> at org.junit.jupiter.api.AssertionUtils.fail(AssertionUtils.java:55) at org.junit.jupiter.api.AssertionUtils.failNotEqual(AssertionUtils.java:62) at org.junit.jupiter.api.AssertEquals.assertEquals(AssertEquals.java:150) at org.junit.jupiter.api.AssertEquals.assertEquals(AssertEquals.java:145) at org.junit.jupiter.api.Assertions.assertEquals(Assertions.java:527) at dungeonmania.controllerTest.BattleTest.testPlayerWinsSpiderBattleWithInvincibilityPotion(BattleTest.java:129) FAILURE DONE 1 test completed, 1 failed FAILURE: Build failed with an exception. Meeting Minutes - Celery.md README.md assumptions.md build build.gradle design (1).pdf design2ndVersion.pdf gradle gradlew gradlew.bat planning.pdf src src\main\java\dungeonmania\database.json What went wrong: Execution failed for task ':test'. > There were failing tests. See the report at: file:///Users/braedonwooding/project-automarking/w15a_celery/build/reports/tests/test/index.html Meeting Minutes - Celery.md README.md assumptions.md build build.gradle design (1).pdf design2ndVersion.pdf gradle gradlew gradlew.bat planning.pdf src src\main\java\dungeonmania\database.json Try: Run with --stacktrace option to get the stack trace. Run with --info or --debug option to get more log output. Run with --scan to get full insights. Meeting Minutes - Celery.md README.md assumptions.md build build.gradle design (1).pdf design2ndVersion.pdf gradle gradlew gradlew.bat planning.pdf src src\main\java\dungeonmania\database.json Get more help at https://help.gradle.org BUILD FAILED in 4s
Test 16-5
BattleTest > 16-5 Test player wins a battle against a zombie with an invincibility potion FAILED org.opentest4j.AssertionFailedError: expected: <0> but was: <1> at org.junit.jupiter.api.AssertionUtils.fail(AssertionUtils.java:55) at org.junit.jupiter.api.AssertionUtils.failNotEqual(AssertionUtils.java:62) at org.junit.jupiter.api.AssertEquals.assertEquals(AssertEquals.java:150) at org.junit.jupiter.api.AssertEquals.assertEquals(AssertEquals.java:145) at org.junit.jupiter.api.Assertions.assertEquals(Assertions.java:527) at dungeonmania.controllerTest.BattleTest.testPlayerWinsZombieBattleWithInvincibilityPotion(BattleTest.java:154) FAILURE DONE 1 test completed, 1 failed FAILURE: Build failed with an exception. Meeting Minutes - Celery.md README.md assumptions.md build build.gradle design (1).pdf design2ndVersion.pdf gradle gradlew gradlew.bat planning.pdf src src\main\java\dungeonmania\database.json What went wrong: Execution failed for task ':test'. > There were failing tests. See the report at: file:///Users/braedonwooding/project-automarking/w15a_celery/build/reports/tests/test/index.html Meeting Minutes - Celery.md README.md assumptions.md build build.gradle design (1).pdf design2ndVersion.pdf gradle gradlew gradlew.bat planning.pdf src src\main\java\dungeonmania\database.json Try: Run with --stacktrace option to get the stack trace. Run with --info or --debug option to get more log output. Run with --scan to get full insights. Meeting Minutes - Celery.md README.md assumptions.md build build.gradle design (1).pdf design2ndVersion.pdf gradle gradlew gradlew.bat planning.pdf src src\main\java\dungeonmania\database.json Get more help at https://help.gradle.org BUILD FAILED in 4s
Test 16-6
SUCCESS DONE
Test 16-7
BattleTest > 16-7 Test the player dies after battling 30 enemies consecutively FAILED org.opentest4j.AssertionFailedError: expected: <0> but was: <1> at org.junit.jupiter.api.AssertionUtils.fail(AssertionUtils.java:55) at org.junit.jupiter.api.AssertionUtils.failNotEqual(AssertionUtils.java:62) at org.junit.jupiter.api.AssertEquals.assertEquals(AssertEquals.java:150) at org.junit.jupiter.api.AssertEquals.assertEquals(AssertEquals.java:145) at org.junit.jupiter.api.Assertions.assertEquals(Assertions.java:527) at dungeonmania.controllerTest.BattleTest.testPlayerDiesAfterBattlingThirtyEnemiesConsecutively(BattleTest.java:201) FAILURE DONE 1 test completed, 1 failed FAILURE: Build failed with an exception. Meeting Minutes - Celery.md README.md assumptions.md build build.gradle design (1).pdf design2ndVersion.pdf gradle gradlew gradlew.bat planning.pdf src src\main\java\dungeonmania\database.json What went wrong: Execution failed for task ':test'. > There were failing tests. See the report at: file:///Users/braedonwooding/project-automarking/w15a_celery/build/reports/tests/test/index.html Meeting Minutes - Celery.md README.md assumptions.md build build.gradle design (1).pdf design2ndVersion.pdf gradle gradlew gradlew.bat planning.pdf src src\main\java\dungeonmania\database.json Try: Run with --stacktrace option to get the stack trace. Run with --info or --debug option to get more log output. Run with --scan to get full insights. Meeting Minutes - Celery.md README.md assumptions.md build build.gradle design (1).pdf design2ndVersion.pdf gradle gradlew gradlew.bat planning.pdf src src\main\java\dungeonmania\database.json Get more help at https://help.gradle.org BUILD FAILED in 4s
