Autotesting Result = 27.0/285, the final cap hasn't been defined yet but will be around 220
Test 1-1
GamemodesTest > 1-1 Testing peaceful mode causes player to take no damage FAILED java.lang.IllegalArgumentException: This dungeon does not exist. at dungeonmania.DungeonManiaController.newGame(DungeonManiaController.java:110) at dungeonmania.controllerTest.Utils.newGame(Utils.java:37) at dungeonmania.controllerTest.GamemodesTest.testPeacefulNoDamage(GamemodesTest.java:19) FAILURE DONE 1 test completed, 1 failed FAILURE: Build failed with an exception. Meeting Minutes - Celery.md Planning2ndVersion.pdf README.md assumptions.md build build.gradle design (1).pdf design.pdf design2ndVersion.pdf finaldesign.pdf gradle gradlew gradlew.bat planning.pdf src What went wrong: Execution failed for task ':test'. > There were failing tests. See the report at: file:///Users/braedonwooding/project-automarking/w15a_celery/build/reports/tests/test/index.html Meeting Minutes - Celery.md Planning2ndVersion.pdf README.md assumptions.md build build.gradle design (1).pdf design.pdf design2ndVersion.pdf finaldesign.pdf gradle gradlew gradlew.bat planning.pdf src Try: Run with --stacktrace option to get the stack trace. Run with --info or --debug option to get more log output. Run with --scan to get full insights. Meeting Minutes - Celery.md Planning2ndVersion.pdf README.md assumptions.md build build.gradle design (1).pdf design.pdf design2ndVersion.pdf finaldesign.pdf gradle gradlew gradlew.bat planning.pdf src Get more help at https://help.gradle.org BUILD FAILED in 7s
Test 1-2
GamemodesTest > 1-2 Testing zombies spawn every 15 ticks in hard mode FAILED java.lang.IllegalArgumentException: This dungeon does not exist. at dungeonmania.DungeonManiaController.newGame(DungeonManiaController.java:110) at dungeonmania.controllerTest.Utils.newGame(Utils.java:37) at dungeonmania.controllerTest.GamemodesTest.testHardZombieSpawning(GamemodesTest.java:32) FAILURE DONE 1 test completed, 1 failed FAILURE: Build failed with an exception. Meeting Minutes - Celery.md Planning2ndVersion.pdf README.md assumptions.md build build.gradle design (1).pdf design.pdf design2ndVersion.pdf finaldesign.pdf gradle gradlew gradlew.bat planning.pdf src What went wrong: Execution failed for task ':test'. > There were failing tests. See the report at: file:///Users/braedonwooding/project-automarking/w15a_celery/build/reports/tests/test/index.html Meeting Minutes - Celery.md Planning2ndVersion.pdf README.md assumptions.md build build.gradle design (1).pdf design.pdf design2ndVersion.pdf finaldesign.pdf gradle gradlew gradlew.bat planning.pdf src Try: Run with --stacktrace option to get the stack trace. Run with --info or --debug option to get more log output. Run with --scan to get full insights. Meeting Minutes - Celery.md Planning2ndVersion.pdf README.md assumptions.md build build.gradle design (1).pdf design.pdf design2ndVersion.pdf finaldesign.pdf gradle gradlew gradlew.bat planning.pdf src Get more help at https://help.gradle.org BUILD FAILED in 5s
Test 1-3
GamemodesTest > 1-3 Test invincibility potions don't work in hard mode FAILED java.lang.IllegalArgumentException: This dungeon does not exist. at dungeonmania.DungeonManiaController.newGame(DungeonManiaController.java:110) at dungeonmania.controllerTest.Utils.newGame(Utils.java:37) at dungeonmania.controllerTest.GamemodesTest.testhardInvincibility(GamemodesTest.java:62) ZombieTest > 1-3 Testing zombies spawn with armour intermittently (at least once every 200 ticks) -- fix test?? FAILED java.lang.IllegalArgumentException: This dungeon does not exist. at dungeonmania.DungeonManiaController.newGame(DungeonManiaController.java:110) at dungeonmania.controllerTest.Utils.newGame(Utils.java:37) at dungeonmania.controllerTest.ZombieTest.testZombiesHaveArmour(ZombieTest.java:69) FAILURE DONE 2 tests completed, 2 failed FAILURE: Build failed with an exception. Meeting Minutes - Celery.md Planning2ndVersion.pdf README.md assumptions.md build build.gradle design (1).pdf design.pdf design2ndVersion.pdf finaldesign.pdf gradle gradlew gradlew.bat planning.pdf src What went wrong: Execution failed for task ':test'. > There were failing tests. See the report at: file:///Users/braedonwooding/project-automarking/w15a_celery/build/reports/tests/test/index.html Meeting Minutes - Celery.md Planning2ndVersion.pdf README.md assumptions.md build build.gradle design (1).pdf design.pdf design2ndVersion.pdf finaldesign.pdf gradle gradlew gradlew.bat planning.pdf src Try: Run with --stacktrace option to get the stack trace. Run with --info or --debug option to get more log output. Run with --scan to get full insights. Meeting Minutes - Celery.md Planning2ndVersion.pdf README.md assumptions.md build build.gradle design (1).pdf design.pdf design2ndVersion.pdf finaldesign.pdf gradle gradlew gradlew.bat planning.pdf src Get more help at https://help.gradle.org BUILD FAILED in 6s
Test 2-1
ZombieTest > 2-1 Testing movement of zombies FAILED java.lang.IllegalArgumentException: This dungeon does not exist. at dungeonmania.DungeonManiaController.newGame(DungeonManiaController.java:110) at dungeonmania.controllerTest.Utils.newGame(Utils.java:37) at dungeonmania.controllerTest.ZombieTest.testZombieMovement(ZombieTest.java:21) FAILURE DONE 1 test completed, 1 failed FAILURE: Build failed with an exception. Meeting Minutes - Celery.md Planning2ndVersion.pdf README.md assumptions.md build build.gradle design (1).pdf design.pdf design2ndVersion.pdf finaldesign.pdf gradle gradlew gradlew.bat planning.pdf src What went wrong: Execution failed for task ':test'. > There were failing tests. See the report at: file:///Users/braedonwooding/project-automarking/w15a_celery/build/reports/tests/test/index.html Meeting Minutes - Celery.md Planning2ndVersion.pdf README.md assumptions.md build build.gradle design (1).pdf design.pdf design2ndVersion.pdf finaldesign.pdf gradle gradlew gradlew.bat planning.pdf src Try: Run with --stacktrace option to get the stack trace. Run with --info or --debug option to get more log output. Run with --scan to get full insights. Meeting Minutes - Celery.md Planning2ndVersion.pdf README.md assumptions.md build build.gradle design (1).pdf design.pdf design2ndVersion.pdf finaldesign.pdf gradle gradlew gradlew.bat planning.pdf src Get more help at https://help.gradle.org BUILD FAILED in 5s
Test 2-2
ZombieTest > 2-2 Testing zombies cannot move through doors and walls FAILED java.lang.IllegalArgumentException: This dungeon does not exist. at dungeonmania.DungeonManiaController.newGame(DungeonManiaController.java:110) at dungeonmania.controllerTest.Utils.newGame(Utils.java:37) at dungeonmania.controllerTest.ZombieTest.testZombieNotMovingThroughBlockingEntities(ZombieTest.java:49) FAILURE DONE 1 test completed, 1 failed FAILURE: Build failed with an exception. Meeting Minutes - Celery.md Planning2ndVersion.pdf README.md assumptions.md build build.gradle design (1).pdf design.pdf design2ndVersion.pdf finaldesign.pdf gradle gradlew gradlew.bat planning.pdf src What went wrong: Execution failed for task ':test'. > There were failing tests. See the report at: file:///Users/braedonwooding/project-automarking/w15a_celery/build/reports/tests/test/index.html Meeting Minutes - Celery.md Planning2ndVersion.pdf README.md assumptions.md build build.gradle design (1).pdf design.pdf design2ndVersion.pdf finaldesign.pdf gradle gradlew gradlew.bat planning.pdf src Try: Run with --stacktrace option to get the stack trace. Run with --info or --debug option to get more log output. Run with --scan to get full insights. Meeting Minutes - Celery.md Planning2ndVersion.pdf README.md assumptions.md build build.gradle design (1).pdf design.pdf design2ndVersion.pdf finaldesign.pdf gradle gradlew gradlew.bat planning.pdf src Get more help at https://help.gradle.org BUILD FAILED in 5s
Test 2-3
SUCCESS DONE
Test 2-4
ZombieTest > ZombieSpawnerTest > Testing zombie spawners spawn zombies every 20 ticks FAILED java.lang.IllegalArgumentException: This dungeon does not exist. at dungeonmania.DungeonManiaController.newGame(DungeonManiaController.java:110) at dungeonmania.controllerTest.Utils.newGame(Utils.java:37) at dungeonmania.controllerTest.ZombieTest$ZombieSpawnerTest.testZombieSpawning(ZombieTest.java:96) FAILURE DONE 1 test completed, 1 failed FAILURE: Build failed with an exception. Meeting Minutes - Celery.md Planning2ndVersion.pdf README.md assumptions.md build build.gradle design (1).pdf design.pdf design2ndVersion.pdf finaldesign.pdf gradle gradlew gradlew.bat planning.pdf src What went wrong: Execution failed for task ':test'. > There were failing tests. See the report at: file:///Users/braedonwooding/project-automarking/w15a_celery/build/reports/tests/test/index.html Meeting Minutes - Celery.md Planning2ndVersion.pdf README.md assumptions.md build build.gradle design (1).pdf design.pdf design2ndVersion.pdf finaldesign.pdf gradle gradlew gradlew.bat planning.pdf src Try: Run with --stacktrace option to get the stack trace. Run with --info or --debug option to get more log output. Run with --scan to get full insights. Meeting Minutes - Celery.md Planning2ndVersion.pdf README.md assumptions.md build build.gradle design (1).pdf design.pdf design2ndVersion.pdf finaldesign.pdf gradle gradlew gradlew.bat planning.pdf src Get more help at https://help.gradle.org BUILD FAILED in 25s
Test 2-5
ZombieTest > ZombieSpawnerTest > Testing destroying zombie spawners FAILED java.lang.IllegalArgumentException: This dungeon does not exist. at dungeonmania.DungeonManiaController.newGame(DungeonManiaController.java:110) at dungeonmania.controllerTest.Utils.newGame(Utils.java:37) at dungeonmania.controllerTest.ZombieTest$ZombieSpawnerTest.testZombieSpawnerDestruction(ZombieTest.java:127) FAILURE DONE 1 test completed, 1 failed FAILURE: Build failed with an exception. Meeting Minutes - Celery.md Planning2ndVersion.pdf README.md assumptions.md build build.gradle design (1).pdf design.pdf design2ndVersion.pdf finaldesign.pdf gradle gradlew gradlew.bat planning.pdf src What went wrong: Execution failed for task ':test'. > There were failing tests. See the report at: file:///Users/braedonwooding/project-automarking/w15a_celery/build/reports/tests/test/index.html Meeting Minutes - Celery.md Planning2ndVersion.pdf README.md assumptions.md build build.gradle design (1).pdf design.pdf design2ndVersion.pdf finaldesign.pdf gradle gradlew gradlew.bat planning.pdf src Try: Run with --stacktrace option to get the stack trace. Run with --info or --debug option to get more log output. Run with --scan to get full insights. Meeting Minutes - Celery.md Planning2ndVersion.pdf README.md assumptions.md build build.gradle design (1).pdf design.pdf design2ndVersion.pdf finaldesign.pdf gradle gradlew gradlew.bat planning.pdf src Get more help at https://help.gradle.org BUILD FAILED in 5s
Test 3-1
MercenaryTest > 3-1 Test mercenary spawning FAILED java.lang.IllegalArgumentException: This dungeon does not exist. at dungeonmania.DungeonManiaController.newGame(DungeonManiaController.java:110) at dungeonmania.controllerTest.Utils.newGame(Utils.java:37) at dungeonmania.controllerTest.MercenaryTest.testMercenarySpawning(MercenaryTest.java:29) FAILURE DONE 1 test completed, 1 failed FAILURE: Build failed with an exception. Meeting Minutes - Celery.md Planning2ndVersion.pdf README.md assumptions.md build build.gradle design (1).pdf design.pdf design2ndVersion.pdf finaldesign.pdf gradle gradlew gradlew.bat planning.pdf src What went wrong: Execution failed for task ':test'. > There were failing tests. See the report at: file:///Users/braedonwooding/project-automarking/w15a_celery/build/reports/tests/test/index.html Meeting Minutes - Celery.md Planning2ndVersion.pdf README.md assumptions.md build build.gradle design (1).pdf design.pdf design2ndVersion.pdf finaldesign.pdf gradle gradlew gradlew.bat planning.pdf src Try: Run with --stacktrace option to get the stack trace. Run with --info or --debug option to get more log output. Run with --scan to get full insights. Meeting Minutes - Celery.md Planning2ndVersion.pdf README.md assumptions.md build build.gradle design (1).pdf design.pdf design2ndVersion.pdf finaldesign.pdf gradle gradlew gradlew.bat planning.pdf src Get more help at https://help.gradle.org BUILD FAILED in 4s
Test 3-2
MercenaryTest > 3-2 Testing mercenaries cannot move through doors and walls FAILED java.lang.IllegalArgumentException: This dungeon does not exist. at dungeonmania.DungeonManiaController.newGame(DungeonManiaController.java:110) at dungeonmania.controllerTest.Utils.newGame(Utils.java:37) at dungeonmania.controllerTest.MercenaryTest.testMercenaryNotMovingThroughBlockingEntities(MercenaryTest.java:53) FAILURE DONE 1 test completed, 1 failed FAILURE: Build failed with an exception. Meeting Minutes - Celery.md Planning2ndVersion.pdf README.md assumptions.md build build.gradle design (1).pdf design.pdf design2ndVersion.pdf finaldesign.pdf gradle gradlew gradlew.bat planning.pdf src What went wrong: Execution failed for task ':test'. > There were failing tests. See the report at: file:///Users/braedonwooding/project-automarking/w15a_celery/build/reports/tests/test/index.html Meeting Minutes - Celery.md Planning2ndVersion.pdf README.md assumptions.md build build.gradle design (1).pdf design.pdf design2ndVersion.pdf finaldesign.pdf gradle gradlew gradlew.bat planning.pdf src Try: Run with --stacktrace option to get the stack trace. Run with --info or --debug option to get more log output. Run with --scan to get full insights. Meeting Minutes - Celery.md Planning2ndVersion.pdf README.md assumptions.md build build.gradle design (1).pdf design.pdf design2ndVersion.pdf finaldesign.pdf gradle gradlew gradlew.bat planning.pdf src Get more help at https://help.gradle.org BUILD FAILED in 4s
Test 3-3
MercenaryTest > Testing bribing a mercenary ensures there is no battle FAILED java.lang.IllegalArgumentException: This dungeon does not exist. at dungeonmania.DungeonManiaController.newGame(DungeonManiaController.java:110) at dungeonmania.controllerTest.Utils.newGame(Utils.java:37) at dungeonmania.controllerTest.MercenaryTest.testMercenaryBribing(MercenaryTest.java:70) FAILURE DONE 1 test completed, 1 failed FAILURE: Build failed with an exception. Meeting Minutes - Celery.md Planning2ndVersion.pdf README.md assumptions.md build build.gradle design (1).pdf design.pdf design2ndVersion.pdf finaldesign.pdf gradle gradlew gradlew.bat planning.pdf src What went wrong: Execution failed for task ':test'. > There were failing tests. See the report at: file:///Users/braedonwooding/project-automarking/w15a_celery/build/reports/tests/test/index.html Meeting Minutes - Celery.md Planning2ndVersion.pdf README.md assumptions.md build build.gradle design (1).pdf design.pdf design2ndVersion.pdf finaldesign.pdf gradle gradlew gradlew.bat planning.pdf src Try: Run with --stacktrace option to get the stack trace. Run with --info or --debug option to get more log output. Run with --scan to get full insights. Meeting Minutes - Celery.md Planning2ndVersion.pdf README.md assumptions.md build build.gradle design (1).pdf design.pdf design2ndVersion.pdf finaldesign.pdf gradle gradlew gradlew.bat planning.pdf src Get more help at https://help.gradle.org BUILD FAILED in 4s
Test 3-4
MercenaryTest > Testing mercenaries spawn with armour FAILED java.lang.IllegalArgumentException: This dungeon does not exist. at dungeonmania.DungeonManiaController.newGame(DungeonManiaController.java:110) at dungeonmania.controllerTest.Utils.newGame(Utils.java:37) at dungeonmania.controllerTest.MercenaryTest.testMercenarySpawningWithArmour(MercenaryTest.java:102) MercenaryTest > Testing mercenaries pathfind around doors and walls FAILED java.lang.IllegalArgumentException: This dungeon does not exist. at dungeonmania.DungeonManiaController.newGame(DungeonManiaController.java:110) at dungeonmania.controllerTest.Utils.newGame(Utils.java:37) at dungeonmania.controllerTest.MercenaryTest.testMercenaryPathfindsWithBlockers(MercenaryTest.java:127) FAILURE DONE 2 tests completed, 2 failed FAILURE: Build failed with an exception. Meeting Minutes - Celery.md Planning2ndVersion.pdf README.md assumptions.md build build.gradle design (1).pdf design.pdf design2ndVersion.pdf finaldesign.pdf gradle gradlew gradlew.bat planning.pdf src What went wrong: Execution failed for task ':test'. > There were failing tests. See the report at: file:///Users/braedonwooding/project-automarking/w15a_celery/build/reports/tests/test/index.html Meeting Minutes - Celery.md Planning2ndVersion.pdf README.md assumptions.md build build.gradle design (1).pdf design.pdf design2ndVersion.pdf finaldesign.pdf gradle gradlew gradlew.bat planning.pdf src Try: Run with --stacktrace option to get the stack trace. Run with --info or --debug option to get more log output. Run with --scan to get full insights. Meeting Minutes - Celery.md Planning2ndVersion.pdf README.md assumptions.md build build.gradle design (1).pdf design.pdf design2ndVersion.pdf finaldesign.pdf gradle gradlew gradlew.bat planning.pdf src Get more help at https://help.gradle.org BUILD FAILED in 5s
Test 4-1
CollectablesTest > 4-1 Testing picking up all types of collectables FAILED java.lang.IllegalArgumentException: This dungeon does not exist. at dungeonmania.DungeonManiaController.newGame(DungeonManiaController.java:110) at dungeonmania.controllerTest.Utils.newGame(Utils.java:37) at dungeonmania.controllerTest.CollectablesTest.testCollectablePickup(CollectablesTest.java:23) FAILURE DONE 1 test completed, 1 failed FAILURE: Build failed with an exception. Meeting Minutes - Celery.md Planning2ndVersion.pdf README.md assumptions.md build build.gradle design (1).pdf design.pdf design2ndVersion.pdf finaldesign.pdf gradle gradlew gradlew.bat planning.pdf src What went wrong: Execution failed for task ':test'. > There were failing tests. See the report at: file:///Users/braedonwooding/project-automarking/w15a_celery/build/reports/tests/test/index.html Meeting Minutes - Celery.md Planning2ndVersion.pdf README.md assumptions.md build build.gradle design (1).pdf design.pdf design2ndVersion.pdf finaldesign.pdf gradle gradlew gradlew.bat planning.pdf src Try: Run with --stacktrace option to get the stack trace. Run with --info or --debug option to get more log output. Run with --scan to get full insights. Meeting Minutes - Celery.md Planning2ndVersion.pdf README.md assumptions.md build build.gradle design (1).pdf design.pdf design2ndVersion.pdf finaldesign.pdf gradle gradlew gradlew.bat planning.pdf src Get more help at https://help.gradle.org BUILD FAILED in 4s
Test 4-2
CollectablesTest > 4-2 Test picking up a key puts the key in the inventory FAILED java.lang.IllegalArgumentException: This dungeon does not exist. at dungeonmania.DungeonManiaController.newGame(DungeonManiaController.java:110) at dungeonmania.controllerTest.Utils.newGame(Utils.java:37) at dungeonmania.controllerTest.CollectablesTest.testKeyInInventory(CollectablesTest.java:43) FAILURE DONE 1 test completed, 1 failed FAILURE: Build failed with an exception. Meeting Minutes - Celery.md Planning2ndVersion.pdf README.md assumptions.md build build.gradle design (1).pdf design.pdf design2ndVersion.pdf finaldesign.pdf gradle gradlew gradlew.bat planning.pdf src What went wrong: Execution failed for task ':test'. > There were failing tests. See the report at: file:///Users/braedonwooding/project-automarking/w15a_celery/build/reports/tests/test/index.html Meeting Minutes - Celery.md Planning2ndVersion.pdf README.md assumptions.md build build.gradle design (1).pdf design.pdf design2ndVersion.pdf finaldesign.pdf gradle gradlew gradlew.bat planning.pdf src Try: Run with --stacktrace option to get the stack trace. Run with --info or --debug option to get more log output. Run with --scan to get full insights. Meeting Minutes - Celery.md Planning2ndVersion.pdf README.md assumptions.md build build.gradle design (1).pdf design.pdf design2ndVersion.pdf finaldesign.pdf gradle gradlew gradlew.bat planning.pdf src Get more help at https://help.gradle.org BUILD FAILED in 5s
Test 4-3
CollectablesTest > 4-3 Test invisibility potions ensure battles do not occur FAILED java.lang.IllegalArgumentException: This dungeon does not exist. at dungeonmania.DungeonManiaController.newGame(DungeonManiaController.java:110) at dungeonmania.controllerTest.Utils.newGame(Utils.java:37) at dungeonmania.controllerTest.CollectablesTest.testInvisibilityPotion(CollectablesTest.java:67) FAILURE DONE 1 test completed, 1 failed FAILURE: Build failed with an exception. Meeting Minutes - Celery.md Planning2ndVersion.pdf README.md assumptions.md build build.gradle design (1).pdf design.pdf design2ndVersion.pdf finaldesign.pdf gradle gradlew gradlew.bat planning.pdf src What went wrong: Execution failed for task ':test'. > There were failing tests. See the report at: file:///Users/braedonwooding/project-automarking/w15a_celery/build/reports/tests/test/index.html Meeting Minutes - Celery.md Planning2ndVersion.pdf README.md assumptions.md build build.gradle design (1).pdf design.pdf design2ndVersion.pdf finaldesign.pdf gradle gradlew gradlew.bat planning.pdf src Try: Run with --stacktrace option to get the stack trace. Run with --info or --debug option to get more log output. Run with --scan to get full insights. Meeting Minutes - Celery.md Planning2ndVersion.pdf README.md assumptions.md build build.gradle design (1).pdf design.pdf design2ndVersion.pdf finaldesign.pdf gradle gradlew gradlew.bat planning.pdf src Get more help at https://help.gradle.org BUILD FAILED in 4s
Test 4-4
CollectablesTest > 4-4 Test invincibility potions cause enemies to run away FAILED java.lang.IllegalArgumentException: This dungeon does not exist. at dungeonmania.DungeonManiaController.newGame(DungeonManiaController.java:110) at dungeonmania.controllerTest.Utils.newGame(Utils.java:37) at dungeonmania.controllerTest.CollectablesTest.testInvincibilityPotion(CollectablesTest.java:96) FAILURE DONE 1 test completed, 1 failed FAILURE: Build failed with an exception. Meeting Minutes - Celery.md Planning2ndVersion.pdf README.md assumptions.md build build.gradle design (1).pdf design.pdf design2ndVersion.pdf finaldesign.pdf gradle gradlew gradlew.bat planning.pdf src What went wrong: Execution failed for task ':test'. > There were failing tests. See the report at: file:///Users/braedonwooding/project-automarking/w15a_celery/build/reports/tests/test/index.html Meeting Minutes - Celery.md Planning2ndVersion.pdf README.md assumptions.md build build.gradle design (1).pdf design.pdf design2ndVersion.pdf finaldesign.pdf gradle gradlew gradlew.bat planning.pdf src Try: Run with --stacktrace option to get the stack trace. Run with --info or --debug option to get more log output. Run with --scan to get full insights. Meeting Minutes - Celery.md Planning2ndVersion.pdf README.md assumptions.md build build.gradle design (1).pdf design.pdf design2ndVersion.pdf finaldesign.pdf gradle gradlew gradlew.bat planning.pdf src Get more help at https://help.gradle.org BUILD FAILED in 4s
Test 5-1
PortalsTest > 5-1 Test portals work both ways FAILED java.lang.IllegalArgumentException: This dungeon does not exist. at dungeonmania.DungeonManiaController.newGame(DungeonManiaController.java:110) at dungeonmania.controllerTest.PortalsTest.testTeleportationBothWays(PortalsTest.java:26) FAILURE DONE 1 test completed, 1 failed FAILURE: Build failed with an exception. Meeting Minutes - Celery.md Planning2ndVersion.pdf README.md assumptions.md build build.gradle design (1).pdf design.pdf design2ndVersion.pdf finaldesign.pdf gradle gradlew gradlew.bat planning.pdf src What went wrong: Execution failed for task ':test'. > There were failing tests. See the report at: file:///Users/braedonwooding/project-automarking/w15a_celery/build/reports/tests/test/index.html Meeting Minutes - Celery.md Planning2ndVersion.pdf README.md assumptions.md build build.gradle design (1).pdf design.pdf design2ndVersion.pdf finaldesign.pdf gradle gradlew gradlew.bat planning.pdf src Try: Run with --stacktrace option to get the stack trace. Run with --info or --debug option to get more log output. Run with --scan to get full insights. Meeting Minutes - Celery.md Planning2ndVersion.pdf README.md assumptions.md build build.gradle design (1).pdf design.pdf design2ndVersion.pdf finaldesign.pdf gradle gradlew gradlew.bat planning.pdf src Get more help at https://help.gradle.org BUILD FAILED in 4s
Test 5-2
PortalsTest > 5-2 Test player cannot teleport into a wall FAILED java.lang.IllegalArgumentException: This dungeon does not exist. at dungeonmania.DungeonManiaController.newGame(DungeonManiaController.java:110) at dungeonmania.controllerTest.PortalsTest.testCannotTeleportIntoWall(PortalsTest.java:56) FAILURE DONE 1 test completed, 1 failed FAILURE: Build failed with an exception. Meeting Minutes - Celery.md Planning2ndVersion.pdf README.md assumptions.md build build.gradle design (1).pdf design.pdf design2ndVersion.pdf finaldesign.pdf gradle gradlew gradlew.bat planning.pdf src What went wrong: Execution failed for task ':test'. > There were failing tests. See the report at: file:///Users/braedonwooding/project-automarking/w15a_celery/build/reports/tests/test/index.html Meeting Minutes - Celery.md Planning2ndVersion.pdf README.md assumptions.md build build.gradle design (1).pdf design.pdf design2ndVersion.pdf finaldesign.pdf gradle gradlew gradlew.bat planning.pdf src Try: Run with --stacktrace option to get the stack trace. Run with --info or --debug option to get more log output. Run with --scan to get full insights. Meeting Minutes - Celery.md Planning2ndVersion.pdf README.md assumptions.md build build.gradle design (1).pdf design.pdf design2ndVersion.pdf finaldesign.pdf gradle gradlew gradlew.bat planning.pdf src Get more help at https://help.gradle.org BUILD FAILED in 4s
Test 6-1
SpiderTest > 6-1 Test basic movement of spiders FAILED java.lang.IllegalArgumentException: This dungeon does not exist. at dungeonmania.DungeonManiaController.newGame(DungeonManiaController.java:110) at dungeonmania.controllerTest.Utils.newGame(Utils.java:37) at dungeonmania.controllerTest.SpiderTest.testSpiderBasicMovement(SpiderTest.java:30) FAILURE DONE 1 test completed, 1 failed FAILURE: Build failed with an exception. Meeting Minutes - Celery.md Planning2ndVersion.pdf README.md assumptions.md build build.gradle design (1).pdf design.pdf design2ndVersion.pdf finaldesign.pdf gradle gradlew gradlew.bat planning.pdf src What went wrong: Execution failed for task ':test'. > There were failing tests. See the report at: file:///Users/braedonwooding/project-automarking/w15a_celery/build/reports/tests/test/index.html Meeting Minutes - Celery.md Planning2ndVersion.pdf README.md assumptions.md build build.gradle design (1).pdf design.pdf design2ndVersion.pdf finaldesign.pdf gradle gradlew gradlew.bat planning.pdf src Try: Run with --stacktrace option to get the stack trace. Run with --info or --debug option to get more log output. Run with --scan to get full insights. Meeting Minutes - Celery.md Planning2ndVersion.pdf README.md assumptions.md build build.gradle design (1).pdf design.pdf design2ndVersion.pdf finaldesign.pdf gradle gradlew gradlew.bat planning.pdf src Get more help at https://help.gradle.org BUILD FAILED in 4s
Test 6-2
SpiderTest > 6-2 Test spiders can traverse through walls FAILED java.lang.IllegalArgumentException: This dungeon does not exist. at dungeonmania.DungeonManiaController.newGame(DungeonManiaController.java:110) at dungeonmania.controllerTest.Utils.newGame(Utils.java:37) at dungeonmania.controllerTest.SpiderTest.testSpiderTraverseWall(SpiderTest.java:67) FAILURE DONE 1 test completed, 1 failed FAILURE: Build failed with an exception. Meeting Minutes - Celery.md Planning2ndVersion.pdf README.md assumptions.md build build.gradle design (1).pdf design.pdf design2ndVersion.pdf finaldesign.pdf gradle gradlew gradlew.bat planning.pdf src What went wrong: Execution failed for task ':test'. > There were failing tests. See the report at: file:///Users/braedonwooding/project-automarking/w15a_celery/build/reports/tests/test/index.html Meeting Minutes - Celery.md Planning2ndVersion.pdf README.md assumptions.md build build.gradle design (1).pdf design.pdf design2ndVersion.pdf finaldesign.pdf gradle gradlew gradlew.bat planning.pdf src Try: Run with --stacktrace option to get the stack trace. Run with --info or --debug option to get more log output. Run with --scan to get full insights. Meeting Minutes - Celery.md Planning2ndVersion.pdf README.md assumptions.md build build.gradle design (1).pdf design.pdf design2ndVersion.pdf finaldesign.pdf gradle gradlew gradlew.bat planning.pdf src Get more help at https://help.gradle.org BUILD FAILED in 5s
Test 6-3
SpiderTest > 6-3 Test spiders can traverse through switches FAILED java.lang.IllegalArgumentException: This dungeon does not exist. at dungeonmania.DungeonManiaController.newGame(DungeonManiaController.java:110) at dungeonmania.controllerTest.Utils.newGame(Utils.java:37) at dungeonmania.controllerTest.SpiderTest.testSpiderTraverseSwitch(SpiderTest.java:82) FAILURE DONE 1 test completed, 1 failed FAILURE: Build failed with an exception. Meeting Minutes - Celery.md Planning2ndVersion.pdf README.md assumptions.md build build.gradle design (1).pdf design.pdf design2ndVersion.pdf finaldesign.pdf gradle gradlew gradlew.bat planning.pdf src What went wrong: Execution failed for task ':test'. > There were failing tests. See the report at: file:///Users/braedonwooding/project-automarking/w15a_celery/build/reports/tests/test/index.html Meeting Minutes - Celery.md Planning2ndVersion.pdf README.md assumptions.md build build.gradle design (1).pdf design.pdf design2ndVersion.pdf finaldesign.pdf gradle gradlew gradlew.bat planning.pdf src Try: Run with --stacktrace option to get the stack trace. Run with --info or --debug option to get more log output. Run with --scan to get full insights. Meeting Minutes - Celery.md Planning2ndVersion.pdf README.md assumptions.md build build.gradle design (1).pdf design.pdf design2ndVersion.pdf finaldesign.pdf gradle gradlew gradlew.bat planning.pdf src Get more help at https://help.gradle.org BUILD FAILED in 6s
Test 6-4
SpiderTest > 6-4 Test spiders can move through closed doors FAILED java.lang.IllegalArgumentException: This dungeon does not exist. at dungeonmania.DungeonManiaController.newGame(DungeonManiaController.java:110) at dungeonmania.controllerTest.Utils.newGame(Utils.java:37) at dungeonmania.controllerTest.SpiderTest.testSpiderCanMoveThroughClosedDoor(SpiderTest.java:130) FAILURE DONE 1 test completed, 1 failed FAILURE: Build failed with an exception. Meeting Minutes - Celery.md Planning2ndVersion.pdf README.md assumptions.md build build.gradle design (1).pdf design.pdf design2ndVersion.pdf finaldesign.pdf gradle gradlew gradlew.bat planning.pdf src What went wrong: Execution failed for task ':test'. > There were failing tests. See the report at: file:///Users/braedonwooding/project-automarking/w15a_celery/build/reports/tests/test/index.html Meeting Minutes - Celery.md Planning2ndVersion.pdf README.md assumptions.md build build.gradle design (1).pdf design.pdf design2ndVersion.pdf finaldesign.pdf gradle gradlew gradlew.bat planning.pdf src Try: Run with --stacktrace option to get the stack trace. Run with --info or --debug option to get more log output. Run with --scan to get full insights. Meeting Minutes - Celery.md Planning2ndVersion.pdf README.md assumptions.md build build.gradle design (1).pdf design.pdf design2ndVersion.pdf finaldesign.pdf gradle gradlew gradlew.bat planning.pdf src Get more help at https://help.gradle.org BUILD FAILED in 5s
Test 6-5
SpiderTest > 6-5 Test spiders cannot move through boulders FAILED java.lang.IllegalArgumentException: This dungeon does not exist. at dungeonmania.DungeonManiaController.newGame(DungeonManiaController.java:110) at dungeonmania.controllerTest.Utils.newGame(Utils.java:37) at dungeonmania.controllerTest.SpiderTest.testSpiderBoulderInPath(SpiderTest.java:167) FAILURE DONE 1 test completed, 1 failed FAILURE: Build failed with an exception. Meeting Minutes - Celery.md Planning2ndVersion.pdf README.md assumptions.md build build.gradle design (1).pdf design.pdf design2ndVersion.pdf finaldesign.pdf gradle gradlew gradlew.bat planning.pdf src What went wrong: Execution failed for task ':test'. > There were failing tests. See the report at: file:///Users/braedonwooding/project-automarking/w15a_celery/build/reports/tests/test/index.html Meeting Minutes - Celery.md Planning2ndVersion.pdf README.md assumptions.md build build.gradle design (1).pdf design.pdf design2ndVersion.pdf finaldesign.pdf gradle gradlew gradlew.bat planning.pdf src Try: Run with --stacktrace option to get the stack trace. Run with --info or --debug option to get more log output. Run with --scan to get full insights. Meeting Minutes - Celery.md Planning2ndVersion.pdf README.md assumptions.md build build.gradle design (1).pdf design.pdf design2ndVersion.pdf finaldesign.pdf gradle gradlew gradlew.bat planning.pdf src Get more help at https://help.gradle.org BUILD FAILED in 4s
Test 6-6
SpiderTest > 6-6 Test spider spawningÂ reaches a mmaximum amount of spiders spawned FAILED java.lang.IllegalArgumentException: This dungeon does not exist. at dungeonmania.DungeonManiaController.newGame(DungeonManiaController.java:110) at dungeonmania.controllerTest.Utils.newGame(Utils.java:37) at dungeonmania.controllerTest.SpiderTest.testSpiderMaxAmount(SpiderTest.java:207) FAILURE DONE 1 test completed, 1 failed FAILURE: Build failed with an exception. Meeting Minutes - Celery.md Planning2ndVersion.pdf README.md assumptions.md build build.gradle design (1).pdf design.pdf design2ndVersion.pdf finaldesign.pdf gradle gradlew gradlew.bat planning.pdf src What went wrong: Execution failed for task ':test'. > There were failing tests. See the report at: file:///Users/braedonwooding/project-automarking/w15a_celery/build/reports/tests/test/index.html Meeting Minutes - Celery.md Planning2ndVersion.pdf README.md assumptions.md build build.gradle design (1).pdf design.pdf design2ndVersion.pdf finaldesign.pdf gradle gradlew gradlew.bat planning.pdf src Try: Run with --stacktrace option to get the stack trace. Run with --info or --debug option to get more log output. Run with --scan to get full insights. Meeting Minutes - Celery.md Planning2ndVersion.pdf README.md assumptions.md build build.gradle design (1).pdf design.pdf design2ndVersion.pdf finaldesign.pdf gradle gradlew gradlew.bat planning.pdf src Get more help at https://help.gradle.org BUILD FAILED in 4s
Test 7-1
BasicGoalsTest > 7-1 Test achieving a basic exit goal FAILED java.lang.IllegalArgumentException: This dungeon does not exist. at dungeonmania.DungeonManiaController.newGame(DungeonManiaController.java:110) at dungeonmania.controllerTest.Utils.newGame(Utils.java:37) at dungeonmania.controllerTest.BasicGoalsTest.testExitGoal(BasicGoalsTest.java:23) FAILURE DONE 1 test completed, 1 failed FAILURE: Build failed with an exception. Meeting Minutes - Celery.md Planning2ndVersion.pdf README.md assumptions.md build build.gradle design (1).pdf design.pdf design2ndVersion.pdf finaldesign.pdf gradle gradlew gradlew.bat planning.pdf src What went wrong: Execution failed for task ':test'. > There were failing tests. See the report at: file:///Users/braedonwooding/project-automarking/w15a_celery/build/reports/tests/test/index.html Meeting Minutes - Celery.md Planning2ndVersion.pdf README.md assumptions.md build build.gradle design (1).pdf design.pdf design2ndVersion.pdf finaldesign.pdf gradle gradlew gradlew.bat planning.pdf src Try: Run with --stacktrace option to get the stack trace. Run with --info or --debug option to get more log output. Run with --scan to get full insights. Meeting Minutes - Celery.md Planning2ndVersion.pdf README.md assumptions.md build build.gradle design (1).pdf design.pdf design2ndVersion.pdf finaldesign.pdf gradle gradlew gradlew.bat planning.pdf src Get more help at https://help.gradle.org BUILD FAILED in 4s
Test 7-2
BasicGoalsTest > 7-2 Test a map with an enemies goal, but with no enemies is automatically achieved FAILED java.lang.IllegalArgumentException: This dungeon does not exist. at dungeonmania.DungeonManiaController.newGame(DungeonManiaController.java:110) at dungeonmania.controllerTest.Utils.newGame(Utils.java:37) at dungeonmania.controllerTest.BasicGoalsTest.testEnemyGoalNoEnemies(BasicGoalsTest.java:41) FAILURE DONE 1 test completed, 1 failed FAILURE: Build failed with an exception. Meeting Minutes - Celery.md Planning2ndVersion.pdf README.md assumptions.md build build.gradle design (1).pdf design.pdf design2ndVersion.pdf finaldesign.pdf gradle gradlew gradlew.bat planning.pdf src What went wrong: Execution failed for task ':test'. > There were failing tests. See the report at: file:///Users/braedonwooding/project-automarking/w15a_celery/build/reports/tests/test/index.html Meeting Minutes - Celery.md Planning2ndVersion.pdf README.md assumptions.md build build.gradle design (1).pdf design.pdf design2ndVersion.pdf finaldesign.pdf gradle gradlew gradlew.bat planning.pdf src Try: Run with --stacktrace option to get the stack trace. Run with --info or --debug option to get more log output. Run with --scan to get full insights. Meeting Minutes - Celery.md Planning2ndVersion.pdf README.md assumptions.md build build.gradle design (1).pdf design.pdf design2ndVersion.pdf finaldesign.pdf gradle gradlew gradlew.bat planning.pdf src Get more help at https://help.gradle.org BUILD FAILED in 5s
Test 7-3
BasicGoalsTest > 7-3 Testing achieving an enemies goal with a single spider on the map FAILED java.lang.IllegalArgumentException: This dungeon does not exist. at dungeonmania.DungeonManiaController.newGame(DungeonManiaController.java:110) at dungeonmania.controllerTest.Utils.newGame(Utils.java:37) at dungeonmania.controllerTest.BasicGoalsTest.testEnemyGoalSpider(BasicGoalsTest.java:59) FAILURE DONE 1 test completed, 1 failed FAILURE: Build failed with an exception. Meeting Minutes - Celery.md Planning2ndVersion.pdf README.md assumptions.md build build.gradle design (1).pdf design.pdf design2ndVersion.pdf finaldesign.pdf gradle gradlew gradlew.bat planning.pdf src What went wrong: Execution failed for task ':test'. > There were failing tests. See the report at: file:///Users/braedonwooding/project-automarking/w15a_celery/build/reports/tests/test/index.html Meeting Minutes - Celery.md Planning2ndVersion.pdf README.md assumptions.md build build.gradle design (1).pdf design.pdf design2ndVersion.pdf finaldesign.pdf gradle gradlew gradlew.bat planning.pdf src Try: Run with --stacktrace option to get the stack trace. Run with --info or --debug option to get more log output. Run with --scan to get full insights. Meeting Minutes - Celery.md Planning2ndVersion.pdf README.md assumptions.md build build.gradle design (1).pdf design.pdf design2ndVersion.pdf finaldesign.pdf gradle gradlew gradlew.bat planning.pdf src Get more help at https://help.gradle.org BUILD FAILED in 5s
Test 7-4
BasicGoalsTest > 7-4 Test a map with a switch goal, but no switch is automatically achieved FAILED java.lang.IllegalArgumentException: This dungeon does not exist. at dungeonmania.DungeonManiaController.newGame(DungeonManiaController.java:110) at dungeonmania.controllerTest.Utils.newGame(Utils.java:37) at dungeonmania.controllerTest.BasicGoalsTest.testSwitchGoalNoSwitch(BasicGoalsTest.java:80) FAILURE DONE 1 test completed, 1 failed FAILURE: Build failed with an exception. Meeting Minutes - Celery.md Planning2ndVersion.pdf README.md assumptions.md build build.gradle design (1).pdf design.pdf design2ndVersion.pdf finaldesign.pdf gradle gradlew gradlew.bat planning.pdf src What went wrong: Execution failed for task ':test'. > There were failing tests. See the report at: file:///Users/braedonwooding/project-automarking/w15a_celery/build/reports/tests/test/index.html Meeting Minutes - Celery.md Planning2ndVersion.pdf README.md assumptions.md build build.gradle design (1).pdf design.pdf design2ndVersion.pdf finaldesign.pdf gradle gradlew gradlew.bat planning.pdf src Try: Run with --stacktrace option to get the stack trace. Run with --info or --debug option to get more log output. Run with --scan to get full insights. Meeting Minutes - Celery.md Planning2ndVersion.pdf README.md assumptions.md build build.gradle design (1).pdf design.pdf design2ndVersion.pdf finaldesign.pdf gradle gradlew gradlew.bat planning.pdf src Get more help at https://help.gradle.org BUILD FAILED in 4s
Test 7-5
BasicGoalsTest > 7-5 Test achieving a switch goal where there is one switch FAILED java.lang.IllegalArgumentException: This dungeon does not exist. at dungeonmania.DungeonManiaController.newGame(DungeonManiaController.java:110) at dungeonmania.controllerTest.Utils.newGame(Utils.java:37) at dungeonmania.controllerTest.BasicGoalsTest.testSwitchGoalOneSwitch(BasicGoalsTest.java:94) FAILURE DONE 1 test completed, 1 failed FAILURE: Build failed with an exception. Meeting Minutes - Celery.md Planning2ndVersion.pdf README.md assumptions.md build build.gradle design (1).pdf design.pdf design2ndVersion.pdf finaldesign.pdf gradle gradlew gradlew.bat planning.pdf src What went wrong: Execution failed for task ':test'. > There were failing tests. See the report at: file:///Users/braedonwooding/project-automarking/w15a_celery/build/reports/tests/test/index.html Meeting Minutes - Celery.md Planning2ndVersion.pdf README.md assumptions.md build build.gradle design (1).pdf design.pdf design2ndVersion.pdf finaldesign.pdf gradle gradlew gradlew.bat planning.pdf src Try: Run with --stacktrace option to get the stack trace. Run with --info or --debug option to get more log output. Run with --scan to get full insights. Meeting Minutes - Celery.md Planning2ndVersion.pdf README.md assumptions.md build build.gradle design (1).pdf design.pdf design2ndVersion.pdf finaldesign.pdf gradle gradlew gradlew.bat planning.pdf src Get more help at https://help.gradle.org BUILD FAILED in 4s
Test 7-6
BasicGoalsTest > 7-6 Test achieving a switch goal where there are two switches FAILED java.lang.IllegalArgumentException: This dungeon does not exist. at dungeonmania.DungeonManiaController.newGame(DungeonManiaController.java:110) at dungeonmania.controllerTest.Utils.newGame(Utils.java:37) at dungeonmania.controllerTest.BasicGoalsTest.testSwitchGoalTwoSwitches(BasicGoalsTest.java:116) FAILURE DONE 1 test completed, 1 failed FAILURE: Build failed with an exception. Meeting Minutes - Celery.md Planning2ndVersion.pdf README.md assumptions.md build build.gradle design (1).pdf design.pdf design2ndVersion.pdf finaldesign.pdf gradle gradlew gradlew.bat planning.pdf src What went wrong: Execution failed for task ':test'. > There were failing tests. See the report at: file:///Users/braedonwooding/project-automarking/w15a_celery/build/reports/tests/test/index.html Meeting Minutes - Celery.md Planning2ndVersion.pdf README.md assumptions.md build build.gradle design (1).pdf design.pdf design2ndVersion.pdf finaldesign.pdf gradle gradlew gradlew.bat planning.pdf src Try: Run with --stacktrace option to get the stack trace. Run with --info or --debug option to get more log output. Run with --scan to get full insights. Meeting Minutes - Celery.md Planning2ndVersion.pdf README.md assumptions.md build build.gradle design (1).pdf design.pdf design2ndVersion.pdf finaldesign.pdf gradle gradlew gradlew.bat planning.pdf src Get more help at https://help.gradle.org BUILD FAILED in 4s
Test 7-7
BasicGoalsTest > Test a map with a treasure goal, but no treasure is automatically achieved FAILED java.lang.IllegalArgumentException: This dungeon does not exist. at dungeonmania.DungeonManiaController.newGame(DungeonManiaController.java:110) at dungeonmania.controllerTest.Utils.newGame(Utils.java:37) at dungeonmania.controllerTest.BasicGoalsTest.testTreasureGoalNoTreasure(BasicGoalsTest.java:145) FAILURE DONE 1 test completed, 1 failed FAILURE: Build failed with an exception. Meeting Minutes - Celery.md Planning2ndVersion.pdf README.md assumptions.md build build.gradle design (1).pdf design.pdf design2ndVersion.pdf finaldesign.pdf gradle gradlew gradlew.bat planning.pdf src What went wrong: Execution failed for task ':test'. > There were failing tests. See the report at: file:///Users/braedonwooding/project-automarking/w15a_celery/build/reports/tests/test/index.html Meeting Minutes - Celery.md Planning2ndVersion.pdf README.md assumptions.md build build.gradle design (1).pdf design.pdf design2ndVersion.pdf finaldesign.pdf gradle gradlew gradlew.bat planning.pdf src Try: Run with --stacktrace option to get the stack trace. Run with --info or --debug option to get more log output. Run with --scan to get full insights. Meeting Minutes - Celery.md Planning2ndVersion.pdf README.md assumptions.md build build.gradle design (1).pdf design.pdf design2ndVersion.pdf finaldesign.pdf gradle gradlew gradlew.bat planning.pdf src Get more help at https://help.gradle.org BUILD FAILED in 4s
Test 7-8
BasicGoalsTest > Test a achieving a treasure goal with one treasure on the map FAILED java.lang.IllegalArgumentException: This dungeon does not exist. at dungeonmania.DungeonManiaController.newGame(DungeonManiaController.java:110) at dungeonmania.controllerTest.Utils.newGame(Utils.java:37) at dungeonmania.controllerTest.BasicGoalsTest.testTreasureGoalOneTreasure(BasicGoalsTest.java:159) FAILURE DONE 1 test completed, 1 failed FAILURE: Build failed with an exception. Meeting Minutes - Celery.md Planning2ndVersion.pdf README.md assumptions.md build build.gradle design (1).pdf design.pdf design2ndVersion.pdf finaldesign.pdf gradle gradlew gradlew.bat planning.pdf src What went wrong: Execution failed for task ':test'. > There were failing tests. See the report at: file:///Users/braedonwooding/project-automarking/w15a_celery/build/reports/tests/test/index.html Meeting Minutes - Celery.md Planning2ndVersion.pdf README.md assumptions.md build build.gradle design (1).pdf design.pdf design2ndVersion.pdf finaldesign.pdf gradle gradlew gradlew.bat planning.pdf src Try: Run with --stacktrace option to get the stack trace. Run with --info or --debug option to get more log output. Run with --scan to get full insights. Meeting Minutes - Celery.md Planning2ndVersion.pdf README.md assumptions.md build build.gradle design (1).pdf design.pdf design2ndVersion.pdf finaldesign.pdf gradle gradlew gradlew.bat planning.pdf src Get more help at https://help.gradle.org BUILD FAILED in 5s
Test 7-9
BasicGoalsTest > Testing a treasure goal with two treasure on the map FAILED java.lang.IllegalArgumentException: This dungeon does not exist. at dungeonmania.DungeonManiaController.newGame(DungeonManiaController.java:110) at dungeonmania.controllerTest.Utils.newGame(Utils.java:37) at dungeonmania.controllerTest.BasicGoalsTest.testTreasureGoalCollectTwoTreasure(BasicGoalsTest.java:180) FAILURE DONE 1 test completed, 1 failed FAILURE: Build failed with an exception. Meeting Minutes - Celery.md Planning2ndVersion.pdf README.md assumptions.md build build.gradle design (1).pdf design.pdf design2ndVersion.pdf finaldesign.pdf gradle gradlew gradlew.bat planning.pdf src What went wrong: Execution failed for task ':test'. > There were failing tests. See the report at: file:///Users/braedonwooding/project-automarking/w15a_celery/build/reports/tests/test/index.html Meeting Minutes - Celery.md Planning2ndVersion.pdf README.md assumptions.md build build.gradle design (1).pdf design.pdf design2ndVersion.pdf finaldesign.pdf gradle gradlew gradlew.bat planning.pdf src Try: Run with --stacktrace option to get the stack trace. Run with --info or --debug option to get more log output. Run with --scan to get full insights. Meeting Minutes - Celery.md Planning2ndVersion.pdf README.md assumptions.md build build.gradle design (1).pdf design.pdf design2ndVersion.pdf finaldesign.pdf gradle gradlew gradlew.bat planning.pdf src Get more help at https://help.gradle.org BUILD FAILED in 5s
Test 8-1
MovementTest > 8-1 Test the player can move down FAILED java.lang.IllegalArgumentException: This dungeon does not exist. at dungeonmania.DungeonManiaController.newGame(DungeonManiaController.java:110) at dungeonmania.controllerTest.MovementTest.testMovement(MovementTest.java:19) at dungeonmania.controllerTest.MovementTest.testMovementDown(MovementTest.java:31) FAILURE DONE 1 test completed, 1 failed FAILURE: Build failed with an exception. Meeting Minutes - Celery.md Planning2ndVersion.pdf README.md assumptions.md build build.gradle design (1).pdf design.pdf design2ndVersion.pdf finaldesign.pdf gradle gradlew gradlew.bat planning.pdf src What went wrong: Execution failed for task ':test'. > There were failing tests. See the report at: file:///Users/braedonwooding/project-automarking/w15a_celery/build/reports/tests/test/index.html Meeting Minutes - Celery.md Planning2ndVersion.pdf README.md assumptions.md build build.gradle design (1).pdf design.pdf design2ndVersion.pdf finaldesign.pdf gradle gradlew gradlew.bat planning.pdf src Try: Run with --stacktrace option to get the stack trace. Run with --info or --debug option to get more log output. Run with --scan to get full insights. Meeting Minutes - Celery.md Planning2ndVersion.pdf README.md assumptions.md build build.gradle design (1).pdf design.pdf design2ndVersion.pdf finaldesign.pdf gradle gradlew gradlew.bat planning.pdf src Get more help at https://help.gradle.org BUILD FAILED in 6s
Test 8-2
MovementTest > 8-2 Test the player can move up FAILED java.lang.IllegalArgumentException: This dungeon does not exist. at dungeonmania.DungeonManiaController.newGame(DungeonManiaController.java:110) at dungeonmania.controllerTest.MovementTest.testMovement(MovementTest.java:19) at dungeonmania.controllerTest.MovementTest.testMovementUp(MovementTest.java:38) FAILURE DONE 1 test completed, 1 failed FAILURE: Build failed with an exception. Meeting Minutes - Celery.md Planning2ndVersion.pdf README.md assumptions.md build build.gradle design (1).pdf design.pdf design2ndVersion.pdf finaldesign.pdf gradle gradlew gradlew.bat planning.pdf src What went wrong: Execution failed for task ':test'. > There were failing tests. See the report at: file:///Users/braedonwooding/project-automarking/w15a_celery/build/reports/tests/test/index.html Meeting Minutes - Celery.md Planning2ndVersion.pdf README.md assumptions.md build build.gradle design (1).pdf design.pdf design2ndVersion.pdf finaldesign.pdf gradle gradlew gradlew.bat planning.pdf src Try: Run with --stacktrace option to get the stack trace. Run with --info or --debug option to get more log output. Run with --scan to get full insights. Meeting Minutes - Celery.md Planning2ndVersion.pdf README.md assumptions.md build build.gradle design (1).pdf design.pdf design2ndVersion.pdf finaldesign.pdf gradle gradlew gradlew.bat planning.pdf src Get more help at https://help.gradle.org BUILD FAILED in 5s
Test 8-3
MovementTest > 8-3 Test the player can move left FAILED java.lang.IllegalArgumentException: This dungeon does not exist. at dungeonmania.DungeonManiaController.newGame(DungeonManiaController.java:110) at dungeonmania.controllerTest.MovementTest.testMovement(MovementTest.java:19) at dungeonmania.controllerTest.MovementTest.testMovementLeft(MovementTest.java:45) FAILURE DONE 1 test completed, 1 failed FAILURE: Build failed with an exception. Meeting Minutes - Celery.md Planning2ndVersion.pdf README.md assumptions.md build build.gradle design (1).pdf design.pdf design2ndVersion.pdf finaldesign.pdf gradle gradlew gradlew.bat planning.pdf src What went wrong: Execution failed for task ':test'. > There were failing tests. See the report at: file:///Users/braedonwooding/project-automarking/w15a_celery/build/reports/tests/test/index.html Meeting Minutes - Celery.md Planning2ndVersion.pdf README.md assumptions.md build build.gradle design (1).pdf design.pdf design2ndVersion.pdf finaldesign.pdf gradle gradlew gradlew.bat planning.pdf src Try: Run with --stacktrace option to get the stack trace. Run with --info or --debug option to get more log output. Run with --scan to get full insights. Meeting Minutes - Celery.md Planning2ndVersion.pdf README.md assumptions.md build build.gradle design (1).pdf design.pdf design2ndVersion.pdf finaldesign.pdf gradle gradlew gradlew.bat planning.pdf src Get more help at https://help.gradle.org BUILD FAILED in 5s
Test 8-4
MovementTest > 8-4 Test the player can move right FAILED java.lang.IllegalArgumentException: This dungeon does not exist. at dungeonmania.DungeonManiaController.newGame(DungeonManiaController.java:110) at dungeonmania.controllerTest.MovementTest.testMovement(MovementTest.java:19) at dungeonmania.controllerTest.MovementTest.testMovementRight(MovementTest.java:52) FAILURE DONE 1 test completed, 1 failed FAILURE: Build failed with an exception. Meeting Minutes - Celery.md Planning2ndVersion.pdf README.md assumptions.md build build.gradle design (1).pdf design.pdf design2ndVersion.pdf finaldesign.pdf gradle gradlew gradlew.bat planning.pdf src What went wrong: Execution failed for task ':test'. > There were failing tests. See the report at: file:///Users/braedonwooding/project-automarking/w15a_celery/build/reports/tests/test/index.html Meeting Minutes - Celery.md Planning2ndVersion.pdf README.md assumptions.md build build.gradle design (1).pdf design.pdf design2ndVersion.pdf finaldesign.pdf gradle gradlew gradlew.bat planning.pdf src Try: Run with --stacktrace option to get the stack trace. Run with --info or --debug option to get more log output. Run with --scan to get full insights. Meeting Minutes - Celery.md Planning2ndVersion.pdf README.md assumptions.md build build.gradle design (1).pdf design.pdf design2ndVersion.pdf finaldesign.pdf gradle gradlew gradlew.bat planning.pdf src Get more help at https://help.gradle.org BUILD FAILED in 5s
Test 9-1
BuildablesTest > 9-1 Test building a bow FAILED java.lang.IllegalArgumentException: This dungeon does not exist. at dungeonmania.DungeonManiaController.newGame(DungeonManiaController.java:110) at dungeonmania.controllerTest.Utils.newGame(Utils.java:37) at dungeonmania.controllerTest.BuildablesTest.testBuildBow(BuildablesTest.java:29) FAILURE DONE 1 test completed, 1 failed FAILURE: Build failed with an exception. Meeting Minutes - Celery.md Planning2ndVersion.pdf README.md assumptions.md build build.gradle design (1).pdf design.pdf design2ndVersion.pdf finaldesign.pdf gradle gradlew gradlew.bat planning.pdf src What went wrong: Execution failed for task ':test'. > There were failing tests. See the report at: file:///Users/braedonwooding/project-automarking/w15a_celery/build/reports/tests/test/index.html Meeting Minutes - Celery.md Planning2ndVersion.pdf README.md assumptions.md build build.gradle design (1).pdf design.pdf design2ndVersion.pdf finaldesign.pdf gradle gradlew gradlew.bat planning.pdf src Try: Run with --stacktrace option to get the stack trace. Run with --info or --debug option to get more log output. Run with --scan to get full insights. Meeting Minutes - Celery.md Planning2ndVersion.pdf README.md assumptions.md build build.gradle design (1).pdf design.pdf design2ndVersion.pdf finaldesign.pdf gradle gradlew gradlew.bat planning.pdf src Get more help at https://help.gradle.org BUILD FAILED in 4s
Test 9-2
BuildablesTest > 9-2 Test building a shield with a key FAILED java.lang.IllegalArgumentException: This dungeon does not exist. at dungeonmania.DungeonManiaController.newGame(DungeonManiaController.java:110) at dungeonmania.controllerTest.Utils.newGame(Utils.java:37) at dungeonmania.controllerTest.BuildablesTest.testBuildShieldWithKey(BuildablesTest.java:60) FAILURE DONE 1 test completed, 1 failed FAILURE: Build failed with an exception. Meeting Minutes - Celery.md Planning2ndVersion.pdf README.md assumptions.md build build.gradle design (1).pdf design.pdf design2ndVersion.pdf finaldesign.pdf gradle gradlew gradlew.bat planning.pdf src What went wrong: Execution failed for task ':test'. > There were failing tests. See the report at: file:///Users/braedonwooding/project-automarking/w15a_celery/build/reports/tests/test/index.html Meeting Minutes - Celery.md Planning2ndVersion.pdf README.md assumptions.md build build.gradle design (1).pdf design.pdf design2ndVersion.pdf finaldesign.pdf gradle gradlew gradlew.bat planning.pdf src Try: Run with --stacktrace option to get the stack trace. Run with --info or --debug option to get more log output. Run with --scan to get full insights. Meeting Minutes - Celery.md Planning2ndVersion.pdf README.md assumptions.md build build.gradle design (1).pdf design.pdf design2ndVersion.pdf finaldesign.pdf gradle gradlew gradlew.bat planning.pdf src Get more help at https://help.gradle.org BUILD FAILED in 7s
Test 9-3
BuildablesTest > 9-3 Test building a shield with treasure FAILED java.lang.IllegalArgumentException: This dungeon does not exist. at dungeonmania.DungeonManiaController.newGame(DungeonManiaController.java:110) at dungeonmania.controllerTest.Utils.newGame(Utils.java:37) at dungeonmania.controllerTest.BuildablesTest.testBuildShieldWithTreasure(BuildablesTest.java:91) FAILURE DONE 1 test completed, 1 failed FAILURE: Build failed with an exception. Meeting Minutes - Celery.md Planning2ndVersion.pdf README.md assumptions.md build build.gradle design (1).pdf design.pdf design2ndVersion.pdf finaldesign.pdf gradle gradlew gradlew.bat planning.pdf src What went wrong: Execution failed for task ':test'. > There were failing tests. See the report at: file:///Users/braedonwooding/project-automarking/w15a_celery/build/reports/tests/test/index.html Meeting Minutes - Celery.md Planning2ndVersion.pdf README.md assumptions.md build build.gradle design (1).pdf design.pdf design2ndVersion.pdf finaldesign.pdf gradle gradlew gradlew.bat planning.pdf src Try: Run with --stacktrace option to get the stack trace. Run with --info or --debug option to get more log output. Run with --scan to get full insights. Meeting Minutes - Celery.md Planning2ndVersion.pdf README.md assumptions.md build build.gradle design (1).pdf design.pdf design2ndVersion.pdf finaldesign.pdf gradle gradlew gradlew.bat planning.pdf src Get more help at https://help.gradle.org BUILD FAILED in 5s
Test 10-1
BombsTest > 10-1 Test picking up a bomb removes the bomb from the map FAILED java.lang.IllegalArgumentException: This dungeon does not exist. at dungeonmania.DungeonManiaController.newGame(DungeonManiaController.java:110) at dungeonmania.controllerTest.Utils.newGame(Utils.java:37) at dungeonmania.controllerTest.BombsTest.testBombPickUpRemoveFromMap(BombsTest.java:29) FAILURE DONE 1 test completed, 1 failed FAILURE: Build failed with an exception. Meeting Minutes - Celery.md Planning2ndVersion.pdf README.md assumptions.md build build.gradle design (1).pdf design.pdf design2ndVersion.pdf finaldesign.pdf gradle gradlew gradlew.bat planning.pdf src What went wrong: Execution failed for task ':test'. > There were failing tests. See the report at: file:///Users/braedonwooding/project-automarking/w15a_celery/build/reports/tests/test/index.html Meeting Minutes - Celery.md Planning2ndVersion.pdf README.md assumptions.md build build.gradle design (1).pdf design.pdf design2ndVersion.pdf finaldesign.pdf gradle gradlew gradlew.bat planning.pdf src Try: Run with --stacktrace option to get the stack trace. Run with --info or --debug option to get more log output. Run with --scan to get full insights. Meeting Minutes - Celery.md Planning2ndVersion.pdf README.md assumptions.md build build.gradle design (1).pdf design.pdf design2ndVersion.pdf finaldesign.pdf gradle gradlew gradlew.bat planning.pdf src Get more help at https://help.gradle.org BUILD FAILED in 5s
Test 10-2
BombsTest > 10-2 Test picking up a bomb adds the bomb to the inventory FAILED java.lang.IllegalArgumentException: This dungeon does not exist. at dungeonmania.DungeonManiaController.newGame(DungeonManiaController.java:110) at dungeonmania.controllerTest.Utils.newGame(Utils.java:37) at dungeonmania.controllerTest.BombsTest.testBombPickUpAddToInventory(BombsTest.java:44) FAILURE DONE 1 test completed, 1 failed FAILURE: Build failed with an exception. Meeting Minutes - Celery.md Planning2ndVersion.pdf README.md assumptions.md build build.gradle design (1).pdf design.pdf design2ndVersion.pdf finaldesign.pdf gradle gradlew gradlew.bat planning.pdf src What went wrong: Execution failed for task ':test'. > There were failing tests. See the report at: file:///Users/braedonwooding/project-automarking/w15a_celery/build/reports/tests/test/index.html Meeting Minutes - Celery.md Planning2ndVersion.pdf README.md assumptions.md build build.gradle design (1).pdf design.pdf design2ndVersion.pdf finaldesign.pdf gradle gradlew gradlew.bat planning.pdf src Try: Run with --stacktrace option to get the stack trace. Run with --info or --debug option to get more log output. Run with --scan to get full insights. Meeting Minutes - Celery.md Planning2ndVersion.pdf README.md assumptions.md build build.gradle design (1).pdf design.pdf design2ndVersion.pdf finaldesign.pdf gradle gradlew gradlew.bat planning.pdf src Get more help at https://help.gradle.org BUILD FAILED in 4s
Test 10-3
BombsTest > 10-3 Test placing a bomb removes it from the inventory FAILED java.lang.IllegalArgumentException: This dungeon does not exist. at dungeonmania.DungeonManiaController.newGame(DungeonManiaController.java:110) at dungeonmania.controllerTest.Utils.newGame(Utils.java:37) at dungeonmania.controllerTest.BombsTest.testBombRemoveFromInventory(BombsTest.java:59) FAILURE DONE 1 test completed, 1 failed FAILURE: Build failed with an exception. Meeting Minutes - Celery.md Planning2ndVersion.pdf README.md assumptions.md build build.gradle design (1).pdf design.pdf design2ndVersion.pdf finaldesign.pdf gradle gradlew gradlew.bat planning.pdf src What went wrong: Execution failed for task ':test'. > There were failing tests. See the report at: file:///Users/braedonwooding/project-automarking/w15a_celery/build/reports/tests/test/index.html Meeting Minutes - Celery.md Planning2ndVersion.pdf README.md assumptions.md build build.gradle design (1).pdf design.pdf design2ndVersion.pdf finaldesign.pdf gradle gradlew gradlew.bat planning.pdf src Try: Run with --stacktrace option to get the stack trace. Run with --info or --debug option to get more log output. Run with --scan to get full insights. Meeting Minutes - Celery.md Planning2ndVersion.pdf README.md assumptions.md build build.gradle design (1).pdf design.pdf design2ndVersion.pdf finaldesign.pdf gradle gradlew gradlew.bat planning.pdf src Get more help at https://help.gradle.org BUILD FAILED in 4s
Test 10-4
BombsTest > 10-4 Test placing a bomb places it on the map at the character's location FAILED java.lang.IllegalArgumentException: This dungeon does not exist. at dungeonmania.DungeonManiaController.newGame(DungeonManiaController.java:110) at dungeonmania.controllerTest.Utils.newGame(Utils.java:37) at dungeonmania.controllerTest.BombsTest.testBombPlaceOnMap(BombsTest.java:80) FAILURE DONE 1 test completed, 1 failed FAILURE: Build failed with an exception. Meeting Minutes - Celery.md Planning2ndVersion.pdf README.md assumptions.md build build.gradle design (1).pdf design.pdf design2ndVersion.pdf finaldesign.pdf gradle gradlew gradlew.bat planning.pdf src What went wrong: Execution failed for task ':test'. > There were failing tests. See the report at: file:///Users/braedonwooding/project-automarking/w15a_celery/build/reports/tests/test/index.html Meeting Minutes - Celery.md Planning2ndVersion.pdf README.md assumptions.md build build.gradle design (1).pdf design.pdf design2ndVersion.pdf finaldesign.pdf gradle gradlew gradlew.bat planning.pdf src Try: Run with --stacktrace option to get the stack trace. Run with --info or --debug option to get more log output. Run with --scan to get full insights. Meeting Minutes - Celery.md Planning2ndVersion.pdf README.md assumptions.md build build.gradle design (1).pdf design.pdf design2ndVersion.pdf finaldesign.pdf gradle gradlew gradlew.bat planning.pdf src Get more help at https://help.gradle.org BUILD FAILED in 5s
Test 10-5
BombsTest > Test placing a bomb on a map cardinally adjacent to an active switch causes the bomb to detonate, removing surrounding entites except for the player FAILED java.lang.IllegalArgumentException: This dungeon does not exist. at dungeonmania.DungeonManiaController.newGame(DungeonManiaController.java:110) at dungeonmania.controllerTest.Utils.newGame(Utils.java:37) at dungeonmania.controllerTest.BombsTest.testBombPlaceMapCardinallyAdjacentActiveSwitch(BombsTest.java:103) FAILURE DONE 1 test completed, 1 failed FAILURE: Build failed with an exception. Meeting Minutes - Celery.md Planning2ndVersion.pdf README.md assumptions.md build build.gradle design (1).pdf design.pdf design2ndVersion.pdf finaldesign.pdf gradle gradlew gradlew.bat planning.pdf src What went wrong: Execution failed for task ':test'. > There were failing tests. See the report at: file:///Users/braedonwooding/project-automarking/w15a_celery/build/reports/tests/test/index.html Meeting Minutes - Celery.md Planning2ndVersion.pdf README.md assumptions.md build build.gradle design (1).pdf design.pdf design2ndVersion.pdf finaldesign.pdf gradle gradlew gradlew.bat planning.pdf src Try: Run with --stacktrace option to get the stack trace. Run with --info or --debug option to get more log output. Run with --scan to get full insights. Meeting Minutes - Celery.md Planning2ndVersion.pdf README.md assumptions.md build build.gradle design (1).pdf design.pdf design2ndVersion.pdf finaldesign.pdf gradle gradlew gradlew.bat planning.pdf src Get more help at https://help.gradle.org BUILD FAILED in 5s
Test 10-6
BombsTest > 10-6 Test placing a bomb diagonally adjacent to an active switch does not detonate the bomb FAILED java.lang.IllegalArgumentException: This dungeon does not exist. at dungeonmania.DungeonManiaController.newGame(DungeonManiaController.java:110) at dungeonmania.controllerTest.Utils.newGame(Utils.java:37) at dungeonmania.controllerTest.BombsTest.testBombPlaceMapDiagonallyAdjacentActiveSwitch(BombsTest.java:140) FAILURE DONE 1 test completed, 1 failed FAILURE: Build failed with an exception. Meeting Minutes - Celery.md Planning2ndVersion.pdf README.md assumptions.md build build.gradle design (1).pdf design.pdf design2ndVersion.pdf finaldesign.pdf gradle gradlew gradlew.bat planning.pdf src What went wrong: Execution failed for task ':test'. > There were failing tests. See the report at: file:///Users/braedonwooding/project-automarking/w15a_celery/build/reports/tests/test/index.html Meeting Minutes - Celery.md Planning2ndVersion.pdf README.md assumptions.md build build.gradle design (1).pdf design.pdf design2ndVersion.pdf finaldesign.pdf gradle gradlew gradlew.bat planning.pdf src Try: Run with --stacktrace option to get the stack trace. Run with --info or --debug option to get more log output. Run with --scan to get full insights. Meeting Minutes - Celery.md Planning2ndVersion.pdf README.md assumptions.md build build.gradle design (1).pdf design.pdf design2ndVersion.pdf finaldesign.pdf gradle gradlew gradlew.bat planning.pdf src Get more help at https://help.gradle.org BUILD FAILED in 4s
Test 10-7
BombsTest > 10-7 Test placing a bomb cardinally adjacent to an inactive switch does not cause the bomb to explode FAILED java.lang.IllegalArgumentException: This dungeon does not exist. at dungeonmania.DungeonManiaController.newGame(DungeonManiaController.java:110) at dungeonmania.controllerTest.Utils.newGame(Utils.java:37) at dungeonmania.controllerTest.BombsTest.testBombPlaceMapCardinallyAdjacentInactiveSwitch(BombsTest.java:176) FAILURE DONE 1 test completed, 1 failed FAILURE: Build failed with an exception. Meeting Minutes - Celery.md Planning2ndVersion.pdf README.md assumptions.md build build.gradle design (1).pdf design.pdf design2ndVersion.pdf finaldesign.pdf gradle gradlew gradlew.bat planning.pdf src What went wrong: Execution failed for task ':test'. > There were failing tests. See the report at: file:///Users/braedonwooding/project-automarking/w15a_celery/build/reports/tests/test/index.html Meeting Minutes - Celery.md Planning2ndVersion.pdf README.md assumptions.md build build.gradle design (1).pdf design.pdf design2ndVersion.pdf finaldesign.pdf gradle gradlew gradlew.bat planning.pdf src Try: Run with --stacktrace option to get the stack trace. Run with --info or --debug option to get more log output. Run with --scan to get full insights. Meeting Minutes - Celery.md Planning2ndVersion.pdf README.md assumptions.md build build.gradle design (1).pdf design.pdf design2ndVersion.pdf finaldesign.pdf gradle gradlew gradlew.bat planning.pdf src Get more help at https://help.gradle.org BUILD FAILED in 4s
Test 10-8
BombsTest > 10-8 Test placing a bomb diagonally adjacent to an inactive switch does not cause the bomb to explode FAILED java.lang.IllegalArgumentException: This dungeon does not exist. at dungeonmania.DungeonManiaController.newGame(DungeonManiaController.java:110) at dungeonmania.controllerTest.Utils.newGame(Utils.java:37) at dungeonmania.controllerTest.BombsTest.testBombPlaceMapDiagonallyAdjacentInactiveSwitch(BombsTest.java:203) FAILURE DONE 1 test completed, 1 failed FAILURE: Build failed with an exception. Meeting Minutes - Celery.md Planning2ndVersion.pdf README.md assumptions.md build build.gradle design (1).pdf design.pdf design2ndVersion.pdf finaldesign.pdf gradle gradlew gradlew.bat planning.pdf src What went wrong: Execution failed for task ':test'. > There were failing tests. See the report at: file:///Users/braedonwooding/project-automarking/w15a_celery/build/reports/tests/test/index.html Meeting Minutes - Celery.md Planning2ndVersion.pdf README.md assumptions.md build build.gradle design (1).pdf design.pdf design2ndVersion.pdf finaldesign.pdf gradle gradlew gradlew.bat planning.pdf src Try: Run with --stacktrace option to get the stack trace. Run with --info or --debug option to get more log output. Run with --scan to get full insights. Meeting Minutes - Celery.md Planning2ndVersion.pdf README.md assumptions.md build build.gradle design (1).pdf design.pdf design2ndVersion.pdf finaldesign.pdf gradle gradlew gradlew.bat planning.pdf src Get more help at https://help.gradle.org BUILD FAILED in 5s
Test 11-1
BouldersTest > 11-1 Test pushing a boulder FAILED java.lang.IllegalArgumentException: This dungeon does not exist. at dungeonmania.DungeonManiaController.newGame(DungeonManiaController.java:110) at dungeonmania.controllerTest.Utils.newGame(Utils.java:37) at dungeonmania.controllerTest.BouldersTest.testPushBoulder(BouldersTest.java:27) FAILURE DONE 1 test completed, 1 failed FAILURE: Build failed with an exception. Meeting Minutes - Celery.md Planning2ndVersion.pdf README.md assumptions.md build build.gradle design (1).pdf design.pdf design2ndVersion.pdf finaldesign.pdf gradle gradlew gradlew.bat planning.pdf src What went wrong: Execution failed for task ':test'. > There were failing tests. See the report at: file:///Users/braedonwooding/project-automarking/w15a_celery/build/reports/tests/test/index.html Meeting Minutes - Celery.md Planning2ndVersion.pdf README.md assumptions.md build build.gradle design (1).pdf design.pdf design2ndVersion.pdf finaldesign.pdf gradle gradlew gradlew.bat planning.pdf src Try: Run with --stacktrace option to get the stack trace. Run with --info or --debug option to get more log output. Run with --scan to get full insights. Meeting Minutes - Celery.md Planning2ndVersion.pdf README.md assumptions.md build build.gradle design (1).pdf design.pdf design2ndVersion.pdf finaldesign.pdf gradle gradlew gradlew.bat planning.pdf src Get more help at https://help.gradle.org BUILD FAILED in 4s
Test 11-2
BouldersTest > 11-2 Test pushing a boulder into a wall FAILED java.lang.IllegalArgumentException: This dungeon does not exist. at dungeonmania.DungeonManiaController.newGame(DungeonManiaController.java:110) at dungeonmania.controllerTest.Utils.newGame(Utils.java:37) at dungeonmania.controllerTest.BouldersTest.testPushBoulderIntoWall(BouldersTest.java:39) FAILURE DONE 1 test completed, 1 failed FAILURE: Build failed with an exception. Meeting Minutes - Celery.md Planning2ndVersion.pdf README.md assumptions.md build build.gradle design (1).pdf design.pdf design2ndVersion.pdf finaldesign.pdf gradle gradlew gradlew.bat planning.pdf src What went wrong: Execution failed for task ':test'. > There were failing tests. See the report at: file:///Users/braedonwooding/project-automarking/w15a_celery/build/reports/tests/test/index.html Meeting Minutes - Celery.md Planning2ndVersion.pdf README.md assumptions.md build build.gradle design (1).pdf design.pdf design2ndVersion.pdf finaldesign.pdf gradle gradlew gradlew.bat planning.pdf src Try: Run with --stacktrace option to get the stack trace. Run with --info or --debug option to get more log output. Run with --scan to get full insights. Meeting Minutes - Celery.md Planning2ndVersion.pdf README.md assumptions.md build build.gradle design (1).pdf design.pdf design2ndVersion.pdf finaldesign.pdf gradle gradlew gradlew.bat planning.pdf src Get more help at https://help.gradle.org BUILD FAILED in 4s
Test 11-3
BouldersTest > 11-3 Test the player is unable to push two boulders FAILED java.lang.IllegalArgumentException: This dungeon does not exist. at dungeonmania.DungeonManiaController.newGame(DungeonManiaController.java:110) at dungeonmania.controllerTest.Utils.newGame(Utils.java:37) at dungeonmania.controllerTest.BouldersTest.testPushTwoBoulders(BouldersTest.java:52) FAILURE DONE 1 test completed, 1 failed FAILURE: Build failed with an exception. Meeting Minutes - Celery.md Planning2ndVersion.pdf README.md assumptions.md build build.gradle design (1).pdf design.pdf design2ndVersion.pdf finaldesign.pdf gradle gradlew gradlew.bat planning.pdf src What went wrong: Execution failed for task ':test'. > There were failing tests. See the report at: file:///Users/braedonwooding/project-automarking/w15a_celery/build/reports/tests/test/index.html Meeting Minutes - Celery.md Planning2ndVersion.pdf README.md assumptions.md build build.gradle design (1).pdf design.pdf design2ndVersion.pdf finaldesign.pdf gradle gradlew gradlew.bat planning.pdf src Try: Run with --stacktrace option to get the stack trace. Run with --info or --debug option to get more log output. Run with --scan to get full insights. Meeting Minutes - Celery.md Planning2ndVersion.pdf README.md assumptions.md build build.gradle design (1).pdf design.pdf design2ndVersion.pdf finaldesign.pdf gradle gradlew gradlew.bat planning.pdf src Get more help at https://help.gradle.org BUILD FAILED in 5s
Test 12-1
SaveLoadTest > 12-1 Test saving and loading a simple maze map FAILED java.lang.IllegalArgumentException: This dungeon does not exist. at dungeonmania.DungeonManiaController.newGame(DungeonManiaController.java:110) at dungeonmania.controllerTest.Utils.newGame(Utils.java:37) at dungeonmania.controllerTest.SaveLoadTest.testMazeSave(SaveLoadTest.java:20) FAILURE DONE 1 test completed, 1 failed FAILURE: Build failed with an exception. Meeting Minutes - Celery.md Planning2ndVersion.pdf README.md assumptions.md build build.gradle design (1).pdf design.pdf design2ndVersion.pdf finaldesign.pdf gradle gradlew gradlew.bat planning.pdf src What went wrong: Execution failed for task ':test'. > There were failing tests. See the report at: file:///Users/braedonwooding/project-automarking/w15a_celery/build/reports/tests/test/index.html Meeting Minutes - Celery.md Planning2ndVersion.pdf README.md assumptions.md build build.gradle design (1).pdf design.pdf design2ndVersion.pdf finaldesign.pdf gradle gradlew gradlew.bat planning.pdf src Try: Run with --stacktrace option to get the stack trace. Run with --info or --debug option to get more log output. Run with --scan to get full insights. Meeting Minutes - Celery.md Planning2ndVersion.pdf README.md assumptions.md build build.gradle design (1).pdf design.pdf design2ndVersion.pdf finaldesign.pdf gradle gradlew gradlew.bat planning.pdf src Get more help at https://help.gradle.org BUILD FAILED in 5s
Test 12-2
SaveLoadTest > 12-2 Test saving and loading a map with boulders and switches FAILED java.lang.IllegalArgumentException: This dungeon does not exist. at dungeonmania.DungeonManiaController.newGame(DungeonManiaController.java:110) at dungeonmania.controllerTest.Utils.newGame(Utils.java:37) at dungeonmania.controllerTest.SaveLoadTest.testBouldersSave(SaveLoadTest.java:38) FAILURE DONE 1 test completed, 1 failed FAILURE: Build failed with an exception. Meeting Minutes - Celery.md Planning2ndVersion.pdf README.md assumptions.md build build.gradle design (1).pdf design.pdf design2ndVersion.pdf finaldesign.pdf gradle gradlew gradlew.bat planning.pdf src What went wrong: Execution failed for task ':test'. > There were failing tests. See the report at: file:///Users/braedonwooding/project-automarking/w15a_celery/build/reports/tests/test/index.html Meeting Minutes - Celery.md Planning2ndVersion.pdf README.md assumptions.md build build.gradle design (1).pdf design.pdf design2ndVersion.pdf finaldesign.pdf gradle gradlew gradlew.bat planning.pdf src Try: Run with --stacktrace option to get the stack trace. Run with --info or --debug option to get more log output. Run with --scan to get full insights. Meeting Minutes - Celery.md Planning2ndVersion.pdf README.md assumptions.md build build.gradle design (1).pdf design.pdf design2ndVersion.pdf finaldesign.pdf gradle gradlew gradlew.bat planning.pdf src Get more help at https://help.gradle.org BUILD FAILED in 5s
Test 12-3
SaveLoadTest > 12-3 Test saving and loading a map with enemies and collectables FAILED java.lang.IllegalArgumentException: This dungeon does not exist. at dungeonmania.DungeonManiaController.newGame(DungeonManiaController.java:110) at dungeonmania.controllerTest.Utils.newGame(Utils.java:37) at dungeonmania.controllerTest.SaveLoadTest.testAdvancedSave(SaveLoadTest.java:57) FAILURE DONE 1 test completed, 1 failed FAILURE: Build failed with an exception. Meeting Minutes - Celery.md Planning2ndVersion.pdf README.md assumptions.md build build.gradle design (1).pdf design.pdf design2ndVersion.pdf finaldesign.pdf gradle gradlew gradlew.bat planning.pdf src What went wrong: Execution failed for task ':test'. > There were failing tests. See the report at: file:///Users/braedonwooding/project-automarking/w15a_celery/build/reports/tests/test/index.html Meeting Minutes - Celery.md Planning2ndVersion.pdf README.md assumptions.md build build.gradle design (1).pdf design.pdf design2ndVersion.pdf finaldesign.pdf gradle gradlew gradlew.bat planning.pdf src Try: Run with --stacktrace option to get the stack trace. Run with --info or --debug option to get more log output. Run with --scan to get full insights. Meeting Minutes - Celery.md Planning2ndVersion.pdf README.md assumptions.md build build.gradle design (1).pdf design.pdf design2ndVersion.pdf finaldesign.pdf gradle gradlew gradlew.bat planning.pdf src Get more help at https://help.gradle.org BUILD FAILED in 4s
Test 12-4
SaveLoadTest > 12-4 Test saving on a map containing all types of entities FAILED java.lang.IllegalArgumentException: This dungeon does not exist. at dungeonmania.DungeonManiaController.newGame(DungeonManiaController.java:110) at dungeonmania.controllerTest.Utils.newGame(Utils.java:37) at dungeonmania.controllerTest.SaveLoadTest.testSaveAllEntities(SaveLoadTest.java:75) FAILURE DONE 1 test completed, 1 failed FAILURE: Build failed with an exception. Meeting Minutes - Celery.md Planning2ndVersion.pdf README.md assumptions.md build build.gradle design (1).pdf design.pdf design2ndVersion.pdf finaldesign.pdf gradle gradlew gradlew.bat planning.pdf src What went wrong: Execution failed for task ':test'. > There were failing tests. See the report at: file:///Users/braedonwooding/project-automarking/w15a_celery/build/reports/tests/test/index.html Meeting Minutes - Celery.md Planning2ndVersion.pdf README.md assumptions.md build build.gradle design (1).pdf design.pdf design2ndVersion.pdf finaldesign.pdf gradle gradlew gradlew.bat planning.pdf src Try: Run with --stacktrace option to get the stack trace. Run with --info or --debug option to get more log output. Run with --scan to get full insights. Meeting Minutes - Celery.md Planning2ndVersion.pdf README.md assumptions.md build build.gradle design (1).pdf design.pdf design2ndVersion.pdf finaldesign.pdf gradle gradlew gradlew.bat planning.pdf src Get more help at https://help.gradle.org BUILD FAILED in 4s
Test 13-1
DoorsKeysTest > 13-1 Test player cannot walk through a closed door FAILED java.lang.IllegalArgumentException: This dungeon does not exist. at dungeonmania.DungeonManiaController.newGame(DungeonManiaController.java:110) at dungeonmania.controllerTest.Utils.newGame(Utils.java:37) at dungeonmania.controllerTest.DoorsKeysTest.testPlayerCannotWalkThroughClosedDoor(DoorsKeysTest.java:27) FAILURE DONE 1 test completed, 1 failed FAILURE: Build failed with an exception. Meeting Minutes - Celery.md Planning2ndVersion.pdf README.md assumptions.md build build.gradle design (1).pdf design.pdf design2ndVersion.pdf finaldesign.pdf gradle gradlew gradlew.bat planning.pdf src What went wrong: Execution failed for task ':test'. > There were failing tests. See the report at: file:///Users/braedonwooding/project-automarking/w15a_celery/build/reports/tests/test/index.html Meeting Minutes - Celery.md Planning2ndVersion.pdf README.md assumptions.md build build.gradle design (1).pdf design.pdf design2ndVersion.pdf finaldesign.pdf gradle gradlew gradlew.bat planning.pdf src Try: Run with --stacktrace option to get the stack trace. Run with --info or --debug option to get more log output. Run with --scan to get full insights. Meeting Minutes - Celery.md Planning2ndVersion.pdf README.md assumptions.md build build.gradle design (1).pdf design.pdf design2ndVersion.pdf finaldesign.pdf gradle gradlew gradlew.bat planning.pdf src Get more help at https://help.gradle.org BUILD FAILED in 5s
Test 13-2
DoorsKeysTest > 13-2 Test player can pick up a key and add to inventory FAILED java.lang.IllegalArgumentException: This dungeon does not exist. at dungeonmania.DungeonManiaController.newGame(DungeonManiaController.java:110) at dungeonmania.controllerTest.Utils.newGame(Utils.java:37) at dungeonmania.controllerTest.DoorsKeysTest.testPickUpKey(DoorsKeysTest.java:45) FAILURE DONE 1 test completed, 1 failed FAILURE: Build failed with an exception. Meeting Minutes - Celery.md Planning2ndVersion.pdf README.md assumptions.md build build.gradle design (1).pdf design.pdf design2ndVersion.pdf finaldesign.pdf gradle gradlew gradlew.bat planning.pdf src What went wrong: Execution failed for task ':test'. > There were failing tests. See the report at: file:///Users/braedonwooding/project-automarking/w15a_celery/build/reports/tests/test/index.html Meeting Minutes - Celery.md Planning2ndVersion.pdf README.md assumptions.md build build.gradle design (1).pdf design.pdf design2ndVersion.pdf finaldesign.pdf gradle gradlew gradlew.bat planning.pdf src Try: Run with --stacktrace option to get the stack trace. Run with --info or --debug option to get more log output. Run with --scan to get full insights. Meeting Minutes - Celery.md Planning2ndVersion.pdf README.md assumptions.md build build.gradle design (1).pdf design.pdf design2ndVersion.pdf finaldesign.pdf gradle gradlew gradlew.bat planning.pdf src Get more help at https://help.gradle.org BUILD FAILED in 4s
Test 13-3
DoorsKeysTest > 13-3 Test player can use a key to open a door FAILED java.lang.IllegalArgumentException: This dungeon does not exist. at dungeonmania.DungeonManiaController.newGame(DungeonManiaController.java:110) at dungeonmania.controllerTest.Utils.newGame(Utils.java:37) at dungeonmania.controllerTest.DoorsKeysTest.testUseKey(DoorsKeysTest.java:59) FAILURE DONE 1 test completed, 1 failed FAILURE: Build failed with an exception. Meeting Minutes - Celery.md Planning2ndVersion.pdf README.md assumptions.md build build.gradle design (1).pdf design.pdf design2ndVersion.pdf finaldesign.pdf gradle gradlew gradlew.bat planning.pdf src What went wrong: Execution failed for task ':test'. > There were failing tests. See the report at: file:///Users/braedonwooding/project-automarking/w15a_celery/build/reports/tests/test/index.html Meeting Minutes - Celery.md Planning2ndVersion.pdf README.md assumptions.md build build.gradle design (1).pdf design.pdf design2ndVersion.pdf finaldesign.pdf gradle gradlew gradlew.bat planning.pdf src Try: Run with --stacktrace option to get the stack trace. Run with --info or --debug option to get more log output. Run with --scan to get full insights. Meeting Minutes - Celery.md Planning2ndVersion.pdf README.md assumptions.md build build.gradle design (1).pdf design.pdf design2ndVersion.pdf finaldesign.pdf gradle gradlew gradlew.bat planning.pdf src Get more help at https://help.gradle.org BUILD FAILED in 4s
Test 13-4
DoorsKeysTest > 13-4 Test the player cannot walk through an open door FAILED java.lang.IllegalArgumentException: This dungeon does not exist. at dungeonmania.DungeonManiaController.newGame(DungeonManiaController.java:110) at dungeonmania.controllerTest.Utils.newGame(Utils.java:37) at dungeonmania.controllerTest.DoorsKeysTest.testPlayerCanWalkThroughOpenDoor(DoorsKeysTest.java:78) FAILURE DONE 1 test completed, 1 failed FAILURE: Build failed with an exception. Meeting Minutes - Celery.md Planning2ndVersion.pdf README.md assumptions.md build build.gradle design (1).pdf design.pdf design2ndVersion.pdf finaldesign.pdf gradle gradlew gradlew.bat planning.pdf src What went wrong: Execution failed for task ':test'. > There were failing tests. See the report at: file:///Users/braedonwooding/project-automarking/w15a_celery/build/reports/tests/test/index.html Meeting Minutes - Celery.md Planning2ndVersion.pdf README.md assumptions.md build build.gradle design (1).pdf design.pdf design2ndVersion.pdf finaldesign.pdf gradle gradlew gradlew.bat planning.pdf src Try: Run with --stacktrace option to get the stack trace. Run with --info or --debug option to get more log output. Run with --scan to get full insights. Meeting Minutes - Celery.md Planning2ndVersion.pdf README.md assumptions.md build build.gradle design (1).pdf design.pdf design2ndVersion.pdf finaldesign.pdf gradle gradlew gradlew.bat planning.pdf src Get more help at https://help.gradle.org BUILD FAILED in 4s
Test 13-5
DoorsKeysTest > 13-5 Test player cannot pickup two keys FAILED java.lang.IllegalArgumentException: This dungeon does not exist. at dungeonmania.DungeonManiaController.newGame(DungeonManiaController.java:110) at dungeonmania.controllerTest.Utils.newGame(Utils.java:37) at dungeonmania.controllerTest.DoorsKeysTest.testPlayerCannotPickup2Keys(DoorsKeysTest.java:97) FAILURE DONE 1 test completed, 1 failed FAILURE: Build failed with an exception. Meeting Minutes - Celery.md Planning2ndVersion.pdf README.md assumptions.md build build.gradle design (1).pdf design.pdf design2ndVersion.pdf finaldesign.pdf gradle gradlew gradlew.bat planning.pdf src What went wrong: Execution failed for task ':test'. > There were failing tests. See the report at: file:///Users/braedonwooding/project-automarking/w15a_celery/build/reports/tests/test/index.html Meeting Minutes - Celery.md Planning2ndVersion.pdf README.md assumptions.md build build.gradle design (1).pdf design.pdf design2ndVersion.pdf finaldesign.pdf gradle gradlew gradlew.bat planning.pdf src Try: Run with --stacktrace option to get the stack trace. Run with --info or --debug option to get more log output. Run with --scan to get full insights. Meeting Minutes - Celery.md Planning2ndVersion.pdf README.md assumptions.md build build.gradle design (1).pdf design.pdf design2ndVersion.pdf finaldesign.pdf gradle gradlew gradlew.bat planning.pdf src Get more help at https://help.gradle.org BUILD FAILED in 5s
Test 13-6
DoorsKeysTest > 13-6 Test player can pick up a second key after using the first FAILED java.lang.IllegalArgumentException: This dungeon does not exist. at dungeonmania.DungeonManiaController.newGame(DungeonManiaController.java:110) at dungeonmania.controllerTest.Utils.newGame(Utils.java:37) at dungeonmania.controllerTest.DoorsKeysTest.testCanPickupSecondKeyAfterUsingFirst(DoorsKeysTest.java:115) FAILURE DONE 1 test completed, 1 failed FAILURE: Build failed with an exception. Meeting Minutes - Celery.md Planning2ndVersion.pdf README.md assumptions.md build build.gradle design (1).pdf design.pdf design2ndVersion.pdf finaldesign.pdf gradle gradlew gradlew.bat planning.pdf src What went wrong: Execution failed for task ':test'. > There were failing tests. See the report at: file:///Users/braedonwooding/project-automarking/w15a_celery/build/reports/tests/test/index.html Meeting Minutes - Celery.md Planning2ndVersion.pdf README.md assumptions.md build build.gradle design (1).pdf design.pdf design2ndVersion.pdf finaldesign.pdf gradle gradlew gradlew.bat planning.pdf src Try: Run with --stacktrace option to get the stack trace. Run with --info or --debug option to get more log output. Run with --scan to get full insights. Meeting Minutes - Celery.md Planning2ndVersion.pdf README.md assumptions.md build build.gradle design (1).pdf design.pdf design2ndVersion.pdf finaldesign.pdf gradle gradlew gradlew.bat planning.pdf src Get more help at https://help.gradle.org BUILD FAILED in 5s
Test 13-7
DoorsKeysTest > 13-7 Test player cannot open a door with the wrong key FAILED java.lang.IllegalArgumentException: This dungeon does not exist. at dungeonmania.DungeonManiaController.newGame(DungeonManiaController.java:110) at dungeonmania.controllerTest.Utils.newGame(Utils.java:37) at dungeonmania.controllerTest.DoorsKeysTest.testPlayerCannotOpenDoorwithWrongKey(DoorsKeysTest.java:137) FAILURE DONE 1 test completed, 1 failed FAILURE: Build failed with an exception. Meeting Minutes - Celery.md Planning2ndVersion.pdf README.md assumptions.md build build.gradle design (1).pdf design.pdf design2ndVersion.pdf finaldesign.pdf gradle gradlew gradlew.bat planning.pdf src What went wrong: Execution failed for task ':test'. > There were failing tests. See the report at: file:///Users/braedonwooding/project-automarking/w15a_celery/build/reports/tests/test/index.html Meeting Minutes - Celery.md Planning2ndVersion.pdf README.md assumptions.md build build.gradle design (1).pdf design.pdf design2ndVersion.pdf finaldesign.pdf gradle gradlew gradlew.bat planning.pdf src Try: Run with --stacktrace option to get the stack trace. Run with --info or --debug option to get more log output. Run with --scan to get full insights. Meeting Minutes - Celery.md Planning2ndVersion.pdf README.md assumptions.md build build.gradle design (1).pdf design.pdf design2ndVersion.pdf finaldesign.pdf gradle gradlew gradlew.bat planning.pdf src Get more help at https://help.gradle.org BUILD FAILED in 4s
Test 14-1
InterfaceTest > 14-1 Testing newGame interface method, normal operation FAILED java.lang.IllegalArgumentException: This dungeon does not exist. at dungeonmania.DungeonManiaController.newGame(DungeonManiaController.java:110) at dungeonmania.controllerTest.Utils.newGame(Utils.java:37) at dungeonmania.controllerTest.InterfaceTest.testNewGameInterfaceNormalOperation(InterfaceTest.java:20) FAILURE DONE 1 test completed, 1 failed FAILURE: Build failed with an exception. Meeting Minutes - Celery.md Planning2ndVersion.pdf README.md assumptions.md build build.gradle design (1).pdf design.pdf design2ndVersion.pdf finaldesign.pdf gradle gradlew gradlew.bat planning.pdf src What went wrong: Execution failed for task ':test'. > There were failing tests. See the report at: file:///Users/braedonwooding/project-automarking/w15a_celery/build/reports/tests/test/index.html Meeting Minutes - Celery.md Planning2ndVersion.pdf README.md assumptions.md build build.gradle design (1).pdf design.pdf design2ndVersion.pdf finaldesign.pdf gradle gradlew gradlew.bat planning.pdf src Try: Run with --stacktrace option to get the stack trace. Run with --info or --debug option to get more log output. Run with --scan to get full insights. Meeting Minutes - Celery.md Planning2ndVersion.pdf README.md assumptions.md build build.gradle design (1).pdf design.pdf design2ndVersion.pdf finaldesign.pdf gradle gradlew gradlew.bat planning.pdf src Get more help at https://help.gradle.org BUILD FAILED in 4s
Test 14-2
SUCCESS DONE
Test 14-3
SUCCESS DONE
Test 14-4
InterfaceTest > TickInterfaceTest > 14-4 Testing tick interface method, normal operation FAILED java.lang.IllegalArgumentException: This dungeon does not exist. at dungeonmania.DungeonManiaController.newGame(DungeonManiaController.java:110) at dungeonmania.controllerTest.Utils.newGame(Utils.java:37) at dungeonmania.controllerTest.InterfaceTest$TickInterfaceTest.testTickInterfaceNormalOperation(InterfaceTest.java:59) FAILURE DONE 1 test completed, 1 failed FAILURE: Build failed with an exception. Meeting Minutes - Celery.md Planning2ndVersion.pdf README.md assumptions.md build build.gradle design (1).pdf design.pdf design2ndVersion.pdf finaldesign.pdf gradle gradlew gradlew.bat planning.pdf src What went wrong: Execution failed for task ':test'. > There were failing tests. See the report at: file:///Users/braedonwooding/project-automarking/w15a_celery/build/reports/tests/test/index.html Meeting Minutes - Celery.md Planning2ndVersion.pdf README.md assumptions.md build build.gradle design (1).pdf design.pdf design2ndVersion.pdf finaldesign.pdf gradle gradlew gradlew.bat planning.pdf src Try: Run with --stacktrace option to get the stack trace. Run with --info or --debug option to get more log output. Run with --scan to get full insights. Meeting Minutes - Celery.md Planning2ndVersion.pdf README.md assumptions.md build build.gradle design (1).pdf design.pdf design2ndVersion.pdf finaldesign.pdf gradle gradlew gradlew.bat planning.pdf src Get more help at https://help.gradle.org BUILD FAILED in 5s
Test 14-5
InterfaceTest > TickInterfaceTest > 14-5 Testing tick with an invalid ite FAILED java.lang.IllegalArgumentException: This dungeon does not exist. at dungeonmania.DungeonManiaController.newGame(DungeonManiaController.java:110) at dungeonmania.controllerTest.Utils.newGame(Utils.java:37) at dungeonmania.controllerTest.InterfaceTest$TickInterfaceTest.testTickInterfaceInvalidItem(InterfaceTest.java:73) FAILURE DONE 1 test completed, 1 failed FAILURE: Build failed with an exception. Meeting Minutes - Celery.md Planning2ndVersion.pdf README.md assumptions.md build build.gradle design (1).pdf design.pdf design2ndVersion.pdf finaldesign.pdf gradle gradlew gradlew.bat planning.pdf src What went wrong: Execution failed for task ':test'. > There were failing tests. See the report at: file:///Users/braedonwooding/project-automarking/w15a_celery/build/reports/tests/test/index.html Meeting Minutes - Celery.md Planning2ndVersion.pdf README.md assumptions.md build build.gradle design (1).pdf design.pdf design2ndVersion.pdf finaldesign.pdf gradle gradlew gradlew.bat planning.pdf src Try: Run with --stacktrace option to get the stack trace. Run with --info or --debug option to get more log output. Run with --scan to get full insights. Meeting Minutes - Celery.md Planning2ndVersion.pdf README.md assumptions.md build build.gradle design (1).pdf design.pdf design2ndVersion.pdf finaldesign.pdf gradle gradlew gradlew.bat planning.pdf src Get more help at https://help.gradle.org BUILD FAILED in 5s
Test 14-6
InterfaceTest > TickInterfaceTest > 14-6 Testing tick with an item that is not in the player's inventory FAILED java.lang.IllegalArgumentException: This dungeon does not exist. at dungeonmania.DungeonManiaController.newGame(DungeonManiaController.java:110) at dungeonmania.controllerTest.Utils.newGame(Utils.java:37) at dungeonmania.controllerTest.InterfaceTest$TickInterfaceTest.testTickInterfaceItemNotInInventory(InterfaceTest.java:85) FAILURE DONE 1 test completed, 1 failed FAILURE: Build failed with an exception. Meeting Minutes - Celery.md Planning2ndVersion.pdf README.md assumptions.md build build.gradle design (1).pdf design.pdf design2ndVersion.pdf finaldesign.pdf gradle gradlew gradlew.bat planning.pdf src What went wrong: Execution failed for task ':test'. > There were failing tests. See the report at: file:///Users/braedonwooding/project-automarking/w15a_celery/build/reports/tests/test/index.html Meeting Minutes - Celery.md Planning2ndVersion.pdf README.md assumptions.md build build.gradle design (1).pdf design.pdf design2ndVersion.pdf finaldesign.pdf gradle gradlew gradlew.bat planning.pdf src Try: Run with --stacktrace option to get the stack trace. Run with --info or --debug option to get more log output. Run with --scan to get full insights. Meeting Minutes - Celery.md Planning2ndVersion.pdf README.md assumptions.md build build.gradle design (1).pdf design.pdf design2ndVersion.pdf finaldesign.pdf gradle gradlew gradlew.bat planning.pdf src Get more help at https://help.gradle.org BUILD FAILED in 4s
Test 15-1
ComplexGoalsTest > 15-1 Testing a map with EXIT and ENEMIES goal FAILED java.lang.IllegalArgumentException: This dungeon does not exist. at dungeonmania.DungeonManiaController.newGame(DungeonManiaController.java:110) at dungeonmania.controllerTest.Utils.newGame(Utils.java:37) at dungeonmania.controllerTest.ComplexGoalsTest.testExitAndEnemyGoal(ComplexGoalsTest.java:29) FAILURE DONE 1 test completed, 1 failed FAILURE: Build failed with an exception. Meeting Minutes - Celery.md Planning2ndVersion.pdf README.md assumptions.md build build.gradle design (1).pdf design.pdf design2ndVersion.pdf finaldesign.pdf gradle gradlew gradlew.bat planning.pdf src What went wrong: Execution failed for task ':test'. > There were failing tests. See the report at: file:///Users/braedonwooding/project-automarking/w15a_celery/build/reports/tests/test/index.html Meeting Minutes - Celery.md Planning2ndVersion.pdf README.md assumptions.md build build.gradle design (1).pdf design.pdf design2ndVersion.pdf finaldesign.pdf gradle gradlew gradlew.bat planning.pdf src Try: Run with --stacktrace option to get the stack trace. Run with --info or --debug option to get more log output. Run with --scan to get full insights. Meeting Minutes - Celery.md Planning2ndVersion.pdf README.md assumptions.md build build.gradle design (1).pdf design.pdf design2ndVersion.pdf finaldesign.pdf gradle gradlew gradlew.bat planning.pdf src Get more help at https://help.gradle.org BUILD FAILED in 5s
Test 15-2
ComplexGoalsTest > 15-2 Testing a map with EXIT and SWITCH goal FAILED java.lang.IllegalArgumentException: This dungeon does not exist. at dungeonmania.DungeonManiaController.newGame(DungeonManiaController.java:110) at dungeonmania.controllerTest.Utils.newGame(Utils.java:37) at dungeonmania.controllerTest.ComplexGoalsTest.testExitAndSwitchGoal(ComplexGoalsTest.java:44) FAILURE DONE 1 test completed, 1 failed FAILURE: Build failed with an exception. Meeting Minutes - Celery.md Planning2ndVersion.pdf README.md assumptions.md build build.gradle design (1).pdf design.pdf design2ndVersion.pdf finaldesign.pdf gradle gradlew gradlew.bat planning.pdf src What went wrong: Execution failed for task ':test'. > There were failing tests. See the report at: file:///Users/braedonwooding/project-automarking/w15a_celery/build/reports/tests/test/index.html Meeting Minutes - Celery.md Planning2ndVersion.pdf README.md assumptions.md build build.gradle design (1).pdf design.pdf design2ndVersion.pdf finaldesign.pdf gradle gradlew gradlew.bat planning.pdf src Try: Run with --stacktrace option to get the stack trace. Run with --info or --debug option to get more log output. Run with --scan to get full insights. Meeting Minutes - Celery.md Planning2ndVersion.pdf README.md assumptions.md build build.gradle design (1).pdf design.pdf design2ndVersion.pdf finaldesign.pdf gradle gradlew gradlew.bat planning.pdf src Get more help at https://help.gradle.org BUILD FAILED in 6s
Test 15-3
ComplexGoalsTest > 15-3 Testing a map with EXIT and TREASURE FAILED java.lang.IllegalArgumentException: This dungeon does not exist. at dungeonmania.DungeonManiaController.newGame(DungeonManiaController.java:110) at dungeonmania.controllerTest.Utils.newGame(Utils.java:37) at dungeonmania.controllerTest.ComplexGoalsTest.testExitAndTreasureGoal(ComplexGoalsTest.java:59) FAILURE DONE 1 test completed, 1 failed FAILURE: Build failed with an exception. Meeting Minutes - Celery.md Planning2ndVersion.pdf README.md assumptions.md build build.gradle design (1).pdf design.pdf design2ndVersion.pdf finaldesign.pdf gradle gradlew gradlew.bat planning.pdf src What went wrong: Execution failed for task ':test'. > There were failing tests. See the report at: file:///Users/braedonwooding/project-automarking/w15a_celery/build/reports/tests/test/index.html Meeting Minutes - Celery.md Planning2ndVersion.pdf README.md assumptions.md build build.gradle design (1).pdf design.pdf design2ndVersion.pdf finaldesign.pdf gradle gradlew gradlew.bat planning.pdf src Try: Run with --stacktrace option to get the stack trace. Run with --info or --debug option to get more log output. Run with --scan to get full insights. Meeting Minutes - Celery.md Planning2ndVersion.pdf README.md assumptions.md build build.gradle design (1).pdf design.pdf design2ndVersion.pdf finaldesign.pdf gradle gradlew gradlew.bat planning.pdf src Get more help at https://help.gradle.org BUILD FAILED in 5s
Test 15-4
ComplexGoalsTest > 15-4 Testing that the exit goal must be achieved last in EXIT and TREASURE FAILED java.lang.IllegalArgumentException: This dungeon does not exist. at dungeonmania.DungeonManiaController.newGame(DungeonManiaController.java:110) at dungeonmania.controllerTest.Utils.newGame(Utils.java:37) at dungeonmania.controllerTest.ComplexGoalsTest.testExitAndTreasureOrderGoal(ComplexGoalsTest.java:75) FAILURE DONE 1 test completed, 1 failed FAILURE: Build failed with an exception. Meeting Minutes - Celery.md Planning2ndVersion.pdf README.md assumptions.md build build.gradle design (1).pdf design.pdf design2ndVersion.pdf finaldesign.pdf gradle gradlew gradlew.bat planning.pdf src What went wrong: Execution failed for task ':test'. > There were failing tests. See the report at: file:///Users/braedonwooding/project-automarking/w15a_celery/build/reports/tests/test/index.html Meeting Minutes - Celery.md Planning2ndVersion.pdf README.md assumptions.md build build.gradle design (1).pdf design.pdf design2ndVersion.pdf finaldesign.pdf gradle gradlew gradlew.bat planning.pdf src Try: Run with --stacktrace option to get the stack trace. Run with --info or --debug option to get more log output. Run with --scan to get full insights. Meeting Minutes - Celery.md Planning2ndVersion.pdf README.md assumptions.md build build.gradle design (1).pdf design.pdf design2ndVersion.pdf finaldesign.pdf gradle gradlew gradlew.bat planning.pdf src Get more help at https://help.gradle.org BUILD FAILED in 6s
Test 15-5
ComplexGoalsTest > 15-5 Test a map with ENEMIES and SWITCH goal FAILED java.lang.IllegalArgumentException: This dungeon does not exist. at dungeonmania.DungeonManiaController.newGame(DungeonManiaController.java:110) at dungeonmania.controllerTest.Utils.newGame(Utils.java:37) at dungeonmania.controllerTest.ComplexGoalsTest.testEnemiesAndSwitchGoal(ComplexGoalsTest.java:97) FAILURE DONE 1 test completed, 1 failed FAILURE: Build failed with an exception. Meeting Minutes - Celery.md Planning2ndVersion.pdf README.md assumptions.md build build.gradle design (1).pdf design.pdf design2ndVersion.pdf finaldesign.pdf gradle gradlew gradlew.bat planning.pdf src What went wrong: Execution failed for task ':test'. > There were failing tests. See the report at: file:///Users/braedonwooding/project-automarking/w15a_celery/build/reports/tests/test/index.html Meeting Minutes - Celery.md Planning2ndVersion.pdf README.md assumptions.md build build.gradle design (1).pdf design.pdf design2ndVersion.pdf finaldesign.pdf gradle gradlew gradlew.bat planning.pdf src Try: Run with --stacktrace option to get the stack trace. Run with --info or --debug option to get more log output. Run with --scan to get full insights. Meeting Minutes - Celery.md Planning2ndVersion.pdf README.md assumptions.md build build.gradle design (1).pdf design.pdf design2ndVersion.pdf finaldesign.pdf gradle gradlew gradlew.bat planning.pdf src Get more help at https://help.gradle.org BUILD FAILED in 4s
Test 15-6
ComplexGoalsTest > 15-6 Test a map with ENEMIES and TREASURE goal FAILED java.lang.IllegalArgumentException: This dungeon does not exist. at dungeonmania.DungeonManiaController.newGame(DungeonManiaController.java:110) at dungeonmania.controllerTest.Utils.newGame(Utils.java:37) at dungeonmania.controllerTest.ComplexGoalsTest.testEnemiesAndTreasureGoal(ComplexGoalsTest.java:109) FAILURE DONE 1 test completed, 1 failed FAILURE: Build failed with an exception. Meeting Minutes - Celery.md Planning2ndVersion.pdf README.md assumptions.md build build.gradle design (1).pdf design.pdf design2ndVersion.pdf finaldesign.pdf gradle gradlew gradlew.bat planning.pdf src What went wrong: Execution failed for task ':test'. > There were failing tests. See the report at: file:///Users/braedonwooding/project-automarking/w15a_celery/build/reports/tests/test/index.html Meeting Minutes - Celery.md Planning2ndVersion.pdf README.md assumptions.md build build.gradle design (1).pdf design.pdf design2ndVersion.pdf finaldesign.pdf gradle gradlew gradlew.bat planning.pdf src Try: Run with --stacktrace option to get the stack trace. Run with --info or --debug option to get more log output. Run with --scan to get full insights. Meeting Minutes - Celery.md Planning2ndVersion.pdf README.md assumptions.md build build.gradle design (1).pdf design.pdf design2ndVersion.pdf finaldesign.pdf gradle gradlew gradlew.bat planning.pdf src Get more help at https://help.gradle.org BUILD FAILED in 4s
Test 15-7
ComplexGoalsTest > 15-7 Test a map with SWITCH and TREASURE goal FAILED java.lang.IllegalArgumentException: This dungeon does not exist. at dungeonmania.DungeonManiaController.newGame(DungeonManiaController.java:110) at dungeonmania.controllerTest.Utils.newGame(Utils.java:37) at dungeonmania.controllerTest.ComplexGoalsTest.testSwitchAndTreasureGoal(ComplexGoalsTest.java:125) FAILURE DONE 1 test completed, 1 failed FAILURE: Build failed with an exception. Meeting Minutes - Celery.md Planning2ndVersion.pdf README.md assumptions.md build build.gradle design (1).pdf design.pdf design2ndVersion.pdf finaldesign.pdf gradle gradlew gradlew.bat planning.pdf src What went wrong: Execution failed for task ':test'. > There were failing tests. See the report at: file:///Users/braedonwooding/project-automarking/w15a_celery/build/reports/tests/test/index.html Meeting Minutes - Celery.md Planning2ndVersion.pdf README.md assumptions.md build build.gradle design (1).pdf design.pdf design2ndVersion.pdf finaldesign.pdf gradle gradlew gradlew.bat planning.pdf src Try: Run with --stacktrace option to get the stack trace. Run with --info or --debug option to get more log output. Run with --scan to get full insights. Meeting Minutes - Celery.md Planning2ndVersion.pdf README.md assumptions.md build build.gradle design (1).pdf design.pdf design2ndVersion.pdf finaldesign.pdf gradle gradlew gradlew.bat planning.pdf src Get more help at https://help.gradle.org BUILD FAILED in 4s
Test 15-8
ComplexGoalsTest > 15-8 Testing a map with ENEMIES or EXIT goal FAILED java.lang.IllegalArgumentException: This dungeon does not exist. at dungeonmania.DungeonManiaController.newGame(DungeonManiaController.java:110) at dungeonmania.controllerTest.Utils.newGame(Utils.java:37) at dungeonmania.controllerTest.ComplexGoalsTest.testExitOrEnemyGoal(ComplexGoalsTest.java:147) FAILURE DONE 1 test completed, 1 failed FAILURE: Build failed with an exception. Meeting Minutes - Celery.md Planning2ndVersion.pdf README.md assumptions.md build build.gradle design (1).pdf design.pdf design2ndVersion.pdf finaldesign.pdf gradle gradlew gradlew.bat planning.pdf src What went wrong: Execution failed for task ':test'. > There were failing tests. See the report at: file:///Users/braedonwooding/project-automarking/w15a_celery/build/reports/tests/test/index.html Meeting Minutes - Celery.md Planning2ndVersion.pdf README.md assumptions.md build build.gradle design (1).pdf design.pdf design2ndVersion.pdf finaldesign.pdf gradle gradlew gradlew.bat planning.pdf src Try: Run with --stacktrace option to get the stack trace. Run with --info or --debug option to get more log output. Run with --scan to get full insights. Meeting Minutes - Celery.md Planning2ndVersion.pdf README.md assumptions.md build build.gradle design (1).pdf design.pdf design2ndVersion.pdf finaldesign.pdf gradle gradlew gradlew.bat planning.pdf src Get more help at https://help.gradle.org BUILD FAILED in 4s
Test 15-9
ComplexGoalsTest > 15-9 Testing a map with EXIT or SWITCH goal FAILED java.lang.IllegalArgumentException: This dungeon does not exist. at dungeonmania.DungeonManiaController.newGame(DungeonManiaController.java:110) at dungeonmania.controllerTest.Utils.newGame(Utils.java:37) at dungeonmania.controllerTest.ComplexGoalsTest.testExitOrSwitchGoal(ComplexGoalsTest.java:159) FAILURE DONE 1 test completed, 1 failed FAILURE: Build failed with an exception. Meeting Minutes - Celery.md Planning2ndVersion.pdf README.md assumptions.md build build.gradle design (1).pdf design.pdf design2ndVersion.pdf finaldesign.pdf gradle gradlew gradlew.bat planning.pdf src What went wrong: Execution failed for task ':test'. > There were failing tests. See the report at: file:///Users/braedonwooding/project-automarking/w15a_celery/build/reports/tests/test/index.html Meeting Minutes - Celery.md Planning2ndVersion.pdf README.md assumptions.md build build.gradle design (1).pdf design.pdf design2ndVersion.pdf finaldesign.pdf gradle gradlew gradlew.bat planning.pdf src Try: Run with --stacktrace option to get the stack trace. Run with --info or --debug option to get more log output. Run with --scan to get full insights. Meeting Minutes - Celery.md Planning2ndVersion.pdf README.md assumptions.md build build.gradle design (1).pdf design.pdf design2ndVersion.pdf finaldesign.pdf gradle gradlew gradlew.bat planning.pdf src Get more help at https://help.gradle.org BUILD FAILED in 5s
Test 15-10
ComplexGoalsTest > 15-10 Testing a map with EXIT or TREASURE goal FAILED java.lang.IllegalArgumentException: This dungeon does not exist. at dungeonmania.DungeonManiaController.newGame(DungeonManiaController.java:110) at dungeonmania.controllerTest.Utils.newGame(Utils.java:37) at dungeonmania.controllerTest.ComplexGoalsTest.testExitOrTreasureGoal(ComplexGoalsTest.java:171) FAILURE DONE 1 test completed, 1 failed FAILURE: Build failed with an exception. Meeting Minutes - Celery.md Planning2ndVersion.pdf README.md assumptions.md build build.gradle design (1).pdf design.pdf design2ndVersion.pdf finaldesign.pdf gradle gradlew gradlew.bat planning.pdf src What went wrong: Execution failed for task ':test'. > There were failing tests. See the report at: file:///Users/braedonwooding/project-automarking/w15a_celery/build/reports/tests/test/index.html Meeting Minutes - Celery.md Planning2ndVersion.pdf README.md assumptions.md build build.gradle design (1).pdf design.pdf design2ndVersion.pdf finaldesign.pdf gradle gradlew gradlew.bat planning.pdf src Try: Run with --stacktrace option to get the stack trace. Run with --info or --debug option to get more log output. Run with --scan to get full insights. Meeting Minutes - Celery.md Planning2ndVersion.pdf README.md assumptions.md build build.gradle design (1).pdf design.pdf design2ndVersion.pdf finaldesign.pdf gradle gradlew gradlew.bat planning.pdf src Get more help at https://help.gradle.org BUILD FAILED in 4s
Test 15-11
ComplexGoalsTest > 15-11 Testing a map with ENEMIES or SWITCH goal FAILED java.lang.IllegalArgumentException: This dungeon does not exist. at dungeonmania.DungeonManiaController.newGame(DungeonManiaController.java:110) at dungeonmania.controllerTest.Utils.newGame(Utils.java:37) at dungeonmania.controllerTest.ComplexGoalsTest.testEnemiesOrSwitchGoal(ComplexGoalsTest.java:183) FAILURE DONE 1 test completed, 1 failed FAILURE: Build failed with an exception. Meeting Minutes - Celery.md Planning2ndVersion.pdf README.md assumptions.md build build.gradle design (1).pdf design.pdf design2ndVersion.pdf finaldesign.pdf gradle gradlew gradlew.bat planning.pdf src What went wrong: Execution failed for task ':test'. > There were failing tests. See the report at: file:///Users/braedonwooding/project-automarking/w15a_celery/build/reports/tests/test/index.html Meeting Minutes - Celery.md Planning2ndVersion.pdf README.md assumptions.md build build.gradle design (1).pdf design.pdf design2ndVersion.pdf finaldesign.pdf gradle gradlew gradlew.bat planning.pdf src Try: Run with --stacktrace option to get the stack trace. Run with --info or --debug option to get more log output. Run with --scan to get full insights. Meeting Minutes - Celery.md Planning2ndVersion.pdf README.md assumptions.md build build.gradle design (1).pdf design.pdf design2ndVersion.pdf finaldesign.pdf gradle gradlew gradlew.bat planning.pdf src Get more help at https://help.gradle.org BUILD FAILED in 4s
Test 15-12
ComplexGoalsTest > 15-12 Testing a map with ENEMIES or TREASURE goal FAILED java.lang.IllegalArgumentException: This dungeon does not exist. at dungeonmania.DungeonManiaController.newGame(DungeonManiaController.java:110) at dungeonmania.controllerTest.Utils.newGame(Utils.java:37) at dungeonmania.controllerTest.ComplexGoalsTest.testEnemiesOrTreasureGoal(ComplexGoalsTest.java:196) FAILURE DONE 1 test completed, 1 failed FAILURE: Build failed with an exception. Meeting Minutes - Celery.md Planning2ndVersion.pdf README.md assumptions.md build build.gradle design (1).pdf design.pdf design2ndVersion.pdf finaldesign.pdf gradle gradlew gradlew.bat planning.pdf src What went wrong: Execution failed for task ':test'. > There were failing tests. See the report at: file:///Users/braedonwooding/project-automarking/w15a_celery/build/reports/tests/test/index.html Meeting Minutes - Celery.md Planning2ndVersion.pdf README.md assumptions.md build build.gradle design (1).pdf design.pdf design2ndVersion.pdf finaldesign.pdf gradle gradlew gradlew.bat planning.pdf src Try: Run with --stacktrace option to get the stack trace. Run with --info or --debug option to get more log output. Run with --scan to get full insights. Meeting Minutes - Celery.md Planning2ndVersion.pdf README.md assumptions.md build build.gradle design (1).pdf design.pdf design2ndVersion.pdf finaldesign.pdf gradle gradlew gradlew.bat planning.pdf src Get more help at https://help.gradle.org BUILD FAILED in 4s
Test 15-13
ComplexGoalsTest > 15-13 Testing a map with SWTICH or TREASURE goal FAILED java.lang.IllegalArgumentException: This dungeon does not exist. at dungeonmania.DungeonManiaController.newGame(DungeonManiaController.java:110) at dungeonmania.controllerTest.Utils.newGame(Utils.java:37) at dungeonmania.controllerTest.ComplexGoalsTest.testSwitchOrTreasureGoal(ComplexGoalsTest.java:209) FAILURE DONE 1 test completed, 1 failed FAILURE: Build failed with an exception. Meeting Minutes - Celery.md Planning2ndVersion.pdf README.md assumptions.md build build.gradle design (1).pdf design.pdf design2ndVersion.pdf finaldesign.pdf gradle gradlew gradlew.bat planning.pdf src What went wrong: Execution failed for task ':test'. > There were failing tests. See the report at: file:///Users/braedonwooding/project-automarking/w15a_celery/build/reports/tests/test/index.html Meeting Minutes - Celery.md Planning2ndVersion.pdf README.md assumptions.md build build.gradle design (1).pdf design.pdf design2ndVersion.pdf finaldesign.pdf gradle gradlew gradlew.bat planning.pdf src Try: Run with --stacktrace option to get the stack trace. Run with --info or --debug option to get more log output. Run with --scan to get full insights. Meeting Minutes - Celery.md Planning2ndVersion.pdf README.md assumptions.md build build.gradle design (1).pdf design.pdf design2ndVersion.pdf finaldesign.pdf gradle gradlew gradlew.bat planning.pdf src Get more help at https://help.gradle.org BUILD FAILED in 4s
Test 15-14
ComplexGoalsTest > 15-14 Testing a map with EXIT or TREASURE or SWITCH goal FAILED java.lang.IllegalArgumentException: This dungeon does not exist. at dungeonmania.DungeonManiaController.newGame(DungeonManiaController.java:110) at dungeonmania.controllerTest.Utils.newGame(Utils.java:37) at dungeonmania.controllerTest.ComplexGoalsTest.testEnemiesOrExitOrTreasureOrSwitchGoal(ComplexGoalsTest.java:229) FAILURE DONE 1 test completed, 1 failed FAILURE: Build failed with an exception. Meeting Minutes - Celery.md Planning2ndVersion.pdf README.md assumptions.md build build.gradle design (1).pdf design.pdf design2ndVersion.pdf finaldesign.pdf gradle gradlew gradlew.bat planning.pdf src What went wrong: Execution failed for task ':test'. > There were failing tests. See the report at: file:///Users/braedonwooding/project-automarking/w15a_celery/build/reports/tests/test/index.html Meeting Minutes - Celery.md Planning2ndVersion.pdf README.md assumptions.md build build.gradle design (1).pdf design.pdf design2ndVersion.pdf finaldesign.pdf gradle gradlew gradlew.bat planning.pdf src Try: Run with --stacktrace option to get the stack trace. Run with --info or --debug option to get more log output. Run with --scan to get full insights. Meeting Minutes - Celery.md Planning2ndVersion.pdf README.md assumptions.md build build.gradle design (1).pdf design.pdf design2ndVersion.pdf finaldesign.pdf gradle gradlew gradlew.bat planning.pdf src Get more help at https://help.gradle.org BUILD FAILED in 4s
Test 15-15
ComplexGoalsTest > 15-15 Testing a map with ENEMIES and EXIT and TREASURE and SWITCH goal FAILED java.lang.IllegalArgumentException: This dungeon does not exist. at dungeonmania.DungeonManiaController.newGame(DungeonManiaController.java:110) at dungeonmania.controllerTest.Utils.newGame(Utils.java:37) at dungeonmania.controllerTest.ComplexGoalsTest.testEnemiesAndExitAndTreasureAndSwitchGoal(ComplexGoalsTest.java:241) FAILURE DONE 1 test completed, 1 failed FAILURE: Build failed with an exception. Meeting Minutes - Celery.md Planning2ndVersion.pdf README.md assumptions.md build build.gradle design (1).pdf design.pdf design2ndVersion.pdf finaldesign.pdf gradle gradlew gradlew.bat planning.pdf src What went wrong: Execution failed for task ':test'. > There were failing tests. See the report at: file:///Users/braedonwooding/project-automarking/w15a_celery/build/reports/tests/test/index.html Meeting Minutes - Celery.md Planning2ndVersion.pdf README.md assumptions.md build build.gradle design (1).pdf design.pdf design2ndVersion.pdf finaldesign.pdf gradle gradlew gradlew.bat planning.pdf src Try: Run with --stacktrace option to get the stack trace. Run with --info or --debug option to get more log output. Run with --scan to get full insights. Meeting Minutes - Celery.md Planning2ndVersion.pdf README.md assumptions.md build build.gradle design (1).pdf design.pdf design2ndVersion.pdf finaldesign.pdf gradle gradlew gradlew.bat planning.pdf src Get more help at https://help.gradle.org BUILD FAILED in 4s
Test 15-16
ComplexGoalsTest > 15-16 Testing a map with ENEMEIS AND (TREASURE OR SWITCH) goal FAILED java.lang.IllegalArgumentException: This dungeon does not exist. at dungeonmania.DungeonManiaController.newGame(DungeonManiaController.java:110) at dungeonmania.controllerTest.Utils.newGame(Utils.java:37) at dungeonmania.controllerTest.ComplexGoalsTest.testExitAndEnemiesAndTreasureOrSwitchGoal(ComplexGoalsTest.java:261) FAILURE DONE 1 test completed, 1 failed FAILURE: Build failed with an exception. Meeting Minutes - Celery.md Planning2ndVersion.pdf README.md assumptions.md build build.gradle design (1).pdf design.pdf design2ndVersion.pdf finaldesign.pdf gradle gradlew gradlew.bat planning.pdf src What went wrong: Execution failed for task ':test'. > There were failing tests. See the report at: file:///Users/braedonwooding/project-automarking/w15a_celery/build/reports/tests/test/index.html Meeting Minutes - Celery.md Planning2ndVersion.pdf README.md assumptions.md build build.gradle design (1).pdf design.pdf design2ndVersion.pdf finaldesign.pdf gradle gradlew gradlew.bat planning.pdf src Try: Run with --stacktrace option to get the stack trace. Run with --info or --debug option to get more log output. Run with --scan to get full insights. Meeting Minutes - Celery.md Planning2ndVersion.pdf README.md assumptions.md build build.gradle design (1).pdf design.pdf design2ndVersion.pdf finaldesign.pdf gradle gradlew gradlew.bat planning.pdf src Get more help at https://help.gradle.org BUILD FAILED in 5s
Test 16-1
BattleTest > 16-1 Test player battles spider and player or zombie dies FAILED java.lang.IllegalArgumentException: This dungeon does not exist. at dungeonmania.DungeonManiaController.newGame(DungeonManiaController.java:110) at dungeonmania.controllerTest.BattleTest.testPlayerOrSpiderDiesWhenBattle(BattleTest.java:28) FAILURE DONE 1 test completed, 1 failed FAILURE: Build failed with an exception. Meeting Minutes - Celery.md Planning2ndVersion.pdf README.md assumptions.md build build.gradle design (1).pdf design.pdf design2ndVersion.pdf finaldesign.pdf gradle gradlew gradlew.bat planning.pdf src What went wrong: Execution failed for task ':test'. > There were failing tests. See the report at: file:///Users/braedonwooding/project-automarking/w15a_celery/build/reports/tests/test/index.html Meeting Minutes - Celery.md Planning2ndVersion.pdf README.md assumptions.md build build.gradle design (1).pdf design.pdf design2ndVersion.pdf finaldesign.pdf gradle gradlew gradlew.bat planning.pdf src Try: Run with --stacktrace option to get the stack trace. Run with --info or --debug option to get more log output. Run with --scan to get full insights. Meeting Minutes - Celery.md Planning2ndVersion.pdf README.md assumptions.md build build.gradle design (1).pdf design.pdf design2ndVersion.pdf finaldesign.pdf gradle gradlew gradlew.bat planning.pdf src Get more help at https://help.gradle.org BUILD FAILED in 4s
Test 16-2
BattleTest > 16-2 Test player battles zombie and player or zombie dies FAILED java.lang.IllegalArgumentException: This dungeon does not exist. at dungeonmania.DungeonManiaController.newGame(DungeonManiaController.java:110) at dungeonmania.controllerTest.BattleTest.testPlayerOrZombieDiesWhenBattle(BattleTest.java:50) FAILURE DONE 1 test completed, 1 failed FAILURE: Build failed with an exception. Meeting Minutes - Celery.md Planning2ndVersion.pdf README.md assumptions.md build build.gradle design (1).pdf design.pdf design2ndVersion.pdf finaldesign.pdf gradle gradlew gradlew.bat planning.pdf src What went wrong: Execution failed for task ':test'. > There were failing tests. See the report at: file:///Users/braedonwooding/project-automarking/w15a_celery/build/reports/tests/test/index.html Meeting Minutes - Celery.md Planning2ndVersion.pdf README.md assumptions.md build build.gradle design (1).pdf design.pdf design2ndVersion.pdf finaldesign.pdf gradle gradlew gradlew.bat planning.pdf src Try: Run with --stacktrace option to get the stack trace. Run with --info or --debug option to get more log output. Run with --scan to get full insights. Meeting Minutes - Celery.md Planning2ndVersion.pdf README.md assumptions.md build build.gradle design (1).pdf design.pdf design2ndVersion.pdf finaldesign.pdf gradle gradlew gradlew.bat planning.pdf src Get more help at https://help.gradle.org BUILD FAILED in 5s
Test 16-3
BattleTest > 16-3 Test player battles mercenary and player or mercenary dies FAILED java.lang.IllegalArgumentException: This dungeon does not exist. at dungeonmania.DungeonManiaController.newGame(DungeonManiaController.java:110) at dungeonmania.controllerTest.BattleTest.testPlayerOrMercenaryDiesWhenBattle(BattleTest.java:73) FAILURE DONE 1 test completed, 1 failed FAILURE: Build failed with an exception. Meeting Minutes - Celery.md Planning2ndVersion.pdf README.md assumptions.md build build.gradle design (1).pdf design.pdf design2ndVersion.pdf finaldesign.pdf gradle gradlew gradlew.bat planning.pdf src What went wrong: Execution failed for task ':test'. > There were failing tests. See the report at: file:///Users/braedonwooding/project-automarking/w15a_celery/build/reports/tests/test/index.html Meeting Minutes - Celery.md Planning2ndVersion.pdf README.md assumptions.md build build.gradle design (1).pdf design.pdf design2ndVersion.pdf finaldesign.pdf gradle gradlew gradlew.bat planning.pdf src Try: Run with --stacktrace option to get the stack trace. Run with --info or --debug option to get more log output. Run with --scan to get full insights. Meeting Minutes - Celery.md Planning2ndVersion.pdf README.md assumptions.md build build.gradle design (1).pdf design.pdf design2ndVersion.pdf finaldesign.pdf gradle gradlew gradlew.bat planning.pdf src Get more help at https://help.gradle.org BUILD FAILED in 4s
Test 16-4
BattleTest > 16-4 Test player wins a battle against a spider with an invinicibility potion FAILED java.lang.IllegalArgumentException: This dungeon does not exist. at dungeonmania.DungeonManiaController.newGame(DungeonManiaController.java:110) at dungeonmania.controllerTest.BattleTest.testPlayerWinsSpiderBattleWithInvincibilityPotion(BattleTest.java:98) FAILURE DONE 1 test completed, 1 failed FAILURE: Build failed with an exception. Meeting Minutes - Celery.md Planning2ndVersion.pdf README.md assumptions.md build build.gradle design (1).pdf design.pdf design2ndVersion.pdf finaldesign.pdf gradle gradlew gradlew.bat planning.pdf src What went wrong: Execution failed for task ':test'. > There were failing tests. See the report at: file:///Users/braedonwooding/project-automarking/w15a_celery/build/reports/tests/test/index.html Meeting Minutes - Celery.md Planning2ndVersion.pdf README.md assumptions.md build build.gradle design (1).pdf design.pdf design2ndVersion.pdf finaldesign.pdf gradle gradlew gradlew.bat planning.pdf src Try: Run with --stacktrace option to get the stack trace. Run with --info or --debug option to get more log output. Run with --scan to get full insights. Meeting Minutes - Celery.md Planning2ndVersion.pdf README.md assumptions.md build build.gradle design (1).pdf design.pdf design2ndVersion.pdf finaldesign.pdf gradle gradlew gradlew.bat planning.pdf src Get more help at https://help.gradle.org BUILD FAILED in 4s
Test 16-5
BattleTest > 16-5 Test player wins a battle against a zombie with an invincibility potion FAILED java.lang.IllegalArgumentException: This dungeon does not exist. at dungeonmania.DungeonManiaController.newGame(DungeonManiaController.java:110) at dungeonmania.controllerTest.BattleTest.testPlayerWinsZombieBattleWithInvincibilityPotion(BattleTest.java:123) FAILURE DONE 1 test completed, 1 failed FAILURE: Build failed with an exception. Meeting Minutes - Celery.md Planning2ndVersion.pdf README.md assumptions.md build build.gradle design (1).pdf design.pdf design2ndVersion.pdf finaldesign.pdf gradle gradlew gradlew.bat planning.pdf src What went wrong: Execution failed for task ':test'. > There were failing tests. See the report at: file:///Users/braedonwooding/project-automarking/w15a_celery/build/reports/tests/test/index.html Meeting Minutes - Celery.md Planning2ndVersion.pdf README.md assumptions.md build build.gradle design (1).pdf design.pdf design2ndVersion.pdf finaldesign.pdf gradle gradlew gradlew.bat planning.pdf src Try: Run with --stacktrace option to get the stack trace. Run with --info or --debug option to get more log output. Run with --scan to get full insights. Meeting Minutes - Celery.md Planning2ndVersion.pdf README.md assumptions.md build build.gradle design (1).pdf design.pdf design2ndVersion.pdf finaldesign.pdf gradle gradlew gradlew.bat planning.pdf src Get more help at https://help.gradle.org BUILD FAILED in 4s
Test 16-6
BattleTest > 16-6 Test a player wins a battle against a mercenary with an invincibility potion FAILED java.lang.IllegalArgumentException: This dungeon does not exist. at dungeonmania.DungeonManiaController.newGame(DungeonManiaController.java:110) at dungeonmania.controllerTest.BattleTest.testPlayerWinsMercenaryBattleWithInvincibilityPotion(BattleTest.java:146) FAILURE DONE 1 test completed, 1 failed FAILURE: Build failed with an exception. Meeting Minutes - Celery.md Planning2ndVersion.pdf README.md assumptions.md build build.gradle design (1).pdf design.pdf design2ndVersion.pdf finaldesign.pdf gradle gradlew gradlew.bat planning.pdf src What went wrong: Execution failed for task ':test'. > There were failing tests. See the report at: file:///Users/braedonwooding/project-automarking/w15a_celery/build/reports/tests/test/index.html Meeting Minutes - Celery.md Planning2ndVersion.pdf README.md assumptions.md build build.gradle design (1).pdf design.pdf design2ndVersion.pdf finaldesign.pdf gradle gradlew gradlew.bat planning.pdf src Try: Run with --stacktrace option to get the stack trace. Run with --info or --debug option to get more log output. Run with --scan to get full insights. Meeting Minutes - Celery.md Planning2ndVersion.pdf README.md assumptions.md build build.gradle design (1).pdf design.pdf design2ndVersion.pdf finaldesign.pdf gradle gradlew gradlew.bat planning.pdf src Get more help at https://help.gradle.org BUILD FAILED in 4s
Test 16-7
BattleTest > 16-7 Test the player dies after battling 30 enemies consecutively FAILED java.lang.IllegalArgumentException: This dungeon does not exist. at dungeonmania.DungeonManiaController.newGame(DungeonManiaController.java:110) at dungeonmania.controllerTest.BattleTest.testPlayerDiesAfterBattlingThirtyEnemiesConsecutively(BattleTest.java:171) FAILURE DONE 1 test completed, 1 failed FAILURE: Build failed with an exception. Meeting Minutes - Celery.md Planning2ndVersion.pdf README.md assumptions.md build build.gradle design (1).pdf design.pdf design2ndVersion.pdf finaldesign.pdf gradle gradlew gradlew.bat planning.pdf src What went wrong: Execution failed for task ':test'. > There were failing tests. See the report at: file:///Users/braedonwooding/project-automarking/w15a_celery/build/reports/tests/test/index.html Meeting Minutes - Celery.md Planning2ndVersion.pdf README.md assumptions.md build build.gradle design (1).pdf design.pdf design2ndVersion.pdf finaldesign.pdf gradle gradlew gradlew.bat planning.pdf src Try: Run with --stacktrace option to get the stack trace. Run with --info or --debug option to get more log output. Run with --scan to get full insights. Meeting Minutes - Celery.md Planning2ndVersion.pdf README.md assumptions.md build build.gradle design (1).pdf design.pdf design2ndVersion.pdf finaldesign.pdf gradle gradlew gradlew.bat planning.pdf src Get more help at https://help.gradle.org BUILD FAILED in 5s
Test 17-1
SunStoneTest > 17-1 Testing picking up a sun stone from the map adds to inventory FAILED java.lang.IllegalArgumentException: This dungeon does not exist. at dungeonmania.DungeonManiaController.newGame(DungeonManiaController.java:110) at dungeonmania.controllerTest.Utils.newGame(Utils.java:37) at dungeonmania.controllerTest.SunStoneTest.testSunStonePickUpRemoveFromMapAddToInventory(SunStoneTest.java:32) FAILURE DONE 1 test completed, 1 failed FAILURE: Build failed with an exception. Meeting Minutes - Celery.md Planning2ndVersion.pdf README.md assumptions.md build build.gradle design (1).pdf design.pdf design2ndVersion.pdf finaldesign.pdf gradle gradlew gradlew.bat planning.pdf src What went wrong: Execution failed for task ':test'. > There were failing tests. See the report at: file:///Users/braedonwooding/project-automarking/w15a_celery/build/reports/tests/test/index.html Meeting Minutes - Celery.md Planning2ndVersion.pdf README.md assumptions.md build build.gradle design (1).pdf design.pdf design2ndVersion.pdf finaldesign.pdf gradle gradlew gradlew.bat planning.pdf src Try: Run with --stacktrace option to get the stack trace. Run with --info or --debug option to get more log output. Run with --scan to get full insights. Meeting Minutes - Celery.md Planning2ndVersion.pdf README.md assumptions.md build build.gradle design (1).pdf design.pdf design2ndVersion.pdf finaldesign.pdf gradle gradlew gradlew.bat planning.pdf src Get more help at https://help.gradle.org BUILD FAILED in 4s
Test 17-2
SunStoneTest > 17-2 Testing using a sun stone to open a door FAILED java.lang.IllegalArgumentException: This dungeon does not exist. at dungeonmania.DungeonManiaController.newGame(DungeonManiaController.java:110) at dungeonmania.controllerTest.Utils.newGame(Utils.java:37) at dungeonmania.controllerTest.SunStoneTest.testSunStoneUseToOpenDoor(SunStoneTest.java:47) FAILURE DONE 1 test completed, 1 failed FAILURE: Build failed with an exception. Meeting Minutes - Celery.md Planning2ndVersion.pdf README.md assumptions.md build build.gradle design (1).pdf design.pdf design2ndVersion.pdf finaldesign.pdf gradle gradlew gradlew.bat planning.pdf src What went wrong: Execution failed for task ':test'. > There were failing tests. See the report at: file:///Users/braedonwooding/project-automarking/w15a_celery/build/reports/tests/test/index.html Meeting Minutes - Celery.md Planning2ndVersion.pdf README.md assumptions.md build build.gradle design (1).pdf design.pdf design2ndVersion.pdf finaldesign.pdf gradle gradlew gradlew.bat planning.pdf src Try: Run with --stacktrace option to get the stack trace. Run with --info or --debug option to get more log output. Run with --scan to get full insights. Meeting Minutes - Celery.md Planning2ndVersion.pdf README.md assumptions.md build build.gradle design (1).pdf design.pdf design2ndVersion.pdf finaldesign.pdf gradle gradlew gradlew.bat planning.pdf src Get more help at https://help.gradle.org BUILD FAILED in 5s
Test 17-3
SunStoneTest > 17-3 Testing a sun stone is not removed from inventory after use FAILED java.lang.IllegalArgumentException: This dungeon does not exist. at dungeonmania.DungeonManiaController.newGame(DungeonManiaController.java:110) at dungeonmania.controllerTest.Utils.newGame(Utils.java:37) at dungeonmania.controllerTest.SunStoneTest.testSunStoneNotRemovedFromInventoryAfterUse(SunStoneTest.java:72) FAILURE DONE 1 test completed, 1 failed FAILURE: Build failed with an exception. Meeting Minutes - Celery.md Planning2ndVersion.pdf README.md assumptions.md build build.gradle design (1).pdf design.pdf design2ndVersion.pdf finaldesign.pdf gradle gradlew gradlew.bat planning.pdf src What went wrong: Execution failed for task ':test'. > There were failing tests. See the report at: file:///Users/braedonwooding/project-automarking/w15a_celery/build/reports/tests/test/index.html Meeting Minutes - Celery.md Planning2ndVersion.pdf README.md assumptions.md build build.gradle design (1).pdf design.pdf design2ndVersion.pdf finaldesign.pdf gradle gradlew gradlew.bat planning.pdf src Try: Run with --stacktrace option to get the stack trace. Run with --info or --debug option to get more log output. Run with --scan to get full insights. Meeting Minutes - Celery.md Planning2ndVersion.pdf README.md assumptions.md build build.gradle design (1).pdf design.pdf design2ndVersion.pdf finaldesign.pdf gradle gradlew gradlew.bat planning.pdf src Get more help at https://help.gradle.org BUILD FAILED in 4s
Test 17-4
SunStoneTest > 17-4 Testing sun stone can be used interchangeably with treasure FAILED java.lang.IllegalArgumentException: This dungeon does not exist. at dungeonmania.DungeonManiaController.newGame(DungeonManiaController.java:110) at dungeonmania.controllerTest.Utils.newGame(Utils.java:37) at dungeonmania.controllerTest.SunStoneTest.useSunStoneAsTreasure(SunStoneTest.java:96) FAILURE DONE 1 test completed, 1 failed FAILURE: Build failed with an exception. Meeting Minutes - Celery.md Planning2ndVersion.pdf README.md assumptions.md build build.gradle design (1).pdf design.pdf design2ndVersion.pdf finaldesign.pdf gradle gradlew gradlew.bat planning.pdf src What went wrong: Execution failed for task ':test'. > There were failing tests. See the report at: file:///Users/braedonwooding/project-automarking/w15a_celery/build/reports/tests/test/index.html Meeting Minutes - Celery.md Planning2ndVersion.pdf README.md assumptions.md build build.gradle design (1).pdf design.pdf design2ndVersion.pdf finaldesign.pdf gradle gradlew gradlew.bat planning.pdf src Try: Run with --stacktrace option to get the stack trace. Run with --info or --debug option to get more log output. Run with --scan to get full insights. Meeting Minutes - Celery.md Planning2ndVersion.pdf README.md assumptions.md build build.gradle design (1).pdf design.pdf design2ndVersion.pdf finaldesign.pdf gradle gradlew gradlew.bat planning.pdf src Get more help at https://help.gradle.org BUILD FAILED in 4s
Test 18-1
BossTest > 18-1 Testing bribing an assassin with the correct items ensures there is no battle FAILED java.lang.IllegalArgumentException: This dungeon does not exist. at dungeonmania.DungeonManiaController.newGame(DungeonManiaController.java:110) at dungeonmania.controllerTest.Utils.newGame(Utils.java:37) at dungeonmania.controllerTest.BossTest.testAssassinBribing(BossTest.java:20) FAILURE DONE 1 test completed, 1 failed FAILURE: Build failed with an exception. Meeting Minutes - Celery.md Planning2ndVersion.pdf README.md assumptions.md build build.gradle design (1).pdf design.pdf design2ndVersion.pdf finaldesign.pdf gradle gradlew gradlew.bat planning.pdf src What went wrong: Execution failed for task ':test'. > There were failing tests. See the report at: file:///Users/braedonwooding/project-automarking/w15a_celery/build/reports/tests/test/index.html Meeting Minutes - Celery.md Planning2ndVersion.pdf README.md assumptions.md build build.gradle design (1).pdf design.pdf design2ndVersion.pdf finaldesign.pdf gradle gradlew gradlew.bat planning.pdf src Try: Run with --stacktrace option to get the stack trace. Run with --info or --debug option to get more log output. Run with --scan to get full insights. Meeting Minutes - Celery.md Planning2ndVersion.pdf README.md assumptions.md build build.gradle design (1).pdf design.pdf design2ndVersion.pdf finaldesign.pdf gradle gradlew gradlew.bat planning.pdf src Get more help at https://help.gradle.org BUILD FAILED in 5s
Test 18-2
BossTest > 18-2 Test assassins spawn in place of mercenaries with < 30% chance FAILED java.lang.IllegalArgumentException: This dungeon does not exist. at dungeonmania.DungeonManiaController.newGame(DungeonManiaController.java:110) at dungeonmania.controllerTest.Utils.newGame(Utils.java:37) at dungeonmania.controllerTest.BossTest.testAssassinSpawning(BossTest.java:81) FAILURE DONE 1 test completed, 1 failed FAILURE: Build failed with an exception. Meeting Minutes - Celery.md Planning2ndVersion.pdf README.md assumptions.md build build.gradle design (1).pdf design.pdf design2ndVersion.pdf finaldesign.pdf gradle gradlew gradlew.bat planning.pdf src What went wrong: Execution failed for task ':test'. > There were failing tests. See the report at: file:///Users/braedonwooding/project-automarking/w15a_celery/build/reports/tests/test/index.html Meeting Minutes - Celery.md Planning2ndVersion.pdf README.md assumptions.md build build.gradle design (1).pdf design.pdf design2ndVersion.pdf finaldesign.pdf gradle gradlew gradlew.bat planning.pdf src Try: Run with --stacktrace option to get the stack trace. Run with --info or --debug option to get more log output. Run with --scan to get full insights. Meeting Minutes - Celery.md Planning2ndVersion.pdf README.md assumptions.md build build.gradle design (1).pdf design.pdf design2ndVersion.pdf finaldesign.pdf gradle gradlew gradlew.bat planning.pdf src Get more help at https://help.gradle.org BUILD FAILED in 4s
Test 18-3
BossTest > 18-3 Testing that hydras spawn 50 ticks apart in hard mode FAILED java.lang.IllegalArgumentException: This dungeon does not exist. at dungeonmania.DungeonManiaController.newGame(DungeonManiaController.java:110) at dungeonmania.controllerTest.Utils.newGame(Utils.java:37) at dungeonmania.controllerTest.BossTest.testHydraSpawning(BossTest.java:112) FAILURE DONE 1 test completed, 1 failed FAILURE: Build failed with an exception. Meeting Minutes - Celery.md Planning2ndVersion.pdf README.md assumptions.md build build.gradle design (1).pdf design.pdf design2ndVersion.pdf finaldesign.pdf gradle gradlew gradlew.bat planning.pdf src What went wrong: Execution failed for task ':test'. > There were failing tests. See the report at: file:///Users/braedonwooding/project-automarking/w15a_celery/build/reports/tests/test/index.html Meeting Minutes - Celery.md Planning2ndVersion.pdf README.md assumptions.md build build.gradle design (1).pdf design.pdf design2ndVersion.pdf finaldesign.pdf gradle gradlew gradlew.bat planning.pdf src Try: Run with --stacktrace option to get the stack trace. Run with --info or --debug option to get more log output. Run with --scan to get full insights. Meeting Minutes - Celery.md Planning2ndVersion.pdf README.md assumptions.md build build.gradle design (1).pdf design.pdf design2ndVersion.pdf finaldesign.pdf gradle gradlew gradlew.bat planning.pdf src Get more help at https://help.gradle.org BUILD FAILED in 4s
Test 19-1
BuildablesM3Test > 19-1 Test building a sceptre with arrow, key and sun stone FAILED java.lang.IllegalArgumentException: This dungeon does not exist. at dungeonmania.DungeonManiaController.newGame(DungeonManiaController.java:110) at dungeonmania.controllerTest.Utils.newGame(Utils.java:37) at dungeonmania.controllerTest.BuildablesM3Test.testBuildSceptre1(BuildablesM3Test.java:23) FAILURE DONE 1 test completed, 1 failed FAILURE: Build failed with an exception. Meeting Minutes - Celery.md Planning2ndVersion.pdf README.md assumptions.md build build.gradle design (1).pdf design.pdf design2ndVersion.pdf finaldesign.pdf gradle gradlew gradlew.bat planning.pdf src What went wrong: Execution failed for task ':test'. > There were failing tests. See the report at: file:///Users/braedonwooding/project-automarking/w15a_celery/build/reports/tests/test/index.html Meeting Minutes - Celery.md Planning2ndVersion.pdf README.md assumptions.md build build.gradle design (1).pdf design.pdf design2ndVersion.pdf finaldesign.pdf gradle gradlew gradlew.bat planning.pdf src Try: Run with --stacktrace option to get the stack trace. Run with --info or --debug option to get more log output. Run with --scan to get full insights. Meeting Minutes - Celery.md Planning2ndVersion.pdf README.md assumptions.md build build.gradle design (1).pdf design.pdf design2ndVersion.pdf finaldesign.pdf gradle gradlew gradlew.bat planning.pdf src Get more help at https://help.gradle.org BUILD FAILED in 4s
Test 19-2
BuildablesM3Test > 19-2 Test building a sceptre with wood, treasure and sun stone FAILED java.lang.IllegalArgumentException: This dungeon does not exist. at dungeonmania.DungeonManiaController.newGame(DungeonManiaController.java:110) at dungeonmania.controllerTest.Utils.newGame(Utils.java:37) at dungeonmania.controllerTest.BuildablesM3Test.testBuildSceptre2(BuildablesM3Test.java:62) FAILURE DONE 1 test completed, 1 failed FAILURE: Build failed with an exception. Meeting Minutes - Celery.md Planning2ndVersion.pdf README.md assumptions.md build build.gradle design (1).pdf design.pdf design2ndVersion.pdf finaldesign.pdf gradle gradlew gradlew.bat planning.pdf src What went wrong: Execution failed for task ':test'. > There were failing tests. See the report at: file:///Users/braedonwooding/project-automarking/w15a_celery/build/reports/tests/test/index.html Meeting Minutes - Celery.md Planning2ndVersion.pdf README.md assumptions.md build build.gradle design (1).pdf design.pdf design2ndVersion.pdf finaldesign.pdf gradle gradlew gradlew.bat planning.pdf src Try: Run with --stacktrace option to get the stack trace. Run with --info or --debug option to get more log output. Run with --scan to get full insights. Meeting Minutes - Celery.md Planning2ndVersion.pdf README.md assumptions.md build build.gradle design (1).pdf design.pdf design2ndVersion.pdf finaldesign.pdf gradle gradlew gradlew.bat planning.pdf src Get more help at https://help.gradle.org BUILD FAILED in 5s
Test 19-3
BuildablesM3Test > 19-3 Test building midnight armour without zombies FAILED java.lang.IllegalArgumentException: This dungeon does not exist. at dungeonmania.DungeonManiaController.newGame(DungeonManiaController.java:110) at dungeonmania.controllerTest.Utils.newGame(Utils.java:37) at dungeonmania.controllerTest.BuildablesM3Test.testBuildMidnightArmourNoZombies(BuildablesM3Test.java:97) FAILURE DONE 1 test completed, 1 failed FAILURE: Build failed with an exception. Meeting Minutes - Celery.md Planning2ndVersion.pdf README.md assumptions.md build build.gradle design (1).pdf design.pdf design2ndVersion.pdf finaldesign.pdf gradle gradlew gradlew.bat planning.pdf src What went wrong: Execution failed for task ':test'. > There were failing tests. See the report at: file:///Users/braedonwooding/project-automarking/w15a_celery/build/reports/tests/test/index.html Meeting Minutes - Celery.md Planning2ndVersion.pdf README.md assumptions.md build build.gradle design (1).pdf design.pdf design2ndVersion.pdf finaldesign.pdf gradle gradlew gradlew.bat planning.pdf src Try: Run with --stacktrace option to get the stack trace. Run with --info or --debug option to get more log output. Run with --scan to get full insights. Meeting Minutes - Celery.md Planning2ndVersion.pdf README.md assumptions.md build build.gradle design (1).pdf design.pdf design2ndVersion.pdf finaldesign.pdf gradle gradlew gradlew.bat planning.pdf src Get more help at https://help.gradle.org BUILD FAILED in 5s
Test 19-4
BuildablesM3Test > 19-4 Test building midnight armour with zombies FAILED java.lang.IllegalArgumentException: This dungeon does not exist. at dungeonmania.DungeonManiaController.newGame(DungeonManiaController.java:110) at dungeonmania.controllerTest.Utils.newGame(Utils.java:37) at dungeonmania.controllerTest.BuildablesM3Test.testBuildMidnightArmourWithZombies(BuildablesM3Test.java:129) FAILURE DONE 1 test completed, 1 failed FAILURE: Build failed with an exception. Meeting Minutes - Celery.md Planning2ndVersion.pdf README.md assumptions.md build build.gradle design (1).pdf design.pdf design2ndVersion.pdf finaldesign.pdf gradle gradlew gradlew.bat planning.pdf src What went wrong: Execution failed for task ':test'. > There were failing tests. See the report at: file:///Users/braedonwooding/project-automarking/w15a_celery/build/reports/tests/test/index.html Meeting Minutes - Celery.md Planning2ndVersion.pdf README.md assumptions.md build build.gradle design (1).pdf design.pdf design2ndVersion.pdf finaldesign.pdf gradle gradlew gradlew.bat planning.pdf src Try: Run with --stacktrace option to get the stack trace. Run with --info or --debug option to get more log output. Run with --scan to get full insights. Meeting Minutes - Celery.md Planning2ndVersion.pdf README.md assumptions.md build build.gradle design (1).pdf design.pdf design2ndVersion.pdf finaldesign.pdf gradle gradlew gradlew.bat planning.pdf src Get more help at https://help.gradle.org BUILD FAILED in 4s
Test 20-1
AndurilTest > 20-1 Test picking up anduril from map adds to inventory FAILED java.lang.IllegalArgumentException: This dungeon does not exist. at dungeonmania.DungeonManiaController.newGame(DungeonManiaController.java:110) at dungeonmania.controllerTest.Utils.newGame(Utils.java:37) at dungeonmania.controllerTest.AndurilTest.testAndurilPickUpRemoveFromMapAddToInventory(AndurilTest.java:29) FAILURE DONE 1 test completed, 1 failed FAILURE: Build failed with an exception. Meeting Minutes - Celery.md Planning2ndVersion.pdf README.md assumptions.md build build.gradle design (1).pdf design.pdf design2ndVersion.pdf finaldesign.pdf gradle gradlew gradlew.bat planning.pdf src What went wrong: Execution failed for task ':test'. > There were failing tests. See the report at: file:///Users/braedonwooding/project-automarking/w15a_celery/build/reports/tests/test/index.html Meeting Minutes - Celery.md Planning2ndVersion.pdf README.md assumptions.md build build.gradle design (1).pdf design.pdf design2ndVersion.pdf finaldesign.pdf gradle gradlew gradlew.bat planning.pdf src Try: Run with --stacktrace option to get the stack trace. Run with --info or --debug option to get more log output. Run with --scan to get full insights. Meeting Minutes - Celery.md Planning2ndVersion.pdf README.md assumptions.md build build.gradle design (1).pdf design.pdf design2ndVersion.pdf finaldesign.pdf gradle gradlew gradlew.bat planning.pdf src Get more help at https://help.gradle.org BUILD FAILED in 22s
Test 20-2
AndurilTest > 20-2 Test player wins a battle against a mercenary with Anduril FAILED java.lang.IllegalArgumentException: This dungeon does not exist. at dungeonmania.DungeonManiaController.newGame(DungeonManiaController.java:110) at dungeonmania.controllerTest.Utils.newGame(Utils.java:37) at dungeonmania.controllerTest.AndurilTest.testPlayerWinsMercenaryBattleWithAnduril(AndurilTest.java:44) FAILURE DONE 1 test completed, 1 failed FAILURE: Build failed with an exception. Meeting Minutes - Celery.md Planning2ndVersion.pdf README.md assumptions.md build build.gradle design (1).pdf design.pdf design2ndVersion.pdf finaldesign.pdf gradle gradlew gradlew.bat planning.pdf src What went wrong: Execution failed for task ':test'. > There were failing tests. See the report at: file:///Users/braedonwooding/project-automarking/w15a_celery/build/reports/tests/test/index.html Meeting Minutes - Celery.md Planning2ndVersion.pdf README.md assumptions.md build build.gradle design (1).pdf design.pdf design2ndVersion.pdf finaldesign.pdf gradle gradlew gradlew.bat planning.pdf src Try: Run with --stacktrace option to get the stack trace. Run with --info or --debug option to get more log output. Run with --scan to get full insights. Meeting Minutes - Celery.md Planning2ndVersion.pdf README.md assumptions.md build build.gradle design (1).pdf design.pdf design2ndVersion.pdf finaldesign.pdf gradle gradlew gradlew.bat planning.pdf src Get more help at https://help.gradle.org BUILD FAILED in 4s
Test 23-1
SwampTileTest > 23-1 Testing mercenary gets stuck in swamp FAILED java.lang.IllegalArgumentException: This dungeon does not exist. at dungeonmania.DungeonManiaController.newGame(DungeonManiaController.java:110) at dungeonmania.controllerTest.Utils.newGame(Utils.java:37) at dungeonmania.controllerTest.SwampTileTest.testSwampSlowsMovement(SwampTileTest.java:20) FAILURE DONE 1 test completed, 1 failed FAILURE: Build failed with an exception. Meeting Minutes - Celery.md Planning2ndVersion.pdf README.md assumptions.md build build.gradle design (1).pdf design.pdf design2ndVersion.pdf finaldesign.pdf gradle gradlew gradlew.bat planning.pdf src What went wrong: Execution failed for task ':test'. > There were failing tests. See the report at: file:///Users/braedonwooding/project-automarking/w15a_celery/build/reports/tests/test/index.html Meeting Minutes - Celery.md Planning2ndVersion.pdf README.md assumptions.md build build.gradle design (1).pdf design.pdf design2ndVersion.pdf finaldesign.pdf gradle gradlew gradlew.bat planning.pdf src Try: Run with --stacktrace option to get the stack trace. Run with --info or --debug option to get more log output. Run with --scan to get full insights. Meeting Minutes - Celery.md Planning2ndVersion.pdf README.md assumptions.md build build.gradle design (1).pdf design.pdf design2ndVersion.pdf finaldesign.pdf gradle gradlew gradlew.bat planning.pdf src Get more help at https://help.gradle.org BUILD FAILED in 4s
Test 23-2
SwampTileTest > 23-2 Testing mercenaries can take double moves through swamps FAILED java.lang.IllegalArgumentException: This dungeon does not exist. at dungeonmania.DungeonManiaController.newGame(DungeonManiaController.java:110) at dungeonmania.controllerTest.Utils.newGame(Utils.java:37) at dungeonmania.controllerTest.SwampTileTest.testSwampSlowsMovementMercDoubleMove(SwampTileTest.java:42) FAILURE DONE 1 test completed, 1 failed FAILURE: Build failed with an exception. Meeting Minutes - Celery.md Planning2ndVersion.pdf README.md assumptions.md build build.gradle design (1).pdf design.pdf design2ndVersion.pdf finaldesign.pdf gradle gradlew gradlew.bat planning.pdf src What went wrong: Execution failed for task ':test'. > There were failing tests. See the report at: file:///Users/braedonwooding/project-automarking/w15a_celery/build/reports/tests/test/index.html Meeting Minutes - Celery.md Planning2ndVersion.pdf README.md assumptions.md build build.gradle design (1).pdf design.pdf design2ndVersion.pdf finaldesign.pdf gradle gradlew gradlew.bat planning.pdf src Try: Run with --stacktrace option to get the stack trace. Run with --info or --debug option to get more log output. Run with --scan to get full insights. Meeting Minutes - Celery.md Planning2ndVersion.pdf README.md assumptions.md build build.gradle design (1).pdf design.pdf design2ndVersion.pdf finaldesign.pdf gradle gradlew gradlew.bat planning.pdf src Get more help at https://help.gradle.org BUILD FAILED in 4s
Test 23-3
SwampTileTest > 23-3 Testing if mercenaries take into account movement factor when pathfinding FAILED java.lang.IllegalArgumentException: This dungeon does not exist. at dungeonmania.DungeonManiaController.newGame(DungeonManiaController.java:110) at dungeonmania.controllerTest.Utils.newGame(Utils.java:37) at dungeonmania.controllerTest.SwampTileTest.testMercenaryPathfindsWithSwamp(SwampTileTest.java:60) FAILURE DONE 1 test completed, 1 failed FAILURE: Build failed with an exception. Meeting Minutes - Celery.md Planning2ndVersion.pdf README.md assumptions.md build build.gradle design (1).pdf design.pdf design2ndVersion.pdf finaldesign.pdf gradle gradlew gradlew.bat planning.pdf src What went wrong: Execution failed for task ':test'. > There were failing tests. See the report at: file:///Users/braedonwooding/project-automarking/w15a_celery/build/reports/tests/test/index.html Meeting Minutes - Celery.md Planning2ndVersion.pdf README.md assumptions.md build build.gradle design (1).pdf design.pdf design2ndVersion.pdf finaldesign.pdf gradle gradlew gradlew.bat planning.pdf src Try: Run with --stacktrace option to get the stack trace. Run with --info or --debug option to get more log output. Run with --scan to get full insights. Meeting Minutes - Celery.md Planning2ndVersion.pdf README.md assumptions.md build build.gradle design (1).pdf design.pdf design2ndVersion.pdf finaldesign.pdf gradle gradlew gradlew.bat planning.pdf src Get more help at https://help.gradle.org BUILD FAILED in 4s
Test 21-1
GenerateTest > 21-1 Testing dungeon generation creates reasonable proportion of walls FAILED org.opentest4j.AssertionFailedError: expected: <Position [x=20, y=48, z=0]> but was: <Position [x=48, y=20, z=0]> at org.junit.jupiter.api.AssertionUtils.fail(AssertionUtils.java:55) at org.junit.jupiter.api.AssertionUtils.failNotEqual(AssertionUtils.java:62) at org.junit.jupiter.api.AssertEquals.assertEquals(AssertEquals.java:182) at org.junit.jupiter.api.AssertEquals.assertEquals(AssertEquals.java:177) at org.junit.jupiter.api.Assertions.assertEquals(Assertions.java:1141) at dungeonmania.controllerTest.GenerateTest.testGenerateDungeon(GenerateTest.java:50) FAILURE DONE 1 test completed, 1 failed FAILURE: Build failed with an exception. Meeting Minutes - Celery.md Planning2ndVersion.pdf README.md assumptions.md build build.gradle design (1).pdf design.pdf design2ndVersion.pdf finaldesign.pdf gradle gradlew gradlew.bat planning.pdf src What went wrong: Execution failed for task ':test'. > There were failing tests. See the report at: file:///Users/braedonwooding/project-automarking/w15a_celery/build/reports/tests/test/index.html Meeting Minutes - Celery.md Planning2ndVersion.pdf README.md assumptions.md build build.gradle design (1).pdf design.pdf design2ndVersion.pdf finaldesign.pdf gradle gradlew gradlew.bat planning.pdf src Try: Run with --stacktrace option to get the stack trace. Run with --info or --debug option to get more log output. Run with --scan to get full insights. Meeting Minutes - Celery.md Planning2ndVersion.pdf README.md assumptions.md build build.gradle design (1).pdf design.pdf design2ndVersion.pdf finaldesign.pdf gradle gradlew gradlew.bat planning.pdf src Get more help at https://help.gradle.org BUILD FAILED in 6s
Test 21-2
SUCCESS DONE
Test 22-1
TimeTravelTest > 22-1 Testing rewinding fails without a time turner FAILED java.lang.IllegalArgumentException: This dungeon does not exist. at dungeonmania.DungeonManiaController.newGame(DungeonManiaController.java:110) at dungeonmania.controllerTest.Utils.newGame(Utils.java:37) at dungeonmania.controllerTest.TimeTravelTest.testRewindMethod(TimeTravelTest.java:32) FAILURE DONE 1 test completed, 1 failed FAILURE: Build failed with an exception. Meeting Minutes - Celery.md Planning2ndVersion.pdf README.md assumptions.md build build.gradle design (1).pdf design.pdf design2ndVersion.pdf finaldesign.pdf gradle gradlew gradlew.bat planning.pdf src What went wrong: Execution failed for task ':test'. > There were failing tests. See the report at: file:///Users/braedonwooding/project-automarking/w15a_celery/build/reports/tests/test/index.html Meeting Minutes - Celery.md Planning2ndVersion.pdf README.md assumptions.md build build.gradle design (1).pdf design.pdf design2ndVersion.pdf finaldesign.pdf gradle gradlew gradlew.bat planning.pdf src Try: Run with --stacktrace option to get the stack trace. Run with --info or --debug option to get more log output. Run with --scan to get full insights. Meeting Minutes - Celery.md Planning2ndVersion.pdf README.md assumptions.md build build.gradle design (1).pdf design.pdf design2ndVersion.pdf finaldesign.pdf gradle gradlew gradlew.bat planning.pdf src Get more help at https://help.gradle.org BUILD FAILED in 4s
Test 22-2
TimeTravelTest > 22-2 Test picking up a time turner adds to inventory FAILED java.lang.IllegalArgumentException: This dungeon does not exist. at dungeonmania.DungeonManiaController.newGame(DungeonManiaController.java:110) at dungeonmania.controllerTest.Utils.newGame(Utils.java:37) at dungeonmania.controllerTest.TimeTravelTest.testPickUpTimeTurner(TimeTravelTest.java:61) FAILURE DONE 1 test completed, 1 failed FAILURE: Build failed with an exception. Meeting Minutes - Celery.md Planning2ndVersion.pdf README.md assumptions.md build build.gradle design (1).pdf design.pdf design2ndVersion.pdf finaldesign.pdf gradle gradlew gradlew.bat planning.pdf src What went wrong: Execution failed for task ':test'. > There were failing tests. See the report at: file:///Users/braedonwooding/project-automarking/w15a_celery/build/reports/tests/test/index.html Meeting Minutes - Celery.md Planning2ndVersion.pdf README.md assumptions.md build build.gradle design (1).pdf design.pdf design2ndVersion.pdf finaldesign.pdf gradle gradlew gradlew.bat planning.pdf src Try: Run with --stacktrace option to get the stack trace. Run with --info or --debug option to get more log output. Run with --scan to get full insights. Meeting Minutes - Celery.md Planning2ndVersion.pdf README.md assumptions.md build build.gradle design (1).pdf design.pdf design2ndVersion.pdf finaldesign.pdf gradle gradlew gradlew.bat planning.pdf src Get more help at https://help.gradle.org BUILD FAILED in 4s
Test 22-3
TimeTravelTest > 22-3 Test using a time turner, 1 tick back FAILED java.lang.IllegalArgumentException: This dungeon does not exist. at dungeonmania.DungeonManiaController.newGame(DungeonManiaController.java:110) at dungeonmania.controllerTest.Utils.newGame(Utils.java:37) at dungeonmania.controllerTest.TimeTravelTest.testUseTimeTurnerOneTick(TimeTravelTest.java:77) FAILURE DONE 1 test completed, 1 failed FAILURE: Build failed with an exception. Meeting Minutes - Celery.md Planning2ndVersion.pdf README.md assumptions.md build build.gradle design (1).pdf design.pdf design2ndVersion.pdf finaldesign.pdf gradle gradlew gradlew.bat planning.pdf src What went wrong: Execution failed for task ':test'. > There were failing tests. See the report at: file:///Users/braedonwooding/project-automarking/w15a_celery/build/reports/tests/test/index.html Meeting Minutes - Celery.md Planning2ndVersion.pdf README.md assumptions.md build build.gradle design (1).pdf design.pdf design2ndVersion.pdf finaldesign.pdf gradle gradlew gradlew.bat planning.pdf src Try: Run with --stacktrace option to get the stack trace. Run with --info or --debug option to get more log output. Run with --scan to get full insights. Meeting Minutes - Celery.md Planning2ndVersion.pdf README.md assumptions.md build build.gradle design (1).pdf design.pdf design2ndVersion.pdf finaldesign.pdf gradle gradlew gradlew.bat planning.pdf src Get more help at https://help.gradle.org BUILD FAILED in 4s
Test 22-4
TimeTravelTest > 22-4 Test using a time turner, 5 ticks back FAILED java.lang.IllegalArgumentException: This dungeon does not exist. at dungeonmania.DungeonManiaController.newGame(DungeonManiaController.java:110) at dungeonmania.controllerTest.Utils.newGame(Utils.java:37) at dungeonmania.controllerTest.TimeTravelTest.testUseTimeTurnerFiveTicks(TimeTravelTest.java:114) FAILURE DONE 1 test completed, 1 failed FAILURE: Build failed with an exception. Meeting Minutes - Celery.md Planning2ndVersion.pdf README.md assumptions.md build build.gradle design (1).pdf design.pdf design2ndVersion.pdf finaldesign.pdf gradle gradlew gradlew.bat planning.pdf src What went wrong: Execution failed for task ':test'. > There were failing tests. See the report at: file:///Users/braedonwooding/project-automarking/w15a_celery/build/reports/tests/test/index.html Meeting Minutes - Celery.md Planning2ndVersion.pdf README.md assumptions.md build build.gradle design (1).pdf design.pdf design2ndVersion.pdf finaldesign.pdf gradle gradlew gradlew.bat planning.pdf src Try: Run with --stacktrace option to get the stack trace. Run with --info or --debug option to get more log output. Run with --scan to get full insights. Meeting Minutes - Celery.md Planning2ndVersion.pdf README.md assumptions.md build build.gradle design (1).pdf design.pdf design2ndVersion.pdf finaldesign.pdf gradle gradlew gradlew.bat planning.pdf src Get more help at https://help.gradle.org BUILD FAILED in 4s
Test 22-5
TimeTravelTest > 22-5 Test time travel portals FAILED java.lang.IllegalArgumentException: This dungeon does not exist. at dungeonmania.DungeonManiaController.newGame(DungeonManiaController.java:110) at dungeonmania.controllerTest.Utils.newGame(Utils.java:37) at dungeonmania.controllerTest.TimeTravelTest.testTimeTravellingPortal(TimeTravelTest.java:160) FAILURE DONE 1 test completed, 1 failed FAILURE: Build failed with an exception. Meeting Minutes - Celery.md Planning2ndVersion.pdf README.md assumptions.md build build.gradle design (1).pdf design.pdf design2ndVersion.pdf finaldesign.pdf gradle gradlew gradlew.bat planning.pdf src What went wrong: Execution failed for task ':test'. > There were failing tests. See the report at: file:///Users/braedonwooding/project-automarking/w15a_celery/build/reports/tests/test/index.html Meeting Minutes - Celery.md Planning2ndVersion.pdf README.md assumptions.md build build.gradle design (1).pdf design.pdf design2ndVersion.pdf finaldesign.pdf gradle gradlew gradlew.bat planning.pdf src Try: Run with --stacktrace option to get the stack trace. Run with --info or --debug option to get more log output. Run with --scan to get full insights. Meeting Minutes - Celery.md Planning2ndVersion.pdf README.md assumptions.md build build.gradle design (1).pdf design.pdf design2ndVersion.pdf finaldesign.pdf gradle gradlew gradlew.bat planning.pdf src Get more help at https://help.gradle.org BUILD FAILED in 4s
Test 22-6
TimeTravelTest > 22-6 Test non player moving entities cannot move through time travel portal FAILED java.lang.IllegalArgumentException: This dungeon does not exist. at dungeonmania.DungeonManiaController.newGame(DungeonManiaController.java:110) at dungeonmania.controllerTest.Utils.newGame(Utils.java:37) at dungeonmania.controllerTest.TimeTravelTest.testTimeTravellingPortalNotPlayer(TimeTravelTest.java:206) FAILURE DONE 1 test completed, 1 failed FAILURE: Build failed with an exception. Meeting Minutes - Celery.md Planning2ndVersion.pdf README.md assumptions.md build build.gradle design (1).pdf design.pdf design2ndVersion.pdf finaldesign.pdf gradle gradlew gradlew.bat planning.pdf src What went wrong: Execution failed for task ':test'. > There were failing tests. See the report at: file:///Users/braedonwooding/project-automarking/w15a_celery/build/reports/tests/test/index.html Meeting Minutes - Celery.md Planning2ndVersion.pdf README.md assumptions.md build build.gradle design (1).pdf design.pdf design2ndVersion.pdf finaldesign.pdf gradle gradlew gradlew.bat planning.pdf src Try: Run with --stacktrace option to get the stack trace. Run with --info or --debug option to get more log output. Run with --scan to get full insights. Meeting Minutes - Celery.md Planning2ndVersion.pdf README.md assumptions.md build build.gradle design (1).pdf design.pdf design2ndVersion.pdf finaldesign.pdf gradle gradlew gradlew.bat planning.pdf src Get more help at https://help.gradle.org BUILD FAILED in 4s
Test 22-7
TimeTravelTest > 22-7 Test older self is present when time travelling through portal FAILED java.lang.IllegalArgumentException: This dungeon does not exist. at dungeonmania.DungeonManiaController.newGame(DungeonManiaController.java:110) at dungeonmania.controllerTest.Utils.newGame(Utils.java:37) at dungeonmania.controllerTest.TimeTravelTest.testOlderSelfTimeTravellingPortal(TimeTravelTest.java:226) FAILURE DONE 1 test completed, 1 failed FAILURE: Build failed with an exception. Meeting Minutes - Celery.md Planning2ndVersion.pdf README.md assumptions.md build build.gradle design (1).pdf design.pdf design2ndVersion.pdf finaldesign.pdf gradle gradlew gradlew.bat planning.pdf src What went wrong: Execution failed for task ':test'. > There were failing tests. See the report at: file:///Users/braedonwooding/project-automarking/w15a_celery/build/reports/tests/test/index.html Meeting Minutes - Celery.md Planning2ndVersion.pdf README.md assumptions.md build build.gradle design (1).pdf design.pdf design2ndVersion.pdf finaldesign.pdf gradle gradlew gradlew.bat planning.pdf src Try: Run with --stacktrace option to get the stack trace. Run with --info or --debug option to get more log output. Run with --scan to get full insights. Meeting Minutes - Celery.md Planning2ndVersion.pdf README.md assumptions.md build build.gradle design (1).pdf design.pdf design2ndVersion.pdf finaldesign.pdf gradle gradlew gradlew.bat planning.pdf src Get more help at https://help.gradle.org BUILD FAILED in 5s
Test 24-1
LogicGatesTest > 24-1 Test light bulbs and wires are not collectable FAILED java.lang.IllegalArgumentException: This dungeon does not exist. at dungeonmania.DungeonManiaController.newGame(DungeonManiaController.java:110) at dungeonmania.controllerTest.Utils.newGame(Utils.java:37) at dungeonmania.controllerTest.LogicGatesTest.LightBulbAndWireNotCollectable(LogicGatesTest.java:23) FAILURE DONE 1 test completed, 1 failed FAILURE: Build failed with an exception. Meeting Minutes - Celery.md Planning2ndVersion.pdf README.md assumptions.md build build.gradle design (1).pdf design.pdf design2ndVersion.pdf finaldesign.pdf gradle gradlew gradlew.bat planning.pdf src What went wrong: Execution failed for task ':test'. > There were failing tests. See the report at: file:///Users/braedonwooding/project-automarking/w15a_celery/build/reports/tests/test/index.html Meeting Minutes - Celery.md Planning2ndVersion.pdf README.md assumptions.md build build.gradle design (1).pdf design.pdf design2ndVersion.pdf finaldesign.pdf gradle gradlew gradlew.bat planning.pdf src Try: Run with --stacktrace option to get the stack trace. Run with --info or --debug option to get more log output. Run with --scan to get full insights. Meeting Minutes - Celery.md Planning2ndVersion.pdf README.md assumptions.md build build.gradle design (1).pdf design.pdf design2ndVersion.pdf finaldesign.pdf gradle gradlew gradlew.bat planning.pdf src Get more help at https://help.gradle.org BUILD FAILED in 5s
Test 24-2
LogicGatesTest > 24-2 Test turning on a light bulb FAILED java.lang.IllegalArgumentException: This dungeon does not exist. at dungeonmania.DungeonManiaController.newGame(DungeonManiaController.java:110) at dungeonmania.controllerTest.Utils.newGame(Utils.java:37) at dungeonmania.controllerTest.LogicGatesTest.TurnOnLightBulb(LogicGatesTest.java:49) FAILURE DONE 1 test completed, 1 failed FAILURE: Build failed with an exception. Meeting Minutes - Celery.md Planning2ndVersion.pdf README.md assumptions.md build build.gradle design (1).pdf design.pdf design2ndVersion.pdf finaldesign.pdf gradle gradlew gradlew.bat planning.pdf src What went wrong: Execution failed for task ':test'. > There were failing tests. See the report at: file:///Users/braedonwooding/project-automarking/w15a_celery/build/reports/tests/test/index.html Meeting Minutes - Celery.md Planning2ndVersion.pdf README.md assumptions.md build build.gradle design (1).pdf design.pdf design2ndVersion.pdf finaldesign.pdf gradle gradlew gradlew.bat planning.pdf src Try: Run with --stacktrace option to get the stack trace. Run with --info or --debug option to get more log output. Run with --scan to get full insights. Meeting Minutes - Celery.md Planning2ndVersion.pdf README.md assumptions.md build build.gradle design (1).pdf design.pdf design2ndVersion.pdf finaldesign.pdf gradle gradlew gradlew.bat planning.pdf src Get more help at https://help.gradle.org BUILD FAILED in 4s
Test 24-3
LogicGatesTest > 24-3 Test activating a wire and exploding a bomb FAILED java.lang.IllegalArgumentException: This dungeon does not exist. at dungeonmania.DungeonManiaController.newGame(DungeonManiaController.java:110) at dungeonmania.controllerTest.Utils.newGame(Utils.java:37) at dungeonmania.controllerTest.LogicGatesTest.ActivateWireAndExplodeBomb(LogicGatesTest.java:71) FAILURE DONE 1 test completed, 1 failed FAILURE: Build failed with an exception. Meeting Minutes - Celery.md Planning2ndVersion.pdf README.md assumptions.md build build.gradle design (1).pdf design.pdf design2ndVersion.pdf finaldesign.pdf gradle gradlew gradlew.bat planning.pdf src What went wrong: Execution failed for task ':test'. > There were failing tests. See the report at: file:///Users/braedonwooding/project-automarking/w15a_celery/build/reports/tests/test/index.html Meeting Minutes - Celery.md Planning2ndVersion.pdf README.md assumptions.md build build.gradle design (1).pdf design.pdf design2ndVersion.pdf finaldesign.pdf gradle gradlew gradlew.bat planning.pdf src Try: Run with --stacktrace option to get the stack trace. Run with --info or --debug option to get more log output. Run with --scan to get full insights. Meeting Minutes - Celery.md Planning2ndVersion.pdf README.md assumptions.md build build.gradle design (1).pdf design.pdf design2ndVersion.pdf finaldesign.pdf gradle gradlew gradlew.bat planning.pdf src Get more help at https://help.gradle.org BUILD FAILED in 4s
Test 24-4
LogicGatesTest > 24-4 Test complex logic switches light bulb And FAILED java.lang.IllegalArgumentException: This dungeon does not exist. at dungeonmania.DungeonManiaController.newGame(DungeonManiaController.java:110) at dungeonmania.controllerTest.Utils.newGame(Utils.java:37) at dungeonmania.controllerTest.LogicGatesTest.ComplexLogicSwitchesLightBulbAnd(LogicGatesTest.java:108) FAILURE DONE 1 test completed, 1 failed FAILURE: Build failed with an exception. Meeting Minutes - Celery.md Planning2ndVersion.pdf README.md assumptions.md build build.gradle design (1).pdf design.pdf design2ndVersion.pdf finaldesign.pdf gradle gradlew gradlew.bat planning.pdf src What went wrong: Execution failed for task ':test'. > There were failing tests. See the report at: file:///Users/braedonwooding/project-automarking/w15a_celery/build/reports/tests/test/index.html Meeting Minutes - Celery.md Planning2ndVersion.pdf README.md assumptions.md build build.gradle design (1).pdf design.pdf design2ndVersion.pdf finaldesign.pdf gradle gradlew gradlew.bat planning.pdf src Try: Run with --stacktrace option to get the stack trace. Run with --info or --debug option to get more log output. Run with --scan to get full insights. Meeting Minutes - Celery.md Planning2ndVersion.pdf README.md assumptions.md build build.gradle design (1).pdf design.pdf design2ndVersion.pdf finaldesign.pdf gradle gradlew gradlew.bat planning.pdf src Get more help at https://help.gradle.org BUILD FAILED in 4s
Test 24-5
LogicGatesTest > 24-5 Test complex logic switches light bulb Xor FAILED java.lang.IllegalArgumentException: This dungeon does not exist. at dungeonmania.DungeonManiaController.newGame(DungeonManiaController.java:110) at dungeonmania.controllerTest.Utils.newGame(Utils.java:37) at dungeonmania.controllerTest.LogicGatesTest.ComplexLogicSwitchesLightBulbXor(LogicGatesTest.java:146) FAILURE DONE 1 test completed, 1 failed FAILURE: Build failed with an exception. Meeting Minutes - Celery.md Planning2ndVersion.pdf README.md assumptions.md build build.gradle design (1).pdf design.pdf design2ndVersion.pdf finaldesign.pdf gradle gradlew gradlew.bat planning.pdf src What went wrong: Execution failed for task ':test'. > There were failing tests. See the report at: file:///Users/braedonwooding/project-automarking/w15a_celery/build/reports/tests/test/index.html Meeting Minutes - Celery.md Planning2ndVersion.pdf README.md assumptions.md build build.gradle design (1).pdf design.pdf design2ndVersion.pdf finaldesign.pdf gradle gradlew gradlew.bat planning.pdf src Try: Run with --stacktrace option to get the stack trace. Run with --info or --debug option to get more log output. Run with --scan to get full insights. Meeting Minutes - Celery.md Planning2ndVersion.pdf README.md assumptions.md build build.gradle design (1).pdf design.pdf design2ndVersion.pdf finaldesign.pdf gradle gradlew gradlew.bat planning.pdf src Get more help at https://help.gradle.org BUILD FAILED in 4s
Test 24-6
LogicGatesTest > 24-6 Test activate switch door FAILED java.lang.IllegalArgumentException: This dungeon does not exist. at dungeonmania.DungeonManiaController.newGame(DungeonManiaController.java:110) at dungeonmania.controllerTest.Utils.newGame(Utils.java:37) at dungeonmania.controllerTest.LogicGatesTest.SwitchDoor(LogicGatesTest.java:184) FAILURE DONE 1 test completed, 1 failed FAILURE: Build failed with an exception. Meeting Minutes - Celery.md Planning2ndVersion.pdf README.md assumptions.md build build.gradle design (1).pdf design.pdf design2ndVersion.pdf finaldesign.pdf gradle gradlew gradlew.bat planning.pdf src What went wrong: Execution failed for task ':test'. > There were failing tests. See the report at: file:///Users/braedonwooding/project-automarking/w15a_celery/build/reports/tests/test/index.html Meeting Minutes - Celery.md Planning2ndVersion.pdf README.md assumptions.md build build.gradle design (1).pdf design.pdf design2ndVersion.pdf finaldesign.pdf gradle gradlew gradlew.bat planning.pdf src Try: Run with --stacktrace option to get the stack trace. Run with --info or --debug option to get more log output. Run with --scan to get full insights. Meeting Minutes - Celery.md Planning2ndVersion.pdf README.md assumptions.md build build.gradle design (1).pdf design.pdf design2ndVersion.pdf finaldesign.pdf gradle gradlew gradlew.bat planning.pdf src Get more help at https://help.gradle.org BUILD FAILED in 5s
